#
# A fatal error has been detected by the Java Runtime Environment:
#
#  EXCEPTION_UNCAUGHT_CXX_EXCEPTION (0xe06d7363) at pc=0x7774c5af, pid=5160, tid=4164
#
# JRE version: Java(TM) SE Runtime Environment (7.0_60-b19) (build 1.7.0_60-b19)
# Java VM: Java HotSpot(TM) Client VM (24.60-b09 mixed mode, sharing windows-x86 )
# Problematic frame:
# C  [KERNELBASE.dll+0xc5af]
#
# Failed to write core dump. Minidumps are not enabled by default on client versions of Windows
#
# If you would like to submit a bug report, please visit:
#   http://bugreport.sun.com/bugreport/crash.jsp
# The crash happened outside the Java Virtual Machine in native code.
# See problematic frame for where to report the bug.
#

---------------  T H R E A D  ---------------

Current thread (0x00cab400):  JavaThread "Thread-2" daemon [_thread_in_native, id=4164, stack(0x0c170000,0x0c1c0000)]

siginfo: ExceptionCode=0xe06d7363, ExceptionInformation=0x19930520 0x0c1be364 0x079bbf78 

Registers:
EAX=0x0c1be2cc, EBX=0x0c1be55c, ECX=0x00000003, EDX=0x00000000
ESP=0x0c1be2cc, EBP=0x0c1be31c, ESI=0x06f92668, EDI=0xffffffff
EIP=0x7774c5af, EFLAGS=0x00000206

Top of Stack: (sp=0x0c1be2cc)
0x0c1be2cc:   e06d7363 00000001 00000000 7774c5af
0x0c1be2dc:   00000003 19930520 0c1be364 079bbf78
0x0c1be2ec:   0c1be37c 6b5d75bf 0c1be364 0c1be37c
0x0c1be2fc:   0c1be30c 6b5d75f3 0cac4e08 0cac4df0
0x0c1be30c:   0c1be334 7e25aa5d 0cac4e08 0c1be364
0x0c1be31c:   0c1be354 6b5c9863 e06d7363 00000001
0x0c1be32c:   00000003 0c1be348 e06d7363 00000001
0x0c1be33c:   00000000 00000000 00000003 19930520 

Instructions: (pc=0x7774c5af)
0x7774c58f:   02 50 ff 75 14 8d 45 c4 50 e8 05 b0 02 00 83 c4
0x7774c59f:   0c eb 03 89 45 c0 8d 45 b0 50 ff 15 5c 11 74 77
0x7774c5af:   c9 c2 10 00 cc cc cc cc cc 8b ff 55 8b ec 56 8b
0x7774c5bf:   75 08 83 fe f4 72 18 83 fe f6 77 13 8d 45 08 50 


Register to memory mapping:

EAX=0x0c1be2cc is pointing into the stack for thread: 0x00cab400
EBX=0x0c1be55c is pointing into the stack for thread: 0x00cab400
ECX=0x00000003 is an unknown value
EDX=0x00000000 is an unknown value
ESP=0x0c1be2cc is pointing into the stack for thread: 0x00cab400
EBP=0x0c1be31c is pointing into the stack for thread: 0x00cab400
ESI=0x06f92668 is an unknown value
EDI=0xffffffff is an unknown value


Stack: [0x0c170000,0x0c1c0000],  sp=0x0c1be2cc,  free space=312k
Native frames: (J=compiled Java code, j=interpreted, Vv=VM code, C=native code)
C  [KERNELBASE.dll+0xc5af]
C  [MSVCR110.dll+0x19863]
C  [libut.dll+0xd47d]
C  [mclmcr.dll+0x10afd8]
C  [mclmcr.dll+0x10d135]
C  [mclmcr.dll+0xf014d]
C  [mclmcr.dll+0x15a5de]
C  [mclmcr.dll+0x15a112]
C  [nativemcl.dll+0xa4f86]
j  com.mathworks.toolbox.javabuilder.internal.MWMCR.mclInitializeComponentInstance(ZLjava/lang/String;Ljava/lang/String;Ljava/lang/String;Ljava/io/InputStream;ILjava/util/concurrent/Callable;Ljava/util/concurrent/Callable;)Lcom/mathworks/toolbox/javabuilder/internal/NativePtr;+0
j  com.mathworks.toolbox.javabuilder.internal.MWMCR.access$700(ZLjava/lang/String;Ljava/lang/String;Ljava/lang/String;Ljava/io/InputStream;ILjava/util/concurrent/Callable;Ljava/util/concurrent/Callable;)Lcom/mathworks/toolbox/javabuilder/internal/NativePtr;+12
j  com.mathworks.toolbox.javabuilder.internal.MWMCR$6.mclInitializeComponentInstance(ZLjava/lang/String;Ljava/lang/String;Ljava/lang/String;Ljava/io/InputStream;ILjava/util/concurrent/Callable;Ljava/util/concurrent/Callable;)Lcom/mathworks/toolbox/javabuilder/internal/NativePtr;+13
v  ~StubRoutines::call_stub
V  [jvm.dll+0x140e6a]
V  [jvm.dll+0x20529e]
V  [jvm.dll+0x140eed]
V  [jvm.dll+0x14d2ee]
V  [jvm.dll+0x14d515]
V  [jvm.dll+0xf1f99]
C  [java.dll+0x7d82]
j  sun.reflect.NativeMethodAccessorImpl.invoke(Ljava/lang/Object;[Ljava/lang/Object;)Ljava/lang/Object;+87
j  sun.reflect.DelegatingMethodAccessorImpl.invoke(Ljava/lang/Object;[Ljava/lang/Object;)Ljava/lang/Object;+6
j  java.lang.reflect.Method.invoke(Ljava/lang/Object;[Ljava/lang/Object;)Ljava/lang/Object;+57
j  com.mathworks.toolbox.javabuilder.internal.MWMCR$5.invoke(Ljava/lang/Object;Ljava/lang/reflect/Method;[Ljava/lang/Object;)Ljava/lang/Object;+8
j  com.sun.proxy.$Proxy0.mclInitializeComponentInstance(ZLjava/lang/String;Ljava/lang/String;Ljava/lang/String;Ljava/io/InputStream;ILjava/util/concurrent/Callable;Ljava/util/concurrent/Callable;)Lcom/mathworks/toolbox/javabuilder/internal/NativePtr;+58
v  ~StubRoutines::call_stub
V  [jvm.dll+0x140e6a]
V  [jvm.dll+0x20529e]
V  [jvm.dll+0x140eed]
V  [jvm.dll+0x14d2ee]
V  [jvm.dll+0x14d515]
V  [jvm.dll+0xf1f99]
C  [java.dll+0x7d82]
j  sun.reflect.NativeMethodAccessorImpl.invoke(Ljava/lang/Object;[Ljava/lang/Object;)Ljava/lang/Object;+87
j  sun.reflect.DelegatingMethodAccessorImpl.invoke(Ljava/lang/Object;[Ljava/lang/Object;)Ljava/lang/Object;+6
j  java.lang.reflect.Method.invoke(Ljava/lang/Object;[Ljava/lang/Object;)Ljava/lang/Object;+57
j  com.mathworks.toolbox.javabuilder.internal.MWMCR$4$1.call()Ljava/lang/Object;+11
j  com.mathworks.toolbox.javabuilder.internal.MCRThreadUtilities$CallableWrapper.call()Ljava/lang/Object;+4
j  java.util.concurrent.FutureTask.run()V+42
j  java.util.concurrent.ScheduledThreadPoolExecutor$ScheduledFutureTask.access$201(Ljava/util/concurrent/ScheduledThreadPoolExecutor$ScheduledFutureTask;)V+1
j  java.util.concurrent.ScheduledThreadPoolExecutor$ScheduledFutureTask.run()V+30
j  java.util.concurrent.ThreadPoolExecutor.runWorker(Ljava/util/concurrent/ThreadPoolExecutor$Worker;)V+95
j  java.util.concurrent.ThreadPoolExecutor$Worker.run()V+5
j  java.lang.Thread.run()V+11
v  ~StubRoutines::call_stub
V  [jvm.dll+0x140e6a]
V  [jvm.dll+0x20529e]
V  [jvm.dll+0x141035]
V  [jvm.dll+0x141097]
V  [jvm.dll+0xec49f]
V  [jvm.dll+0x1622dc]
V  [jvm.dll+0x162d37]
V  [jvm.dll+0x1a71e9]
C  [msvcr100.dll+0x5c556]
C  [msvcr100.dll+0x5c600]
C  [kernel32.dll+0x1344d]
C  [ntdll.dll+0x39802]
C  [ntdll.dll+0x397d5]

Java frames: (J=compiled Java code, j=interpreted, Vv=VM code)
j  com.mathworks.toolbox.javabuilder.internal.MWMCR.mclInitializeComponentInstance(ZLjava/lang/String;Ljava/lang/String;Ljava/lang/String;Ljava/io/InputStream;ILjava/util/concurrent/Callable;Ljava/util/concurrent/Callable;)Lcom/mathworks/toolbox/javabuilder/internal/NativePtr;+0
j  com.mathworks.toolbox.javabuilder.internal.MWMCR.access$700(ZLjava/lang/String;Ljava/lang/String;Ljava/lang/String;Ljava/io/InputStream;ILjava/util/concurrent/Callable;Ljava/util/concurrent/Callable;)Lcom/mathworks/toolbox/javabuilder/internal/NativePtr;+12
j  com.mathworks.toolbox.javabuilder.internal.MWMCR$6.mclInitializeComponentInstance(ZLjava/lang/String;Ljava/lang/String;Ljava/lang/String;Ljava/io/InputStream;ILjava/util/concurrent/Callable;Ljava/util/concurrent/Callable;)Lcom/mathworks/toolbox/javabuilder/internal/NativePtr;+13
v  ~StubRoutines::call_stub
j  sun.reflect.NativeMethodAccessorImpl.invoke0(Ljava/lang/reflect/Method;Ljava/lang/Object;[Ljava/lang/Object;)Ljava/lang/Object;+0
j  sun.reflect.NativeMethodAccessorImpl.invoke(Ljava/lang/Object;[Ljava/lang/Object;)Ljava/lang/Object;+87
j  sun.reflect.DelegatingMethodAccessorImpl.invoke(Ljava/lang/Object;[Ljava/lang/Object;)Ljava/lang/Object;+6
j  java.lang.reflect.Method.invoke(Ljava/lang/Object;[Ljava/lang/Object;)Ljava/lang/Object;+57
j  com.mathworks.toolbox.javabuilder.internal.MWMCR$5.invoke(Ljava/lang/Object;Ljava/lang/reflect/Method;[Ljava/lang/Object;)Ljava/lang/Object;+8
j  com.sun.proxy.$Proxy0.mclInitializeComponentInstance(ZLjava/lang/String;Ljava/lang/String;Ljava/lang/String;Ljava/io/InputStream;ILjava/util/concurrent/Callable;Ljava/util/concurrent/Callable;)Lcom/mathworks/toolbox/javabuilder/internal/NativePtr;+58
v  ~StubRoutines::call_stub
j  sun.reflect.NativeMethodAccessorImpl.invoke0(Ljava/lang/reflect/Method;Ljava/lang/Object;[Ljava/lang/Object;)Ljava/lang/Object;+0
j  sun.reflect.NativeMethodAccessorImpl.invoke(Ljava/lang/Object;[Ljava/lang/Object;)Ljava/lang/Object;+87
j  sun.reflect.DelegatingMethodAccessorImpl.invoke(Ljava/lang/Object;[Ljava/lang/Object;)Ljava/lang/Object;+6
j  java.lang.reflect.Method.invoke(Ljava/lang/Object;[Ljava/lang/Object;)Ljava/lang/Object;+57
j  com.mathworks.toolbox.javabuilder.internal.MWMCR$4$1.call()Ljava/lang/Object;+11
j  com.mathworks.toolbox.javabuilder.internal.MCRThreadUtilities$CallableWrapper.call()Ljava/lang/Object;+4
j  java.util.concurrent.FutureTask.run()V+42
j  java.util.concurrent.ScheduledThreadPoolExecutor$ScheduledFutureTask.access$201(Ljava/util/concurrent/ScheduledThreadPoolExecutor$ScheduledFutureTask;)V+1
j  java.util.concurrent.ScheduledThreadPoolExecutor$ScheduledFutureTask.run()V+30
j  java.util.concurrent.ThreadPoolExecutor.runWorker(Ljava/util/concurrent/ThreadPoolExecutor$Worker;)V+95
j  java.util.concurrent.ThreadPoolExecutor$Worker.run()V+5
j  java.lang.Thread.run()V+11
v  ~StubRoutines::call_stub

---------------  P R O C E S S  ---------------

Java Threads: ( => current thread )
  0x00cadc00 JavaThread "Connector Runnable" daemon [_thread_blocked, id=6452, stack(0x10060000,0x100b0000)]
  0x00cad400 JavaThread "EventMgr Dispatcher" daemon [_thread_in_native, id=5196, stack(0x0de80000,0x0ded0000)]
  0x00cac400 JavaThread "MATLAB Compiler Runtime" daemon [_thread_in_native, id=4480, stack(0x0d230000,0x0da30000)]
  0x00cabc00 JavaThread "Thread-3" [_thread_blocked, id=6800, stack(0x0c240000,0x0c290000)]
=>0x00cab400 JavaThread "Thread-2" daemon [_thread_in_native, id=4164, stack(0x0c170000,0x0c1c0000)]
  0x00cab000 JavaThread "DestroyJavaVM" [_thread_blocked, id=4616, stack(0x00e70000,0x00ec0000)]
  0x00caa800 JavaThread "AWT-EventQueue-0" [_thread_blocked, id=932, stack(0x05b40000,0x05b90000)]
  0x00ca9c00 JavaThread "AWT-Shutdown" [_thread_blocked, id=3448, stack(0x05030000,0x05080000)]
  0x00caa400 JavaThread "AWT-Windows" daemon [_thread_in_native, id=5668, stack(0x05100000,0x05150000)]
  0x00ca9800 JavaThread "Java2D Disposer" daemon [_thread_blocked, id=4204, stack(0x04fa0000,0x04ff0000)]
  0x00ca9000 JavaThread "Service Thread" daemon [_thread_blocked, id=6892, stack(0x04a90000,0x04ae0000)]
  0x00cb3c00 JavaThread "C1 CompilerThread0" daemon [_thread_blocked, id=4872, stack(0x04840000,0x04890000)]
  0x00ca8800 JavaThread "Attach Listener" daemon [_thread_blocked, id=4784, stack(0x04520000,0x04570000)]
  0x00ca8400 JavaThread "Signal Dispatcher" daemon [_thread_blocked, id=2568, stack(0x04620000,0x04670000)]
  0x00c3a000 JavaThread "Finalizer" daemon [_thread_blocked, id=4540, stack(0x047b0000,0x04800000)]
  0x00c38800 JavaThread "Reference Handler" daemon [_thread_blocked, id=796, stack(0x046f0000,0x04740000)]

Other Threads:
  0x00c37000 VMThread [stack: 0x043f0000,0x04440000] [id=6916]
  0x00cca400 WatcherThread [stack: 0x04b50000,0x04ba0000] [id=4644]

VM state:not at safepoint (normal execution)

VM Mutex/Monitor currently owned by a thread: None

Heap
 def new generation   total 4928K, used 1302K [0x24600000, 0x24b50000, 0x29b50000)
  eden space 4416K,  24% used [0x24600000, 0x2470dd10, 0x24a50000)
  from space 512K,  43% used [0x24ad0000, 0x24b07e70, 0x24b50000)
  to   space 512K,   0% used [0x24a50000, 0x24a50000, 0x24ad0000)
 tenured generation   total 10944K, used 2908K [0x29b50000, 0x2a600000, 0x34600000)
   the space 10944K,  26% used [0x29b50000, 0x29e27228, 0x29e27400, 0x2a600000)
 compacting perm gen  total 12288K, used 2122K [0x34600000, 0x35200000, 0x38600000)
   the space 12288K,  17% used [0x34600000, 0x348128b8, 0x34812a00, 0x35200000)
    ro space 10240K,  44% used [0x38600000, 0x38a7a7a8, 0x38a7a800, 0x39000000)
    rw space 12288K,  52% used [0x39000000, 0x39651db0, 0x39651e00, 0x39c00000)

Card table byte_map: [0x04300000,0x043b0000] byte_map_base: 0x041dd000

Polling page: 0x001a0000

Code Cache  [0x02300000, 0x02410000, 0x04300000)
 total_blobs=533 nmethods=325 adapters=145 free_code_cache=31682Kb largest_free_block=32442880

Compilation events (10 events):
Event: 46.681 Thread 0x00cb3c00  317             java.lang.ClassLoader::checkName (43 bytes)
Event: 46.681 Thread 0x00cb3c00 nmethod 317 0x0240d8c8 code [0x0240d9f0, 0x0240dba8]
Event: 46.681 Thread 0x00cb3c00  318             sun.misc.VM::allowArraySyntax (4 bytes)
Event: 46.682 Thread 0x00cb3c00 nmethod 318 0x0240dd88 code [0x0240de80, 0x0240df00]
Event: 46.702 Thread 0x00cb3c00  319             java.util.WeakHashMap::remove (133 bytes)
Event: 46.702 Thread 0x00cb3c00 nmethod 319 0x0240df48 code [0x0240e080, 0x0240e2e4]
Event: 46.990 Thread 0x00cb3c00  323             java.lang.String::indexOf (7 bytes)
Event: 46.990 Thread 0x00cb3c00 nmethod 323 0x0240ed08 code [0x0240ee10, 0x0240eedc]
Event: 48.085 Thread 0x00cb3c00  324             java.lang.ThreadLocal$ThreadLocalMap::access$000 (6 bytes)
Event: 48.086 Thread 0x00cb3c00 nmethod 324 0x0240f148 code [0x0240f240, 0x0240f2cc]

GC Heap History (10 events):
Event: 44.459 GC heap before
{Heap before GC invocations=4 (full 0):
 def new generation   total 4928K, used 4928K [0x24600000, 0x24b50000, 0x29b50000)
  eden space 4416K, 100% used [0x24600000, 0x24a50000, 0x24a50000)
  from space 512K, 100% used [0x24a50000, 0x24ad0000, 0x24ad0000)
  to   space 512K,   0% used [0x24ad0000, 0x24ad0000, 0x24b50000)
 tenured generation   total 10944K, used 2227K [0x29b50000, 0x2a600000, 0x34600000)
   the space 10944K,  20% used [0x29b50000, 0x29d7cfd8, 0x29d7d000, 0x2a600000)
 compacting perm gen  total 12288K, used 1653K [0x34600000, 0x35200000, 0x38600000)
   the space 12288K,  13% used [0x34600000, 0x3479d5e8, 0x3479d600, 0x35200000)
    ro space 10240K,  44% used [0x38600000, 0x38a7a7a8, 0x38a7a800, 0x39000000)
    rw space 12288K,  52% used [0x39000000, 0x39651db0, 0x39651e00, 0x39c00000)
Event: 44.461 GC heap after
Heap after GC invocations=5 (full 0):
 def new generation   total 4928K, used 184K [0x24600000, 0x24b50000, 0x29b50000)
  eden space 4416K,   0% used [0x24600000, 0x24600000, 0x24a50000)
  from space 512K,  35% used [0x24ad0000, 0x24afe098, 0x24b50000)
  to   space 512K,   0% used [0x24a50000, 0x24a50000, 0x24ad0000)
 tenured generation   total 10944K, used 2547K [0x29b50000, 0x2a600000, 0x34600000)
   the space 10944K,  23% used [0x29b50000, 0x29dccd70, 0x29dcce00, 0x2a600000)
 compacting perm gen  total 12288K, used 1653K [0x34600000, 0x35200000, 0x38600000)
   the space 12288K,  13% used [0x34600000, 0x3479d5e8, 0x3479d600, 0x35200000)
    ro space 10240K,  44% used [0x38600000, 0x38a7a7a8, 0x38a7a800, 0x39000000)
    rw space 12288K,  52% used [0x39000000, 0x39651db0, 0x39651e00, 0x39c00000)
}
Event: 46.397 GC heap before
{Heap before GC invocations=5 (full 0):
 def new generation   total 4928K, used 4600K [0x24600000, 0x24b50000, 0x29b50000)
  eden space 4416K, 100% used [0x24600000, 0x24a50000, 0x24a50000)
  from space 512K,  35% used [0x24ad0000, 0x24afe098, 0x24b50000)
  to   space 512K,   0% used [0x24a50000, 0x24a50000, 0x24ad0000)
 tenured generation   total 10944K, used 2547K [0x29b50000, 0x2a600000, 0x34600000)
   the space 10944K,  23% used [0x29b50000, 0x29dccd70, 0x29dcce00, 0x2a600000)
 compacting perm gen  total 12288K, used 1751K [0x34600000, 0x35200000, 0x38600000)
   the space 12288K,  14% used [0x34600000, 0x347b5df0, 0x347b5e00, 0x35200000)
    ro space 10240K,  44% used [0x38600000, 0x38a7a7a8, 0x38a7a800, 0x39000000)
    rw space 12288K,  52% used [0x39000000, 0x39651db0, 0x39651e00, 0x39c00000)
Event: 46.399 GC heap after
Heap after GC invocations=6 (full 0):
 def new generation   total 4928K, used 507K [0x24600000, 0x24b50000, 0x29b50000)
  eden space 4416K,   0% used [0x24600000, 0x24600000, 0x24a50000)
  from space 512K,  99% used [0x24a50000, 0x24acee78, 0x24ad0000)
  to   space 512K,   0% used [0x24ad0000, 0x24ad0000, 0x24b50000)
 tenured generation   total 10944K, used 2574K [0x29b50000, 0x2a600000, 0x34600000)
   the space 10944K,  23% used [0x29b50000, 0x29dd3b38, 0x29dd3c00, 0x2a600000)
 compacting perm gen  total 12288K, used 1751K [0x34600000, 0x35200000, 0x38600000)
   the space 12288K,  14% used [0x34600000, 0x347b5df0, 0x347b5e00, 0x35200000)
    ro space 10240K,  44% used [0x38600000, 0x38a7a7a8, 0x38a7a800, 0x39000000)
    rw space 12288K,  52% used [0x39000000, 0x39651db0, 0x39651e00, 0x39c00000)
}
Event: 46.659 GC heap before
{Heap before GC invocations=6 (full 0):
 def new generation   total 4928K, used 4923K [0x24600000, 0x24b50000, 0x29b50000)
  eden space 4416K, 100% used [0x24600000, 0x24a50000, 0x24a50000)
  from space 512K,  99% used [0x24a50000, 0x24acee78, 0x24ad0000)
  to   space 512K,   0% used [0x24ad0000, 0x24ad0000, 0x24b50000)
 tenured generation   total 10944K, used 2574K [0x29b50000, 0x2a600000, 0x34600000)
   the space 10944K,  23% used [0x29b50000, 0x29dd3b38, 0x29dd3c00, 0x2a600000)
 compacting perm gen  total 12288K, used 1888K [0x34600000, 0x35200000, 0x38600000)
   the space 12288K,  15% used [0x34600000, 0x347d8220, 0x347d8400, 0x35200000)
    ro space 10240K,  44% used [0x38600000, 0x38a7a7a8, 0x38a7a800, 0x39000000)
    rw space 12288K,  52% used [0x39000000, 0x39651db0, 0x39651e00, 0x39c00000)
Event: 46.661 GC heap after
Heap after GC invocations=7 (full 0):
 def new generation   total 4928K, used 163K [0x24600000, 0x24b50000, 0x29b50000)
  eden space 4416K,   0% used [0x24600000, 0x24600000, 0x24a50000)
  from space 512K,  31% used [0x24ad0000, 0x24af8eb0, 0x24b50000)
  to   space 512K,   0% used [0x24a50000, 0x24a50000, 0x24ad0000)
 tenured generation   total 10944K, used 2908K [0x29b50000, 0x2a600000, 0x34600000)
   the space 10944K,  26% used [0x29b50000, 0x29e27228, 0x29e27400, 0x2a600000)
 compacting perm gen  total 12288K, used 1888K [0x34600000, 0x35200000, 0x38600000)
   the space 12288K,  15% used [0x34600000, 0x347d8220, 0x347d8400, 0x35200000)
    ro space 10240K,  44% used [0x38600000, 0x38a7a7a8, 0x38a7a800, 0x39000000)
    rw space 12288K,  52% used [0x39000000, 0x39651db0, 0x39651e00, 0x39c00000)
}
Event: 46.714 GC heap before
{Heap before GC invocations=7 (full 0):
 def new generation   total 4928K, used 4579K [0x24600000, 0x24b50000, 0x29b50000)
  eden space 4416K, 100% used [0x24600000, 0x24a50000, 0x24a50000)
  from space 512K,  31% used [0x24ad0000, 0x24af8eb0, 0x24b50000)
  to   space 512K,   0% used [0x24a50000, 0x24a50000, 0x24ad0000)
 tenured generation   total 10944K, used 2908K [0x29b50000, 0x2a600000, 0x34600000)
   the space 10944K,  26% used [0x29b50000, 0x29e27228, 0x29e27400, 0x2a600000)
 compacting perm gen  total 12288K, used 1998K [0x34600000, 0x35200000, 0x38600000)
   the space 12288K,  16% used [0x34600000, 0x347f3840, 0x347f3a00, 0x35200000)
    ro space 10240K,  44% used [0x38600000, 0x38a7a7a8, 0x38a7a800, 0x39000000)
    rw space 12288K,  52% used [0x39000000, 0x39651db0, 0x39651e00, 0x39c00000)
Event: 46.715 GC heap after
Heap after GC invocations=8 (full 0):
 def new generation   total 4928K, used 242K [0x24600000, 0x24b50000, 0x29b50000)
  eden space 4416K,   0% used [0x24600000, 0x24600000, 0x24a50000)
  from space 512K,  47% used [0x24a50000, 0x24a8cb80, 0x24ad0000)
  to   space 512K,   0% used [0x24ad0000, 0x24ad0000, 0x24b50000)
 tenured generation   total 10944K, used 2908K [0x29b50000, 0x2a600000, 0x34600000)
   the space 10944K,  26% used [0x29b50000, 0x29e27228, 0x29e27400, 0x2a600000)
 compacting perm gen  total 12288K, used 1998K [0x34600000, 0x35200000, 0x38600000)
   the space 12288K,  16% used [0x34600000, 0x347f3840, 0x347f3a00, 0x35200000)
    ro space 10240K,  44% used [0x38600000, 0x38a7a7a8, 0x38a7a800, 0x39000000)
    rw space 12288K,  52% used [0x39000000, 0x39651db0, 0x39651e00, 0x39c00000)
}
Event: 49.890 GC heap before
{Heap before GC invocations=8 (full 0):
 def new generation   total 4928K, used 4658K [0x24600000, 0x24b50000, 0x29b50000)
  eden space 4416K, 100% used [0x24600000, 0x24a50000, 0x24a50000)
  from space 512K,  47% used [0x24a50000, 0x24a8cb80, 0x24ad0000)
  to   space 512K,   0% used [0x24ad0000, 0x24ad0000, 0x24b50000)
 tenured generation   total 10944K, used 2908K [0x29b50000, 0x2a600000, 0x34600000)
   the space 10944K,  26% used [0x29b50000, 0x29e27228, 0x29e27400, 0x2a600000)
 compacting perm gen  total 12288K, used 2084K [0x34600000, 0x35200000, 0x38600000)
   the space 12288K,  16% used [0x34600000, 0x348091d0, 0x34809200, 0x35200000)
    ro space 10240K,  44% used [0x38600000, 0x38a7a7a8, 0x38a7a800, 0x39000000)
    rw space 12288K,  52% used [0x39000000, 0x39651db0, 0x39651e00, 0x39c00000)
Event: 49.891 GC heap after
Heap after GC invocations=9 (full 0):
 def new generation   total 4928K, used 223K [0x24600000, 0x24b50000, 0x29b50000)
  eden space 4416K,   0% used [0x24600000, 0x24600000, 0x24a50000)
  from space 512K,  43% used [0x24ad0000, 0x24b07e70, 0x24b50000)
  to   space 512K,   0% used [0x24a50000, 0x24a50000, 0x24ad0000)
 tenured generation   total 10944K, used 2908K [0x29b50000, 0x2a600000, 0x34600000)
   the space 10944K,  26% used [0x29b50000, 0x29e27228, 0x29e27400, 0x2a600000)
 compacting perm gen  total 12288K, used 2084K [0x34600000, 0x35200000, 0x38600000)
   the space 12288K,  16% used [0x34600000, 0x348091d0, 0x34809200, 0x35200000)
    ro space 10240K,  44% used [0x38600000, 0x38a7a7a8, 0x38a7a800, 0x39000000)
    rw space 12288K,  52% used [0x39000000, 0x39651db0, 0x39651e00, 0x39c00000)
}

Deoptimization events (0 events):
No events

Internal exceptions (10 events):
Event: 49.899 Thread 0x00cac400 Threw 0x24647f50 at C:\re\jdk7u60\1081\hotspot\src\share\vm\prims\jvm.cpp:1244
Event: 49.899 Thread 0x00cac400 Threw 0x24649d08 at C:\re\jdk7u60\1081\hotspot\src\share\vm\prims\jvm.cpp:1244
Event: 49.901 Thread 0x00cac400 Threw 0x246656f0 at C:\re\jdk7u60\1081\hotspot\src\share\vm\prims\jvm.cpp:1244
Event: 49.901 Thread 0x00cac400 Threw 0x24667bf0 at C:\re\jdk7u60\1081\hotspot\src\share\vm\prims\jvm.cpp:1244
Event: 49.920 Thread 0x00cac400 Threw 0x24691928 at C:\re\jdk7u60\1081\hotspot\src\share\vm\prims\jvm.cpp:1244
Event: 49.920 Thread 0x00cac400 Threw 0x24693e20 at C:\re\jdk7u60\1081\hotspot\src\share\vm\prims\jvm.cpp:1244
Event: 49.922 Thread 0x00cac400 Threw 0x246b6cc0 at C:\re\jdk7u60\1081\hotspot\src\share\vm\prims\jvm.cpp:1244
Event: 49.922 Thread 0x00cac400 Threw 0x246b9078 at C:\re\jdk7u60\1081\hotspot\src\share\vm\prims\jvm.cpp:1244
Event: 49.923 Thread 0x00cac400 Threw 0x246d7e50 at C:\re\jdk7u60\1081\hotspot\src\share\vm\prims\jvm.cpp:1244
Event: 49.923 Thread 0x00cac400 Threw 0x246d9ba8 at C:\re\jdk7u60\1081\hotspot\src\share\vm\prims\jvm.cpp:1244

Events (10 events):
Event: 49.899 loading class 0x00ccd350
Event: 49.899 loading class 0x00ccd350 done
Event: 49.901 loading class 0x04cb3cb8
Event: 49.901 loading class 0x04cb3cb8 done
Event: 49.920 loading class 0x0f939bb0
Event: 49.920 loading class 0x0f939bb0 done
Event: 49.922 loading class 0x0fb5dce8
Event: 49.922 loading class 0x0fb5dce8 done
Event: 49.923 loading class 0x00ccd530
Event: 49.923 loading class 0x00ccd530 done


Dynamic libraries:
0x00ed0000 - 0x00eff000 	C:\Program Files (x86)\Java\jdk1.7.0_60\bin\java.exe
0x77cd0000 - 0x77e50000 	C:\Windows\SysWOW64\ntdll.dll
0x75be0000 - 0x75cf0000 	C:\Windows\syswow64\kernel32.dll
0x77740000 - 0x77787000 	C:\Windows\syswow64\KERNELBASE.dll
0x76300000 - 0x763a1000 	C:\Windows\syswow64\ADVAPI32.dll
0x777a0000 - 0x7784c000 	C:\Windows\syswow64\msvcrt.dll
0x76190000 - 0x761a9000 	C:\Windows\SysWOW64\sechost.dll
0x75af0000 - 0x75be0000 	C:\Windows\syswow64\RPCRT4.dll
0x753f0000 - 0x75450000 	C:\Windows\syswow64\SspiCli.dll
0x753e0000 - 0x753ec000 	C:\Windows\syswow64\CRYPTBASE.dll
0x756f0000 - 0x757f0000 	C:\Windows\syswow64\USER32.dll
0x75650000 - 0x756e0000 	C:\Windows\syswow64\GDI32.dll
0x76140000 - 0x7614a000 	C:\Windows\syswow64\LPK.dll
0x75450000 - 0x754ed000 	C:\Windows\syswow64\USP10.dll
0x72a80000 - 0x72c1e000 	C:\Windows\WinSxS\x86_microsoft.windows.common-controls_6595b64144ccf1df_6.0.7601.24380_none_2b2053e245779417\COMCTL32.dll
0x761d0000 - 0x76227000 	C:\Windows\syswow64\SHLWAPI.dll
0x773c0000 - 0x77420000 	C:\Windows\system32\IMM32.DLL
0x76230000 - 0x762fd000 	C:\Windows\syswow64\MSCTF.dll
0x71dd0000 - 0x71e8f000 	C:\Program Files (x86)\Java\jdk1.7.0_60\jre\bin\msvcr100.dll
0x6af00000 - 0x6b288000 	C:\Program Files (x86)\Java\jdk1.7.0_60\jre\bin\client\jvm.dll
0x73070000 - 0x73077000 	C:\Windows\system32\WSOCK32.dll
0x757f0000 - 0x75825000 	C:\Windows\syswow64\WS2_32.dll
0x76180000 - 0x76186000 	C:\Windows\syswow64\NSI.dll
0x70fa0000 - 0x70fd2000 	C:\Windows\system32\WINMM.dll
0x75850000 - 0x75855000 	C:\Windows\syswow64\PSAPI.DLL
0x72d00000 - 0x72d0c000 	C:\Program Files (x86)\Java\jdk1.7.0_60\jre\bin\verify.dll
0x727a0000 - 0x727c0000 	C:\Program Files (x86)\Java\jdk1.7.0_60\jre\bin\java.dll
0x724a0000 - 0x724b3000 	C:\Program Files (x86)\Java\jdk1.7.0_60\jre\bin\zip.dll
0x71a10000 - 0x71b53000 	C:\Program Files (x86)\Java\jdk1.7.0_60\jre\bin\awt.dll
0x77850000 - 0x778e2000 	C:\Windows\syswow64\OLEAUT32.dll
0x754f0000 - 0x7564f000 	C:\Windows\syswow64\ole32.dll
0x71c90000 - 0x71d10000 	C:\Windows\system32\uxtheme.dll
0x71570000 - 0x71583000 	C:\Windows\system32\dwmapi.dll
0x766c0000 - 0x7730c000 	C:\Windows\syswow64\SHELL32.dll
0x71d90000 - 0x71dc9000 	C:\Program Files (x86)\Java\jdk1.7.0_60\jre\bin\fontmanager.dll
0x713a0000 - 0x71563000 	C:\Windows\system32\d3d9.dll
0x71920000 - 0x71929000 	C:\Windows\system32\VERSION.dll
0x71390000 - 0x71396000 	C:\Windows\system32\d3d8thk.dll
0x65bd0000 - 0x6699e000 	C:\Windows\system32\nvd3dum.dll
0x71d60000 - 0x71d85000 	C:\Windows\system32\powrprof.dll
0x75870000 - 0x75a0d000 	C:\Windows\syswow64\SETUPAPI.dll
0x75ac0000 - 0x75ae7000 	C:\Windows\syswow64\CFGMGR32.dll
0x77310000 - 0x77322000 	C:\Windows\syswow64\DEVOBJ.dll
0x10000000 - 0x10012000 	C:\Program Files (x86)\Java\jdk1.7.0_60\jre\bin\rxtxSerial.dll
0x6c240000 - 0x6c267000 	C:\Windows\system32\crtdll.dll
0x00d70000 - 0x00d9b000 	C:\Program Files (x86)\MATLAB\R2015b\bin\win32\BuilderJABootstrap.dll
0x00de0000 - 0x00dec000 	C:\Program Files (x86)\MATLAB\R2015b\bin\win32\nativedl.dll
0x71980000 - 0x71a05000 	C:\Windows\system32\MSVCP110.dll
0x6b5b0000 - 0x6b686000 	C:\Windows\system32\MSVCR110.dll
0x7e240000 - 0x7e401000 	C:\Program Files (x86)\MATLAB\R2015b\bin\win32\libmwfl.dll
0x763c0000 - 0x763eb000 	C:\Windows\syswow64\imagehlp.dll
0x070f0000 - 0x071b9000 	C:\Program Files (x86)\MATLAB\R2015b\bin\win32\libmwi18n.dll
0x00df0000 - 0x00df7000 	C:\Program Files (x86)\MATLAB\R2015b\bin\win32\libmwresource_core.dll
0x71970000 - 0x7197c000 	C:\Program Files (x86)\MATLAB\R2015b\bin\win32\boost_date_time-vc110-mt-1_49.dll
0x71940000 - 0x71965000 	C:\Program Files (x86)\MATLAB\R2015b\bin\win32\boost_filesystem-vc110-mt-1_49.dll
0x71930000 - 0x71937000 	C:\Program Files (x86)\MATLAB\R2015b\bin\win32\boost_system-vc110-mt-1_49.dll
0x6fd30000 - 0x6fd3e000 	C:\Program Files (x86)\MATLAB\R2015b\bin\win32\boost_thread-vc110-mt-1_49.dll
0x6b590000 - 0x6b5af000 	C:\Program Files (x86)\MATLAB\R2015b\bin\win32\LIBEXPAT.dll
0x071c0000 - 0x07359000 	C:\Program Files (x86)\MATLAB\R2015b\bin\win32\icuin54.dll
0x07360000 - 0x0747f000 	C:\Program Files (x86)\MATLAB\R2015b\bin\win32\icuuc54.dll
0x643a0000 - 0x65bcc000 	C:\Program Files (x86)\MATLAB\R2015b\bin\win32\icudt54.dll
0x00ec0000 - 0x00ece000 	C:\Program Files (x86)\MATLAB\R2015b\bin\win32\icuio54.dll
0x6b510000 - 0x6b582000 	C:\Program Files (x86)\MATLAB\R2015b\bin\win32\boost_log-vc110-mt-1_49.dll
0x6b450000 - 0x6b506000 	C:\Program Files (x86)\MATLAB\R2015b\bin\win32\boost_regex-vc110-mt-1_49.dll
0x6b410000 - 0x6b44d000 	C:\Program Files (x86)\MATLAB\R2015b\bin\win32\boost_serialization-vc110-mt-1_49.dll
0x6b400000 - 0x6b40f000 	C:\Program Files (x86)\MATLAB\R2015b\bin\win32\boost_signals-vc110-mt-1_49.dll
0x6aec0000 - 0x6aef1000 	C:\Program Files (x86)\MATLAB\R2015b\bin\win32\tbb.dll
0x07750000 - 0x0794d000 	C:\Program Files (x86)\MATLAB\R2015b\bin\win32\nativemcl.dll
0x07950000 - 0x079f2000 	C:\Program Files (x86)\MATLAB\R2015b\bin\win32\libut.dll
0x7dd60000 - 0x7deb6000 	C:\Program Files (x86)\MATLAB\R2015b\bin\win32\libmx.dll
0x6ae90000 - 0x6aeb6000 	C:\Program Files (x86)\MATLAB\R2015b\bin\win32\tbbmalloc.dll
0x6ae70000 - 0x6ae84000 	C:\Program Files (x86)\MATLAB\R2015b\bin\win32\zlib1.dll
0x07a00000 - 0x07e94000 	C:\Program Files (x86)\MATLAB\R2015b\bin\win32\libmwservices.dll
0x043c0000 - 0x043d3000 	C:\Program Files (x86)\MATLAB\R2015b\bin\win32\display_device.dll
0x7dd20000 - 0x7dd5f000 	C:\Program Files (x86)\MATLAB\R2015b\bin\win32\libmwregexp.dll
0x04890000 - 0x048d3000 	C:\Program Files (x86)\MATLAB\R2015b\bin\win32\mpath.dll
0x07ea0000 - 0x08222000 	C:\Program Files (x86)\MATLAB\R2015b\bin\win32\libmwms.dll
0x6b3f0000 - 0x6b3fd000 	C:\Program Files (x86)\MATLAB\R2015b\bin\win32\boost_iostreams-vc110-mt-1_49.dll
0x72ca0000 - 0x72cdc000 	C:\Windows\system32\MSWSOCK.dll
0x7d640000 - 0x7da52000 	C:\Program Files (x86)\MATLAB\R2015b\bin\win32\mlutil.dll
0x08230000 - 0x08492000 	C:\Program Files (x86)\MATLAB\R2015b\bin\win32\settingscore.dll
0x7d370000 - 0x7d3d2000 	C:\Program Files (x86)\MATLAB\R2015b\bin\win32\xmlcore.dll
0x12000000 - 0x121dd000 	C:\Program Files (x86)\MATLAB\R2015b\bin\win32\xerces-c_3_1.dll
0x7d180000 - 0x7d185000 	C:\Program Files (x86)\MATLAB\R2015b\bin\win32\libmwnativedisplay.dll
0x7d130000 - 0x7d178000 	C:\Program Files (x86)\MATLAB\R2015b\bin\win32\opccore.dll
0x084a0000 - 0x08599000 	C:\Program Files (x86)\MATLAB\R2015b\bin\win32\opcmodel.dll
0x085a0000 - 0x087e1000 	C:\Program Files (x86)\MATLAB\R2015b\bin\win32\libmwflnetwork.dll
0x7d060000 - 0x7d084000 	C:\Program Files (x86)\MATLAB\R2015b\bin\win32\opczippackage.dll
0x6ae60000 - 0x6ae6e000 	C:\Program Files (x86)\MATLAB\R2015b\bin\win32\libminizip.dll
0x087f0000 - 0x08952000 	C:\Program Files (x86)\MATLAB\R2015b\bin\win32\opcmwservices.dll
0x04440000 - 0x04458000 	C:\Program Files (x86)\MATLAB\R2015b\bin\win32\webproxy.dll
0x6fe30000 - 0x6fe88000 	C:\Windows\system32\WINHTTP.dll
0x6fde0000 - 0x6fe30000 	C:\Windows\system32\webio.dll
0x77430000 - 0x774ab000 	C:\Windows\syswow64\comdlg32.dll
0x72080000 - 0x72091000 	C:\Windows\system32\netapi32.dll
0x72070000 - 0x72079000 	C:\Windows\system32\netutils.dll
0x72050000 - 0x72069000 	C:\Windows\system32\srvcli.dll
0x72040000 - 0x7204f000 	C:\Windows\system32\wkscli.dll
0x6ace0000 - 0x6ae52000 	C:\Program Files (x86)\MATLAB\R2015b\bin\win32\pocofoundation.dll
0x72960000 - 0x7297c000 	C:\Windows\system32\IPHLPAPI.DLL
0x72950000 - 0x72957000 	C:\Windows\system32\WINNSI.DLL
0x6ac00000 - 0x6acd3000 	C:\Program Files (x86)\MATLAB\R2015b\bin\win32\poconet.dll
0x6abc0000 - 0x6abf8000 	C:\Program Files (x86)\MATLAB\R2015b\bin\win32\poconetssl.dll
0x6aaa0000 - 0x6abc0000 	C:\Program Files (x86)\MATLAB\R2015b\bin\win32\LIBEAY32.dll
0x6aa50000 - 0x6aa97000 	C:\Program Files (x86)\MATLAB\R2015b\bin\win32\SSLEAY32.dll
0x6aa30000 - 0x6aa50000 	C:\Program Files (x86)\MATLAB\R2015b\bin\win32\PocoCrypto.dll
0x6a9c0000 - 0x6aa22000 	C:\Program Files (x86)\MATLAB\R2015b\bin\win32\PocoUtil.dll
0x6a930000 - 0x6a9b6000 	C:\Program Files (x86)\MATLAB\R2015b\bin\win32\PocoXML.dll
0x6a8e0000 - 0x6a924000 	C:\Program Files (x86)\MATLAB\R2015b\bin\win32\PocoJSON.dll
0x08960000 - 0x08c1b000 	C:\Program Files (x86)\MATLAB\R2015b\bin\win32\mclmcr.dll
0x7cf70000 - 0x7d030000 	C:\Program Files (x86)\MATLAB\R2015b\bin\win32\mcr.dll
0x08c20000 - 0x08d56000 	C:\Program Files (x86)\MATLAB\R2015b\bin\win32\iqm.dll
0x04740000 - 0x04749000 	C:\Program Files (x86)\MATLAB\R2015b\bin\win32\language_execution_interfaces.dll
0x08d60000 - 0x08e07000 	C:\Program Files (x86)\MATLAB\R2015b\bin\win32\m_dispatcher.dll
0x08e10000 - 0x0946b000 	C:\Program Files (x86)\MATLAB\R2015b\bin\win32\m_interpreter.dll
0x7c780000 - 0x7c7a7000 	C:\Program Files (x86)\MATLAB\R2015b\bin\win32\libmex.dll
0x04940000 - 0x049a2000 	C:\Program Files (x86)\MATLAB\R2015b\bin\win32\profiler.dll
0x7c5d0000 - 0x7c732000 	C:\Program Files (x86)\MATLAB\R2015b\bin\win32\libmwmathutil.dll
0x04ae0000 - 0x04b39000 	C:\Program Files (x86)\MATLAB\R2015b\bin\win32\libmwmathrng.dll
0x7c590000 - 0x7c5a0000 	C:\Program Files (x86)\MATLAB\R2015b\bin\win32\libmwmfl_rng.dll
0x04760000 - 0x04766000 	C:\Program Files (x86)\MATLAB\R2015b\bin\win32\libmwdSFMT.dll
0x09470000 - 0x095df000 	C:\Program Files (x86)\MATLAB\R2015b\bin\win32\libmwmathcore.dll
0x7c460000 - 0x7c4b5000 	C:\Program Files (x86)\MATLAB\R2015b\bin\win32\libmwspmatrix.dll
0x7c260000 - 0x7c29a000 	C:\Program Files (x86)\MATLAB\R2015b\bin\win32\mcos.dll
0x7c210000 - 0x7c24c000 	C:\Program Files (x86)\MATLAB\R2015b\bin\win32\libmwcholmod.dll
0x7c200000 - 0x7c20a000 	C:\Program Files (x86)\MATLAB\R2015b\bin\win32\libmwamd.dll
0x7c1f0000 - 0x7c1f9000 	C:\Program Files (x86)\MATLAB\R2015b\bin\win32\libmwcolamd.dll
0x048e0000 - 0x048f2000 	C:\Program Files (x86)\MATLAB\R2015b\bin\win32\libmwblas.dll

VM Arguments:
jvm_args: -Dfile.encoding=UTF-8 -Djava.library.path=/usr/lib/jni 
java_command: Interface.Tomografo
Launcher Type: SUN_STANDARD

Environment Variables:
JAVA_HOME=C:\Program Files\Java\jdk1.7.0_60
PATH=C:\Program Files (x86)\MATLAB\R2015b\bin\win32;C:\Program Files\Java\jdk1.7.0_60\bin;C:\Program Files (x86)\Common Files\Oracle\Java\javapath;C:\ProgramData\Oracle\Java\javapath;C:\Windows\system32;C:\Windows;C:\Windows\System32\Wbem;C:\Windows\System32\WindowsPowerShell\v1.0\;C:\Program Files\MATLAB\R2017b\runtime\win64;C:\Program Files\MATLAB\R2017b\bin;C:\Program Files (x86)\MATLAB\R2015b\runtime\win32;C:\Program Files (x86)\MATLAB\R2015b\bin;C:\Program Files (x86)\MATLAB\R2015b\polyspace\bin;C:\Program Files\MiKTeX 2.9\miktex\bin\x64\;C:\Program Files (x86)\MATLAB\MATLAB Runtime\v90\runtime\win32
USERNAME=Acustic
OS=Windows_NT
PROCESSOR_IDENTIFIER=Intel64 Family 6 Model 58 Stepping 9, GenuineIntel



---------------  S Y S T E M  ---------------

OS: Windows 7 , 64 bit Build 7601 Service Pack 1

CPU:total 8 (4 cores per cpu, 2 threads per core) family 6 model 58 stepping 9, cmov, cx8, fxsr, mmx, sse, sse2, sse3, ssse3, sse4.1, sse4.2, popcnt, avx, aes, erms, ht, tsc, tscinvbit, tscinv

Memory: 4k page, physical 4144268k(836720k free), swap 9123524k(2098248k free)

vm_info: Java HotSpot(TM) Client VM (24.60-b09) for windows-x86 JRE (1.7.0_60-b19), built on May  7 2014 13:09:52 by "java_re" with unknown MS VC++:1600

time: Thu May 30 18:46:34 2019
elapsed time: 50 seconds

