#
# A fatal error has been detected by the Java Runtime Environment:
#
#  EXCEPTION_UNCAUGHT_CXX_EXCEPTION (0xe06d7363) at pc=0x7774c5af, pid=5248, tid=776
#
# JRE version: Java(TM) SE Runtime Environment (7.0_60-b19) (build 1.7.0_60-b19)
# Java VM: Java HotSpot(TM) Client VM (24.60-b09 mixed mode, sharing windows-x86 )
# Problematic frame:
# C  [KERNELBASE.dll+0xc5af]
#
# Failed to write core dump. Minidumps are not enabled by default on client versions of Windows
#
# If you would like to submit a bug report, please visit:
#   http://bugreport.sun.com/bugreport/crash.jsp
# The crash happened outside the Java Virtual Machine in native code.
# See problematic frame for where to report the bug.
#

---------------  T H R E A D  ---------------

Current thread (0x04d85c00):  JavaThread "Thread-3" daemon [_thread_in_native, id=776, stack(0x0be60000,0x0beb0000)]

siginfo: ExceptionCode=0xe06d7363, ExceptionInformation=0x19930520 0x0beae754 0x079abf78 

Registers:
EAX=0x0beae6bc, EBX=0x0beae94c, ECX=0x00000003, EDX=0x00000000
ESP=0x0beae6bc, EBP=0x0beae70c, ESI=0x06ea0fe8, EDI=0xffffffff
EIP=0x7774c5af, EFLAGS=0x00000202

Top of Stack: (sp=0x0beae6bc)
0x0beae6bc:   e06d7363 00000001 00000000 7774c5af
0x0beae6cc:   00000003 19930520 0beae754 079abf78
0x0beae6dc:   0beae76c 6a4e75bf 0beae754 0beae76c
0x0beae6ec:   0beae6fc 6a4e75f3 0cd27890 0cd27878
0x0beae6fc:   0beae724 7e25aa5d 0cd27890 0beae754
0x0beae70c:   0beae744 6a4d9863 e06d7363 00000001
0x0beae71c:   00000003 0beae738 e06d7363 00000001
0x0beae72c:   00000000 00000000 00000003 19930520 

Instructions: (pc=0x7774c5af)
0x7774c58f:   02 50 ff 75 14 8d 45 c4 50 e8 05 b0 02 00 83 c4
0x7774c59f:   0c eb 03 89 45 c0 8d 45 b0 50 ff 15 5c 11 74 77
0x7774c5af:   c9 c2 10 00 cc cc cc cc cc 8b ff 55 8b ec 56 8b
0x7774c5bf:   75 08 83 fe f4 72 18 83 fe f6 77 13 8d 45 08 50 


Register to memory mapping:

EAX=0x0beae6bc is pointing into the stack for thread: 0x04d85c00
EBX=0x0beae94c is pointing into the stack for thread: 0x04d85c00
ECX=0x00000003 is an unknown value
EDX=0x00000000 is an unknown value
ESP=0x0beae6bc is pointing into the stack for thread: 0x04d85c00
EBP=0x0beae70c is pointing into the stack for thread: 0x04d85c00
ESI=0x06ea0fe8 is an unknown value
EDI=0xffffffff is an unknown value


Stack: [0x0be60000,0x0beb0000],  sp=0x0beae6bc,  free space=313k
Native frames: (J=compiled Java code, j=interpreted, Vv=VM code, C=native code)
C  [KERNELBASE.dll+0xc5af]
C  [MSVCR110.dll+0x19863]
C  [libut.dll+0xd47d]
C  [mclmcr.dll+0x10afd8]
C  [mclmcr.dll+0x10d135]
C  [mclmcr.dll+0xf014d]
C  [mclmcr.dll+0x15a5de]
C  [mclmcr.dll+0x15a112]
C  [nativemcl.dll+0xa4f86]
j  com.mathworks.toolbox.javabuilder.internal.MWMCR.mclInitializeComponentInstance(ZLjava/lang/String;Ljava/lang/String;Ljava/lang/String;Ljava/io/InputStream;ILjava/util/concurrent/Callable;Ljava/util/concurrent/Callable;)Lcom/mathworks/toolbox/javabuilder/internal/NativePtr;+0
j  com.mathworks.toolbox.javabuilder.internal.MWMCR.access$700(ZLjava/lang/String;Ljava/lang/String;Ljava/lang/String;Ljava/io/InputStream;ILjava/util/concurrent/Callable;Ljava/util/concurrent/Callable;)Lcom/mathworks/toolbox/javabuilder/internal/NativePtr;+12
j  com.mathworks.toolbox.javabuilder.internal.MWMCR$6.mclInitializeComponentInstance(ZLjava/lang/String;Ljava/lang/String;Ljava/lang/String;Ljava/io/InputStream;ILjava/util/concurrent/Callable;Ljava/util/concurrent/Callable;)Lcom/mathworks/toolbox/javabuilder/internal/NativePtr;+13
v  ~StubRoutines::call_stub
V  [jvm.dll+0x140e6a]
V  [jvm.dll+0x20529e]
V  [jvm.dll+0x140eed]
V  [jvm.dll+0x14d2ee]
V  [jvm.dll+0x14d515]
V  [jvm.dll+0xf1f99]
C  [java.dll+0x7d82]
j  sun.reflect.NativeMethodAccessorImpl.invoke(Ljava/lang/Object;[Ljava/lang/Object;)Ljava/lang/Object;+87
j  sun.reflect.DelegatingMethodAccessorImpl.invoke(Ljava/lang/Object;[Ljava/lang/Object;)Ljava/lang/Object;+6
j  java.lang.reflect.Method.invoke(Ljava/lang/Object;[Ljava/lang/Object;)Ljava/lang/Object;+57
j  com.mathworks.toolbox.javabuilder.internal.MWMCR$5.invoke(Ljava/lang/Object;Ljava/lang/reflect/Method;[Ljava/lang/Object;)Ljava/lang/Object;+8
j  com.sun.proxy.$Proxy0.mclInitializeComponentInstance(ZLjava/lang/String;Ljava/lang/String;Ljava/lang/String;Ljava/io/InputStream;ILjava/util/concurrent/Callable;Ljava/util/concurrent/Callable;)Lcom/mathworks/toolbox/javabuilder/internal/NativePtr;+58
v  ~StubRoutines::call_stub
V  [jvm.dll+0x140e6a]
V  [jvm.dll+0x20529e]
V  [jvm.dll+0x140eed]
V  [jvm.dll+0x14d2ee]
V  [jvm.dll+0x14d515]
V  [jvm.dll+0xf1f99]
C  [java.dll+0x7d82]
j  sun.reflect.NativeMethodAccessorImpl.invoke(Ljava/lang/Object;[Ljava/lang/Object;)Ljava/lang/Object;+87
j  sun.reflect.DelegatingMethodAccessorImpl.invoke(Ljava/lang/Object;[Ljava/lang/Object;)Ljava/lang/Object;+6
j  java.lang.reflect.Method.invoke(Ljava/lang/Object;[Ljava/lang/Object;)Ljava/lang/Object;+57
j  com.mathworks.toolbox.javabuilder.internal.MWMCR$4$1.call()Ljava/lang/Object;+11
j  com.mathworks.toolbox.javabuilder.internal.MCRThreadUtilities$CallableWrapper.call()Ljava/lang/Object;+4
j  java.util.concurrent.FutureTask.run()V+42
j  java.util.concurrent.ScheduledThreadPoolExecutor$ScheduledFutureTask.access$201(Ljava/util/concurrent/ScheduledThreadPoolExecutor$ScheduledFutureTask;)V+1
j  java.util.concurrent.ScheduledThreadPoolExecutor$ScheduledFutureTask.run()V+30
j  java.util.concurrent.ThreadPoolExecutor.runWorker(Ljava/util/concurrent/ThreadPoolExecutor$Worker;)V+95
j  java.util.concurrent.ThreadPoolExecutor$Worker.run()V+5
j  java.lang.Thread.run()V+11
v  ~StubRoutines::call_stub
V  [jvm.dll+0x140e6a]
V  [jvm.dll+0x20529e]
V  [jvm.dll+0x141035]
V  [jvm.dll+0x141097]
V  [jvm.dll+0xec49f]
V  [jvm.dll+0x1622dc]
V  [jvm.dll+0x162d37]
V  [jvm.dll+0x1a71e9]
C  [msvcr100.dll+0x5c556]
C  [msvcr100.dll+0x5c600]
C  [kernel32.dll+0x1344d]
C  [ntdll.dll+0x39802]
C  [ntdll.dll+0x397d5]

Java frames: (J=compiled Java code, j=interpreted, Vv=VM code)
j  com.mathworks.toolbox.javabuilder.internal.MWMCR.mclInitializeComponentInstance(ZLjava/lang/String;Ljava/lang/String;Ljava/lang/String;Ljava/io/InputStream;ILjava/util/concurrent/Callable;Ljava/util/concurrent/Callable;)Lcom/mathworks/toolbox/javabuilder/internal/NativePtr;+0
j  com.mathworks.toolbox.javabuilder.internal.MWMCR.access$700(ZLjava/lang/String;Ljava/lang/String;Ljava/lang/String;Ljava/io/InputStream;ILjava/util/concurrent/Callable;Ljava/util/concurrent/Callable;)Lcom/mathworks/toolbox/javabuilder/internal/NativePtr;+12
j  com.mathworks.toolbox.javabuilder.internal.MWMCR$6.mclInitializeComponentInstance(ZLjava/lang/String;Ljava/lang/String;Ljava/lang/String;Ljava/io/InputStream;ILjava/util/concurrent/Callable;Ljava/util/concurrent/Callable;)Lcom/mathworks/toolbox/javabuilder/internal/NativePtr;+13
v  ~StubRoutines::call_stub
j  sun.reflect.NativeMethodAccessorImpl.invoke0(Ljava/lang/reflect/Method;Ljava/lang/Object;[Ljava/lang/Object;)Ljava/lang/Object;+0
j  sun.reflect.NativeMethodAccessorImpl.invoke(Ljava/lang/Object;[Ljava/lang/Object;)Ljava/lang/Object;+87
j  sun.reflect.DelegatingMethodAccessorImpl.invoke(Ljava/lang/Object;[Ljava/lang/Object;)Ljava/lang/Object;+6
j  java.lang.reflect.Method.invoke(Ljava/lang/Object;[Ljava/lang/Object;)Ljava/lang/Object;+57
j  com.mathworks.toolbox.javabuilder.internal.MWMCR$5.invoke(Ljava/lang/Object;Ljava/lang/reflect/Method;[Ljava/lang/Object;)Ljava/lang/Object;+8
j  com.sun.proxy.$Proxy0.mclInitializeComponentInstance(ZLjava/lang/String;Ljava/lang/String;Ljava/lang/String;Ljava/io/InputStream;ILjava/util/concurrent/Callable;Ljava/util/concurrent/Callable;)Lcom/mathworks/toolbox/javabuilder/internal/NativePtr;+58
v  ~StubRoutines::call_stub
j  sun.reflect.NativeMethodAccessorImpl.invoke0(Ljava/lang/reflect/Method;Ljava/lang/Object;[Ljava/lang/Object;)Ljava/lang/Object;+0
j  sun.reflect.NativeMethodAccessorImpl.invoke(Ljava/lang/Object;[Ljava/lang/Object;)Ljava/lang/Object;+87
j  sun.reflect.DelegatingMethodAccessorImpl.invoke(Ljava/lang/Object;[Ljava/lang/Object;)Ljava/lang/Object;+6
j  java.lang.reflect.Method.invoke(Ljava/lang/Object;[Ljava/lang/Object;)Ljava/lang/Object;+57
j  com.mathworks.toolbox.javabuilder.internal.MWMCR$4$1.call()Ljava/lang/Object;+11
j  com.mathworks.toolbox.javabuilder.internal.MCRThreadUtilities$CallableWrapper.call()Ljava/lang/Object;+4
j  java.util.concurrent.FutureTask.run()V+42
j  java.util.concurrent.ScheduledThreadPoolExecutor$ScheduledFutureTask.access$201(Ljava/util/concurrent/ScheduledThreadPoolExecutor$ScheduledFutureTask;)V+1
j  java.util.concurrent.ScheduledThreadPoolExecutor$ScheduledFutureTask.run()V+30
j  java.util.concurrent.ThreadPoolExecutor.runWorker(Ljava/util/concurrent/ThreadPoolExecutor$Worker;)V+95
j  java.util.concurrent.ThreadPoolExecutor$Worker.run()V+5
j  java.lang.Thread.run()V+11
v  ~StubRoutines::call_stub

---------------  P R O C E S S  ---------------

Java Threads: ( => current thread )
  0x0fbe4000 JavaThread "Connector Runnable" daemon [_thread_blocked, id=1232, stack(0x101e0000,0x10230000)]
  0x0f9a5800 JavaThread "EventMgr Dispatcher" daemon [_thread_in_native, id=5212, stack(0x0e2f0000,0x0e340000)]
  0x04d93000 JavaThread "MATLAB Compiler Runtime" daemon [_thread_in_native, id=4632, stack(0x0d4e0000,0x0dce0000)]
  0x04d8a400 JavaThread "Thread-4" [_thread_blocked, id=6940, stack(0x0c1b0000,0x0c200000)]
=>0x04d85c00 JavaThread "Thread-3" daemon [_thread_in_native, id=776, stack(0x0be60000,0x0beb0000)]
  0x04d2a800 JavaThread "Thread-1" [_thread_in_native, id=6828, stack(0x070a0000,0x070f0000)]
  0x0022c800 JavaThread "DestroyJavaVM" [_thread_blocked, id=7096, stack(0x006a0000,0x006f0000)]
  0x04cde000 JavaThread "AWT-EventQueue-0" [_thread_blocked, id=2128, stack(0x04fc0000,0x05010000)]
  0x04cdd400 JavaThread "AWT-Shutdown" [_thread_blocked, id=1536, stack(0x059b0000,0x05a00000)]
  0x04cd3c00 JavaThread "AWT-Windows" daemon [_thread_in_native, id=6700, stack(0x05070000,0x050c0000)]
  0x04cd0800 JavaThread "Java2D Disposer" daemon [_thread_blocked, id=6244, stack(0x04e40000,0x04e90000)]
  0x00dc1400 JavaThread "Service Thread" daemon [_thread_blocked, id=5864, stack(0x04a30000,0x04a80000)]
  0x00dbcc00 JavaThread "C1 CompilerThread0" daemon [_thread_blocked, id=6468, stack(0x04980000,0x049d0000)]
  0x00dbb800 JavaThread "Attach Listener" daemon [_thread_blocked, id=3308, stack(0x04820000,0x04870000)]
  0x00db8400 JavaThread "Signal Dispatcher" daemon [_thread_blocked, id=6212, stack(0x01120000,0x01170000)]
  0x00d4a000 JavaThread "Finalizer" daemon [_thread_blocked, id=6980, stack(0x01190000,0x011e0000)]
  0x00d48800 JavaThread "Reference Handler" daemon [_thread_blocked, id=6972, stack(0x01230000,0x01280000)]

Other Threads:
  0x00d47000 VMThread [stack: 0x00fc0000,0x01010000] [id=1292]
  0x00ddbc00 WatcherThread [stack: 0x04bd0000,0x04c20000] [id=1628]

VM state:not at safepoint (normal execution)

VM Mutex/Monitor currently owned by a thread: None

Heap
 def new generation   total 4928K, used 1483K [0x24600000, 0x24b50000, 0x29b50000)
  eden space 4416K,  28% used [0x24600000, 0x2473cb48, 0x24a50000)
  from space 512K,  42% used [0x24ad0000, 0x24b06258, 0x24b50000)
  to   space 512K,   0% used [0x24a50000, 0x24a50000, 0x24ad0000)
 tenured generation   total 10944K, used 3071K [0x29b50000, 0x2a600000, 0x34600000)
   the space 10944K,  28% used [0x29b50000, 0x29e4fe68, 0x29e50000, 0x2a600000)
 compacting perm gen  total 12288K, used 2139K [0x34600000, 0x35200000, 0x38600000)
   the space 12288K,  17% used [0x34600000, 0x34816cc8, 0x34816e00, 0x35200000)
    ro space 10240K,  44% used [0x38600000, 0x38a7a7a8, 0x38a7a800, 0x39000000)
    rw space 12288K,  52% used [0x39000000, 0x39651db0, 0x39651e00, 0x39c00000)

Card table byte_map: [0x00e70000,0x00f20000] byte_map_base: 0x00d4d000

Polling page: 0x00190000

Code Cache  [0x02710000, 0x02828000, 0x04710000)
 total_blobs=536 nmethods=328 adapters=145 free_code_cache=31679Kb largest_free_block=32439872

Compilation events (10 events):
Event: 37.857 Thread 0x00dbcc00  320             java.util.WeakHashMap::remove (133 bytes)
Event: 37.858 Thread 0x00dbcc00 nmethod 320 0x0281e588 code [0x0281e6c0, 0x0281e924]
Event: 37.870 Thread 0x00dbcc00  321             java.io.InputStream::<init> (5 bytes)
Event: 37.871 Thread 0x00dbcc00 nmethod 321 0x0281eb88 code [0x0281ec80, 0x0281ed10]
Event: 38.072 Thread 0x00dbcc00  326             java.lang.ClassLoader::checkName (43 bytes)
Event: 38.072 Thread 0x00dbcc00 nmethod 326 0x0281f948 code [0x0281fa70, 0x0281fc28]
Event: 39.119 Thread 0x00dbcc00  327             java.lang.ThreadLocal$ThreadLocalMap::access$000 (6 bytes)
Event: 39.120 Thread 0x00dbcc00 nmethod 327 0x0281fe08 code [0x0281ff00, 0x0281ff8c]
Event: 41.545 Thread 0x00dbcc00  328             java.nio.Buffer::hasRemaining (17 bytes)
Event: 41.545 Thread 0x00dbcc00 nmethod 328 0x02820008 code [0x02820100, 0x02820190]

GC Heap History (10 events):
Event: 35.645 GC heap before
{Heap before GC invocations=4 (full 0):
 def new generation   total 4928K, used 4928K [0x24600000, 0x24b50000, 0x29b50000)
  eden space 4416K, 100% used [0x24600000, 0x24a50000, 0x24a50000)
  from space 512K, 100% used [0x24a50000, 0x24ad0000, 0x24ad0000)
  to   space 512K,   0% used [0x24ad0000, 0x24ad0000, 0x24b50000)
 tenured generation   total 10944K, used 2388K [0x29b50000, 0x2a600000, 0x34600000)
   the space 10944K,  21% used [0x29b50000, 0x29da5308, 0x29da5400, 0x2a600000)
 compacting perm gen  total 12288K, used 1669K [0x34600000, 0x35200000, 0x38600000)
   the space 12288K,  13% used [0x34600000, 0x347a15a0, 0x347a1600, 0x35200000)
    ro space 10240K,  44% used [0x38600000, 0x38a7a7a8, 0x38a7a800, 0x39000000)
    rw space 12288K,  52% used [0x39000000, 0x39651db0, 0x39651e00, 0x39c00000)
Event: 35.647 GC heap after
Heap after GC invocations=5 (full 0):
 def new generation   total 4928K, used 191K [0x24600000, 0x24b50000, 0x29b50000)
  eden space 4416K,   0% used [0x24600000, 0x24600000, 0x24a50000)
  from space 512K,  37% used [0x24ad0000, 0x24affdc8, 0x24b50000)
  to   space 512K,   0% used [0x24a50000, 0x24a50000, 0x24ad0000)
 tenured generation   total 10944K, used 2705K [0x29b50000, 0x2a600000, 0x34600000)
   the space 10944K,  24% used [0x29b50000, 0x29df46d0, 0x29df4800, 0x2a600000)
 compacting perm gen  total 12288K, used 1669K [0x34600000, 0x35200000, 0x38600000)
   the space 12288K,  13% used [0x34600000, 0x347a15a0, 0x347a1600, 0x35200000)
    ro space 10240K,  44% used [0x38600000, 0x38a7a7a8, 0x38a7a800, 0x39000000)
    rw space 12288K,  52% used [0x39000000, 0x39651db0, 0x39651e00, 0x39c00000)
}
Event: 37.557 GC heap before
{Heap before GC invocations=5 (full 0):
 def new generation   total 4928K, used 4607K [0x24600000, 0x24b50000, 0x29b50000)
  eden space 4416K, 100% used [0x24600000, 0x24a50000, 0x24a50000)
  from space 512K,  37% used [0x24ad0000, 0x24affdc8, 0x24b50000)
  to   space 512K,   0% used [0x24a50000, 0x24a50000, 0x24ad0000)
 tenured generation   total 10944K, used 2705K [0x29b50000, 0x2a600000, 0x34600000)
   the space 10944K,  24% used [0x29b50000, 0x29df46d0, 0x29df4800, 0x2a600000)
 compacting perm gen  total 12288K, used 1768K [0x34600000, 0x35200000, 0x38600000)
   the space 12288K,  14% used [0x34600000, 0x347ba200, 0x347ba200, 0x35200000)
    ro space 10240K,  44% used [0x38600000, 0x38a7a7a8, 0x38a7a800, 0x39000000)
    rw space 12288K,  52% used [0x39000000, 0x39651db0, 0x39651e00, 0x39c00000)
Event: 37.559 GC heap after
Heap after GC invocations=6 (full 0):
 def new generation   total 4928K, used 511K [0x24600000, 0x24b50000, 0x29b50000)
  eden space 4416K,   0% used [0x24600000, 0x24600000, 0x24a50000)
  from space 512K,  99% used [0x24a50000, 0x24acffd0, 0x24ad0000)
  to   space 512K,   0% used [0x24ad0000, 0x24ad0000, 0x24b50000)
 tenured generation   total 10944K, used 2734K [0x29b50000, 0x2a600000, 0x34600000)
   the space 10944K,  24% used [0x29b50000, 0x29dfb830, 0x29dfba00, 0x2a600000)
 compacting perm gen  total 12288K, used 1768K [0x34600000, 0x35200000, 0x38600000)
   the space 12288K,  14% used [0x34600000, 0x347ba200, 0x347ba200, 0x35200000)
    ro space 10240K,  44% used [0x38600000, 0x38a7a7a8, 0x38a7a800, 0x39000000)
    rw space 12288K,  52% used [0x39000000, 0x39651db0, 0x39651e00, 0x39c00000)
}
Event: 37.804 GC heap before
{Heap before GC invocations=6 (full 0):
 def new generation   total 4928K, used 4927K [0x24600000, 0x24b50000, 0x29b50000)
  eden space 4416K, 100% used [0x24600000, 0x24a50000, 0x24a50000)
  from space 512K,  99% used [0x24a50000, 0x24acffd0, 0x24ad0000)
  to   space 512K,   0% used [0x24ad0000, 0x24ad0000, 0x24b50000)
 tenured generation   total 10944K, used 2734K [0x29b50000, 0x2a600000, 0x34600000)
   the space 10944K,  24% used [0x29b50000, 0x29dfb830, 0x29dfba00, 0x2a600000)
 compacting perm gen  total 12288K, used 1903K [0x34600000, 0x35200000, 0x38600000)
   the space 12288K,  15% used [0x34600000, 0x347dbd10, 0x347dbe00, 0x35200000)
    ro space 10240K,  44% used [0x38600000, 0x38a7a7a8, 0x38a7a800, 0x39000000)
    rw space 12288K,  52% used [0x39000000, 0x39651db0, 0x39651e00, 0x39c00000)
Event: 37.806 GC heap after
Heap after GC invocations=7 (full 0):
 def new generation   total 4928K, used 159K [0x24600000, 0x24b50000, 0x29b50000)
  eden space 4416K,   0% used [0x24600000, 0x24600000, 0x24a50000)
  from space 512K,  31% used [0x24ad0000, 0x24af7eb8, 0x24b50000)
  to   space 512K,   0% used [0x24a50000, 0x24a50000, 0x24ad0000)
 tenured generation   total 10944K, used 3071K [0x29b50000, 0x2a600000, 0x34600000)
   the space 10944K,  28% used [0x29b50000, 0x29e4fe68, 0x29e50000, 0x2a600000)
 compacting perm gen  total 12288K, used 1903K [0x34600000, 0x35200000, 0x38600000)
   the space 12288K,  15% used [0x34600000, 0x347dbd10, 0x347dbe00, 0x35200000)
    ro space 10240K,  44% used [0x38600000, 0x38a7a7a8, 0x38a7a800, 0x39000000)
    rw space 12288K,  52% used [0x39000000, 0x39651db0, 0x39651e00, 0x39c00000)
}
Event: 37.881 GC heap before
{Heap before GC invocations=7 (full 0):
 def new generation   total 4928K, used 4575K [0x24600000, 0x24b50000, 0x29b50000)
  eden space 4416K, 100% used [0x24600000, 0x24a50000, 0x24a50000)
  from space 512K,  31% used [0x24ad0000, 0x24af7eb8, 0x24b50000)
  to   space 512K,   0% used [0x24a50000, 0x24a50000, 0x24ad0000)
 tenured generation   total 10944K, used 3071K [0x29b50000, 0x2a600000, 0x34600000)
   the space 10944K,  28% used [0x29b50000, 0x29e4fe68, 0x29e50000, 0x2a600000)
 compacting perm gen  total 12288K, used 2012K [0x34600000, 0x35200000, 0x38600000)
   the space 12288K,  16% used [0x34600000, 0x347f72f8, 0x347f7400, 0x35200000)
    ro space 10240K,  44% used [0x38600000, 0x38a7a7a8, 0x38a7a800, 0x39000000)
    rw space 12288K,  52% used [0x39000000, 0x39651db0, 0x39651e00, 0x39c00000)
Event: 37.883 GC heap after
Heap after GC invocations=8 (full 0):
 def new generation   total 4928K, used 241K [0x24600000, 0x24b50000, 0x29b50000)
  eden space 4416K,   0% used [0x24600000, 0x24600000, 0x24a50000)
  from space 512K,  47% used [0x24a50000, 0x24a8c588, 0x24ad0000)
  to   space 512K,   0% used [0x24ad0000, 0x24ad0000, 0x24b50000)
 tenured generation   total 10944K, used 3071K [0x29b50000, 0x2a600000, 0x34600000)
   the space 10944K,  28% used [0x29b50000, 0x29e4fe68, 0x29e50000, 0x2a600000)
 compacting perm gen  total 12288K, used 2012K [0x34600000, 0x35200000, 0x38600000)
   the space 12288K,  16% used [0x34600000, 0x347f72f8, 0x347f7400, 0x35200000)
    ro space 10240K,  44% used [0x38600000, 0x38a7a7a8, 0x38a7a800, 0x39000000)
    rw space 12288K,  52% used [0x39000000, 0x39651db0, 0x39651e00, 0x39c00000)
}
Event: 38.064 GC heap before
{Heap before GC invocations=8 (full 0):
 def new generation   total 4928K, used 4657K [0x24600000, 0x24b50000, 0x29b50000)
  eden space 4416K, 100% used [0x24600000, 0x24a50000, 0x24a50000)
  from space 512K,  47% used [0x24a50000, 0x24a8c588, 0x24ad0000)
  to   space 512K,   0% used [0x24ad0000, 0x24ad0000, 0x24b50000)
 tenured generation   total 10944K, used 3071K [0x29b50000, 0x2a600000, 0x34600000)
   the space 10944K,  28% used [0x29b50000, 0x29e4fe68, 0x29e50000, 0x2a600000)
 compacting perm gen  total 12288K, used 2094K [0x34600000, 0x35200000, 0x38600000)
   the space 12288K,  17% used [0x34600000, 0x3480bad0, 0x3480bc00, 0x35200000)
    ro space 10240K,  44% used [0x38600000, 0x38a7a7a8, 0x38a7a800, 0x39000000)
    rw space 12288K,  52% used [0x39000000, 0x39651db0, 0x39651e00, 0x39c00000)
Event: 38.065 GC heap after
Heap after GC invocations=9 (full 0):
 def new generation   total 4928K, used 216K [0x24600000, 0x24b50000, 0x29b50000)
  eden space 4416K,   0% used [0x24600000, 0x24600000, 0x24a50000)
  from space 512K,  42% used [0x24ad0000, 0x24b06258, 0x24b50000)
  to   space 512K,   0% used [0x24a50000, 0x24a50000, 0x24ad0000)
 tenured generation   total 10944K, used 3071K [0x29b50000, 0x2a600000, 0x34600000)
   the space 10944K,  28% used [0x29b50000, 0x29e4fe68, 0x29e50000, 0x2a600000)
 compacting perm gen  total 12288K, used 2094K [0x34600000, 0x35200000, 0x38600000)
   the space 12288K,  17% used [0x34600000, 0x3480bad0, 0x3480bc00, 0x35200000)
    ro space 10240K,  44% used [0x38600000, 0x38a7a7a8, 0x38a7a800, 0x39000000)
    rw space 12288K,  52% used [0x39000000, 0x39651db0, 0x39651e00, 0x39c00000)
}

Deoptimization events (0 events):
No events

Internal exceptions (10 events):
Event: 41.075 Thread 0x04d93000 Threw 0x246896a0 at C:\re\jdk7u60\1081\hotspot\src\share\vm\prims\jvm.cpp:1244
Event: 41.076 Thread 0x04d93000 Threw 0x2468b458 at C:\re\jdk7u60\1081\hotspot\src\share\vm\prims\jvm.cpp:1244
Event: 41.077 Thread 0x04d93000 Threw 0x246a6e68 at C:\re\jdk7u60\1081\hotspot\src\share\vm\prims\jvm.cpp:1244
Event: 41.078 Thread 0x04d93000 Threw 0x246a9368 at C:\re\jdk7u60\1081\hotspot\src\share\vm\prims\jvm.cpp:1244
Event: 41.088 Thread 0x04d93000 Threw 0x246d3050 at C:\re\jdk7u60\1081\hotspot\src\share\vm\prims\jvm.cpp:1244
Event: 41.088 Thread 0x04d93000 Threw 0x246d5558 at C:\re\jdk7u60\1081\hotspot\src\share\vm\prims\jvm.cpp:1244
Event: 41.090 Thread 0x04d93000 Threw 0x246f83a0 at C:\re\jdk7u60\1081\hotspot\src\share\vm\prims\jvm.cpp:1244
Event: 41.090 Thread 0x04d93000 Threw 0x246fa758 at C:\re\jdk7u60\1081\hotspot\src\share\vm\prims\jvm.cpp:1244
Event: 41.091 Thread 0x04d93000 Threw 0x24719558 at C:\re\jdk7u60\1081\hotspot\src\share\vm\prims\jvm.cpp:1244
Event: 41.091 Thread 0x04d93000 Threw 0x2471b260 at C:\re\jdk7u60\1081\hotspot\src\share\vm\prims\jvm.cpp:1244

Events (10 events):
Event: 41.075 loading class 0x0fbe55f8
Event: 41.075 loading class 0x0fbe55f8 done
Event: 41.077 loading class 0x04d2e180
Event: 41.077 loading class 0x04d2e180 done
Event: 41.088 loading class 0x0f9e2068
Event: 41.088 loading class 0x0f9e2068 done
Event: 41.090 loading class 0x0fbe0940
Event: 41.090 loading class 0x0fbe0940 done
Event: 41.091 loading class 0x0fbe57d8
Event: 41.091 loading class 0x0fbe57d8 done


Dynamic libraries:
0x012e0000 - 0x0130f000 	C:\Program Files (x86)\Java\jdk1.7.0_60\bin\java.exe
0x77cd0000 - 0x77e50000 	C:\Windows\SysWOW64\ntdll.dll
0x75be0000 - 0x75cf0000 	C:\Windows\syswow64\kernel32.dll
0x77740000 - 0x77787000 	C:\Windows\syswow64\KERNELBASE.dll
0x76300000 - 0x763a1000 	C:\Windows\syswow64\ADVAPI32.dll
0x777a0000 - 0x7784c000 	C:\Windows\syswow64\msvcrt.dll
0x76190000 - 0x761a9000 	C:\Windows\SysWOW64\sechost.dll
0x75af0000 - 0x75be0000 	C:\Windows\syswow64\RPCRT4.dll
0x753f0000 - 0x75450000 	C:\Windows\syswow64\SspiCli.dll
0x753e0000 - 0x753ec000 	C:\Windows\syswow64\CRYPTBASE.dll
0x756f0000 - 0x757f0000 	C:\Windows\syswow64\USER32.dll
0x75650000 - 0x756e0000 	C:\Windows\syswow64\GDI32.dll
0x76140000 - 0x7614a000 	C:\Windows\syswow64\LPK.dll
0x75450000 - 0x754ed000 	C:\Windows\syswow64\USP10.dll
0x72a80000 - 0x72c1e000 	C:\Windows\WinSxS\x86_microsoft.windows.common-controls_6595b64144ccf1df_6.0.7601.24380_none_2b2053e245779417\COMCTL32.dll
0x761d0000 - 0x76227000 	C:\Windows\syswow64\SHLWAPI.dll
0x773c0000 - 0x77420000 	C:\Windows\system32\IMM32.DLL
0x76230000 - 0x762fd000 	C:\Windows\syswow64\MSCTF.dll
0x6b6b0000 - 0x6b76f000 	C:\Program Files (x86)\Java\jdk1.7.0_60\jre\bin\msvcr100.dll
0x66eb0000 - 0x67238000 	C:\Program Files (x86)\Java\jdk1.7.0_60\jre\bin\client\jvm.dll
0x72220000 - 0x72227000 	C:\Windows\system32\WSOCK32.dll
0x757f0000 - 0x75825000 	C:\Windows\syswow64\WS2_32.dll
0x76180000 - 0x76186000 	C:\Windows\syswow64\NSI.dll
0x70fa0000 - 0x70fd2000 	C:\Windows\system32\WINMM.dll
0x75850000 - 0x75855000 	C:\Windows\syswow64\PSAPI.DLL
0x72420000 - 0x7242c000 	C:\Program Files (x86)\Java\jdk1.7.0_60\jre\bin\verify.dll
0x6f970000 - 0x6f990000 	C:\Program Files (x86)\Java\jdk1.7.0_60\jre\bin\java.dll
0x6b810000 - 0x6b823000 	C:\Program Files (x86)\Java\jdk1.7.0_60\jre\bin\zip.dll
0x6a5a0000 - 0x6a6e3000 	C:\Program Files (x86)\Java\jdk1.7.0_60\jre\bin\awt.dll
0x77850000 - 0x778e2000 	C:\Windows\syswow64\OLEAUT32.dll
0x754f0000 - 0x7564f000 	C:\Windows\syswow64\ole32.dll
0x71c90000 - 0x71d10000 	C:\Windows\system32\uxtheme.dll
0x71570000 - 0x71583000 	C:\Windows\system32\dwmapi.dll
0x766c0000 - 0x7730c000 	C:\Windows\syswow64\SHELL32.dll
0x6b7d0000 - 0x6b809000 	C:\Program Files (x86)\Java\jdk1.7.0_60\jre\bin\fontmanager.dll
0x713a0000 - 0x71563000 	C:\Windows\system32\d3d9.dll
0x71920000 - 0x71929000 	C:\Windows\system32\VERSION.dll
0x71390000 - 0x71396000 	C:\Windows\system32\d3d8thk.dll
0x660e0000 - 0x66eae000 	C:\Windows\system32\nvd3dum.dll
0x6b7a0000 - 0x6b7c5000 	C:\Windows\system32\powrprof.dll
0x75870000 - 0x75a0d000 	C:\Windows\syswow64\SETUPAPI.dll
0x75ac0000 - 0x75ae7000 	C:\Windows\syswow64\CFGMGR32.dll
0x77310000 - 0x77322000 	C:\Windows\syswow64\DEVOBJ.dll
0x10000000 - 0x10012000 	C:\Program Files (x86)\Java\jdk1.7.0_60\jre\bin\rxtxSerial.dll
0x6c240000 - 0x6c267000 	C:\Windows\system32\crtdll.dll
0x00c80000 - 0x00cab000 	C:\Program Files (x86)\MATLAB\R2015b\bin\win32\BuilderJABootstrap.dll
0x00f20000 - 0x00f2c000 	C:\Program Files (x86)\MATLAB\R2015b\bin\win32\nativedl.dll
0x6b2f0000 - 0x6b375000 	C:\Windows\system32\MSVCP110.dll
0x6a4c0000 - 0x6a596000 	C:\Windows\system32\MSVCR110.dll
0x7e240000 - 0x7e401000 	C:\Program Files (x86)\MATLAB\R2015b\bin\win32\libmwfl.dll
0x763c0000 - 0x763eb000 	C:\Windows\syswow64\imagehlp.dll
0x04e90000 - 0x04f59000 	C:\Program Files (x86)\MATLAB\R2015b\bin\win32\libmwi18n.dll
0x00f70000 - 0x00f77000 	C:\Program Files (x86)\MATLAB\R2015b\bin\win32\libmwresource_core.dll
0x71d60000 - 0x71d6c000 	C:\Program Files (x86)\MATLAB\R2015b\bin\win32\boost_date_time-vc110-mt-1_49.dll
0x6b770000 - 0x6b795000 	C:\Program Files (x86)\MATLAB\R2015b\bin\win32\boost_filesystem-vc110-mt-1_49.dll
0x71b80000 - 0x71b87000 	C:\Program Files (x86)\MATLAB\R2015b\bin\win32\boost_system-vc110-mt-1_49.dll
0x6fd30000 - 0x6fd3e000 	C:\Program Files (x86)\MATLAB\R2015b\bin\win32\boost_thread-vc110-mt-1_49.dll
0x6b690000 - 0x6b6af000 	C:\Program Files (x86)\MATLAB\R2015b\bin\win32\LIBEXPAT.dll
0x070f0000 - 0x07289000 	C:\Program Files (x86)\MATLAB\R2015b\bin\win32\icuin54.dll
0x07290000 - 0x073af000 	C:\Program Files (x86)\MATLAB\R2015b\bin\win32\icuuc54.dll
0x648b0000 - 0x660dc000 	C:\Program Files (x86)\MATLAB\R2015b\bin\win32\icudt54.dll
0x01010000 - 0x0101e000 	C:\Program Files (x86)\MATLAB\R2015b\bin\win32\icuio54.dll
0x6af90000 - 0x6b002000 	C:\Program Files (x86)\MATLAB\R2015b\bin\win32\boost_log-vc110-mt-1_49.dll
0x6a400000 - 0x6a4b6000 	C:\Program Files (x86)\MATLAB\R2015b\bin\win32\boost_regex-vc110-mt-1_49.dll
0x6b2b0000 - 0x6b2ed000 	C:\Program Files (x86)\MATLAB\R2015b\bin\win32\boost_serialization-vc110-mt-1_49.dll
0x6f960000 - 0x6f96f000 	C:\Program Files (x86)\MATLAB\R2015b\bin\win32\boost_signals-vc110-mt-1_49.dll
0x6a3c0000 - 0x6a3f1000 	C:\Program Files (x86)\MATLAB\R2015b\bin\win32\tbb.dll
0x07740000 - 0x0793d000 	C:\Program Files (x86)\MATLAB\R2015b\bin\win32\nativemcl.dll
0x07940000 - 0x079e2000 	C:\Program Files (x86)\MATLAB\R2015b\bin\win32\libut.dll
0x7dd60000 - 0x7deb6000 	C:\Program Files (x86)\MATLAB\R2015b\bin\win32\libmx.dll
0x6a390000 - 0x6a3b6000 	C:\Program Files (x86)\MATLAB\R2015b\bin\win32\tbbmalloc.dll
0x6a370000 - 0x6a384000 	C:\Program Files (x86)\MATLAB\R2015b\bin\win32\zlib1.dll
0x079f0000 - 0x07e84000 	C:\Program Files (x86)\MATLAB\R2015b\bin\win32\libmwservices.dll
0x010c0000 - 0x010d3000 	C:\Program Files (x86)\MATLAB\R2015b\bin\win32\display_device.dll
0x7dd20000 - 0x7dd5f000 	C:\Program Files (x86)\MATLAB\R2015b\bin\win32\libmwregexp.dll
0x011e0000 - 0x01223000 	C:\Program Files (x86)\MATLAB\R2015b\bin\win32\mpath.dll
0x07e90000 - 0x08212000 	C:\Program Files (x86)\MATLAB\R2015b\bin\win32\libmwms.dll
0x6f920000 - 0x6f92d000 	C:\Program Files (x86)\MATLAB\R2015b\bin\win32\boost_iostreams-vc110-mt-1_49.dll
0x72ca0000 - 0x72cdc000 	C:\Windows\system32\MSWSOCK.dll
0x7d640000 - 0x7da52000 	C:\Program Files (x86)\MATLAB\R2015b\bin\win32\mlutil.dll
0x08220000 - 0x08482000 	C:\Program Files (x86)\MATLAB\R2015b\bin\win32\settingscore.dll
0x7d370000 - 0x7d3d2000 	C:\Program Files (x86)\MATLAB\R2015b\bin\win32\xmlcore.dll
0x12000000 - 0x121dd000 	C:\Program Files (x86)\MATLAB\R2015b\bin\win32\xerces-c_3_1.dll
0x7d180000 - 0x7d185000 	C:\Program Files (x86)\MATLAB\R2015b\bin\win32\libmwnativedisplay.dll
0x7d130000 - 0x7d178000 	C:\Program Files (x86)\MATLAB\R2015b\bin\win32\opccore.dll
0x08490000 - 0x08589000 	C:\Program Files (x86)\MATLAB\R2015b\bin\win32\opcmodel.dll
0x08590000 - 0x087d1000 	C:\Program Files (x86)\MATLAB\R2015b\bin\win32\libmwflnetwork.dll
0x7d060000 - 0x7d084000 	C:\Program Files (x86)\MATLAB\R2015b\bin\win32\opczippackage.dll
0x6b2a0000 - 0x6b2ae000 	C:\Program Files (x86)\MATLAB\R2015b\bin\win32\libminizip.dll
0x087e0000 - 0x08942000 	C:\Program Files (x86)\MATLAB\R2015b\bin\win32\opcmwservices.dll
0x01170000 - 0x01188000 	C:\Program Files (x86)\MATLAB\R2015b\bin\win32\webproxy.dll
0x6fe30000 - 0x6fe88000 	C:\Windows\system32\WINHTTP.dll
0x6fde0000 - 0x6fe30000 	C:\Windows\system32\webio.dll
0x77430000 - 0x774ab000 	C:\Windows\syswow64\comdlg32.dll
0x72080000 - 0x72091000 	C:\Windows\system32\netapi32.dll
0x72070000 - 0x72079000 	C:\Windows\system32\netutils.dll
0x72050000 - 0x72069000 	C:\Windows\system32\srvcli.dll
0x72040000 - 0x7204f000 	C:\Windows\system32\wkscli.dll
0x64730000 - 0x648a2000 	C:\Program Files (x86)\MATLAB\R2015b\bin\win32\pocofoundation.dll
0x72960000 - 0x7297c000 	C:\Windows\system32\IPHLPAPI.DLL
0x72950000 - 0x72957000 	C:\Windows\system32\WINNSI.DLL
0x64650000 - 0x64723000 	C:\Program Files (x86)\MATLAB\R2015b\bin\win32\poconet.dll
0x6a330000 - 0x6a368000 	C:\Program Files (x86)\MATLAB\R2015b\bin\win32\poconetssl.dll
0x64530000 - 0x64650000 	C:\Program Files (x86)\MATLAB\R2015b\bin\win32\LIBEAY32.dll
0x644e0000 - 0x64527000 	C:\Program Files (x86)\MATLAB\R2015b\bin\win32\SSLEAY32.dll
0x644c0000 - 0x644e0000 	C:\Program Files (x86)\MATLAB\R2015b\bin\win32\PocoCrypto.dll
0x64450000 - 0x644b2000 	C:\Program Files (x86)\MATLAB\R2015b\bin\win32\PocoUtil.dll
0x643c0000 - 0x64446000 	C:\Program Files (x86)\MATLAB\R2015b\bin\win32\PocoXML.dll
0x64370000 - 0x643b4000 	C:\Program Files (x86)\MATLAB\R2015b\bin\win32\PocoJSON.dll
0x08950000 - 0x08c0b000 	C:\Program Files (x86)\MATLAB\R2015b\bin\win32\mclmcr.dll
0x7cf70000 - 0x7d030000 	C:\Program Files (x86)\MATLAB\R2015b\bin\win32\mcr.dll
0x08c10000 - 0x08d46000 	C:\Program Files (x86)\MATLAB\R2015b\bin\win32\iqm.dll
0x04870000 - 0x04879000 	C:\Program Files (x86)\MATLAB\R2015b\bin\win32\language_execution_interfaces.dll
0x08d50000 - 0x08df7000 	C:\Program Files (x86)\MATLAB\R2015b\bin\win32\m_dispatcher.dll
0x08e00000 - 0x0945b000 	C:\Program Files (x86)\MATLAB\R2015b\bin\win32\m_interpreter.dll
0x7c780000 - 0x7c7a7000 	C:\Program Files (x86)\MATLAB\R2015b\bin\win32\libmex.dll
0x04b60000 - 0x04bc2000 	C:\Program Files (x86)\MATLAB\R2015b\bin\win32\profiler.dll
0x7c5d0000 - 0x7c732000 	C:\Program Files (x86)\MATLAB\R2015b\bin\win32\libmwmathutil.dll
0x05010000 - 0x05069000 	C:\Program Files (x86)\MATLAB\R2015b\bin\win32\libmwmathrng.dll
0x7c590000 - 0x7c5a0000 	C:\Program Files (x86)\MATLAB\R2015b\bin\win32\libmwmfl_rng.dll
0x049d0000 - 0x049d6000 	C:\Program Files (x86)\MATLAB\R2015b\bin\win32\libmwdSFMT.dll
0x09460000 - 0x095cf000 	C:\Program Files (x86)\MATLAB\R2015b\bin\win32\libmwmathcore.dll
0x7c460000 - 0x7c4b5000 	C:\Program Files (x86)\MATLAB\R2015b\bin\win32\libmwspmatrix.dll
0x7c260000 - 0x7c29a000 	C:\Program Files (x86)\MATLAB\R2015b\bin\win32\mcos.dll
0x7c210000 - 0x7c24c000 	C:\Program Files (x86)\MATLAB\R2015b\bin\win32\libmwcholmod.dll
0x7c200000 - 0x7c20a000 	C:\Program Files (x86)\MATLAB\R2015b\bin\win32\libmwamd.dll
0x7c1f0000 - 0x7c1f9000 	C:\Program Files (x86)\MATLAB\R2015b\bin\win32\libmwcolamd.dll
0x04e20000 - 0x04e32000 	C:\Program Files (x86)\MATLAB\R2015b\bin\win32\libmwblas.dll

VM Arguments:
jvm_args: -Dfile.encoding=UTF-8 -Djava.library.path=/usr/lib/jni 
java_command: Interface.Tomografo
Launcher Type: SUN_STANDARD

Environment Variables:
JAVA_HOME=C:\Program Files\Java\jdk1.7.0_60
PATH=C:\Program Files (x86)\MATLAB\R2015b\bin\win32;C:\Program Files\Java\jdk1.7.0_60\bin;C:\Program Files (x86)\Common Files\Oracle\Java\javapath;C:\ProgramData\Oracle\Java\javapath;C:\Windows\system32;C:\Windows;C:\Windows\System32\Wbem;C:\Windows\System32\WindowsPowerShell\v1.0\;C:\Program Files\MATLAB\R2017b\runtime\win64;C:\Program Files\MATLAB\R2017b\bin;C:\Program Files (x86)\MATLAB\R2015b\runtime\win32;C:\Program Files (x86)\MATLAB\R2015b\bin;C:\Program Files (x86)\MATLAB\R2015b\polyspace\bin;C:\Program Files\MiKTeX 2.9\miktex\bin\x64\;C:\Program Files (x86)\MATLAB\MATLAB Runtime\v90\runtime\win32
USERNAME=Acustic
OS=Windows_NT
PROCESSOR_IDENTIFIER=Intel64 Family 6 Model 58 Stepping 9, GenuineIntel



---------------  S Y S T E M  ---------------

OS: Windows 7 , 64 bit Build 7601 Service Pack 1

CPU:total 8 (4 cores per cpu, 2 threads per core) family 6 model 58 stepping 9, cmov, cx8, fxsr, mmx, sse, sse2, sse3, ssse3, sse4.1, sse4.2, popcnt, avx, aes, erms, ht, tsc, tscinvbit, tscinv

Memory: 4k page, physical 4144268k(233408k free), swap 8286636k(889036k free)

vm_info: Java HotSpot(TM) Client VM (24.60-b09) for windows-x86 JRE (1.7.0_60-b19), built on May  7 2014 13:09:52 by "java_re" with unknown MS VC++:1600

time: Thu May 30 14:32:38 2019
elapsed time: 42 seconds

