#
# A fatal error has been detected by the Java Runtime Environment:
#
#  EXCEPTION_UNCAUGHT_CXX_EXCEPTION (0xe06d7363) at pc=0x763ac5af, pid=2880, tid=3344
#
# JRE version: Java(TM) SE Runtime Environment (7.0_60-b19) (build 1.7.0_60-b19)
# Java VM: Java HotSpot(TM) Client VM (24.60-b09 mixed mode, sharing windows-x86 )
# Problematic frame:
# C  [KERNELBASE.dll+0xc5af]
#
# Failed to write core dump. Minidumps are not enabled by default on client versions of Windows
#
# If you would like to submit a bug report, please visit:
#   http://bugreport.sun.com/bugreport/crash.jsp
# The crash happened outside the Java Virtual Machine in native code.
# See problematic frame for where to report the bug.
#

---------------  T H R E A D  ---------------

Current thread (0x04955400):  JavaThread "Thread-2" daemon [_thread_in_native, id=3344, stack(0x0b4b0000,0x0b500000)]

siginfo: ExceptionCode=0xe06d7363, ExceptionInformation=0x19930520 0x0b4fe4b4 0x074abf78 

Registers:
EAX=0x0b4fe41c, EBX=0x0b4fe6ac, ECX=0x00000003, EDX=0x00000000
ESP=0x0b4fe41c, EBP=0x0b4fe46c, ESI=0x06b802d0, EDI=0xffffffff
EIP=0x763ac5af, EFLAGS=0x00000202

Top of Stack: (sp=0x0b4fe41c)
0x0b4fe41c:   e06d7363 00000001 00000000 763ac5af
0x0b4fe42c:   00000003 19930520 0b4fe4b4 074abf78
0x0b4fe43c:   0b4fe4cc 69fe75bf 0b4fe4b4 0b4fe4cc
0x0b4fe44c:   0b4fe45c 69fe75f3 0c01aa48 0c01aa30
0x0b4fe45c:   0b4fe484 7e25aa5d 0c01aa48 0b4fe4b4
0x0b4fe46c:   0b4fe4a4 69fd9863 e06d7363 00000001
0x0b4fe47c:   00000003 0b4fe498 e06d7363 00000001
0x0b4fe48c:   00000000 00000000 00000003 19930520 

Instructions: (pc=0x763ac5af)
0x763ac58f:   02 50 ff 75 14 8d 45 c4 50 e8 e5 af 02 00 83 c4
0x763ac59f:   0c eb 03 89 45 c0 8d 45 b0 50 ff 15 5c 11 3a 76
0x763ac5af:   c9 c2 10 00 cc cc cc cc cc 8b ff 55 8b ec 56 8b
0x763ac5bf:   75 08 83 fe f4 72 18 83 fe f6 77 13 8d 45 08 50 


Register to memory mapping:

EAX=0x0b4fe41c is pointing into the stack for thread: 0x04955400
EBX=0x0b4fe6ac is pointing into the stack for thread: 0x04955400
ECX=0x00000003 is an unknown value
EDX=0x00000000 is an unknown value
ESP=0x0b4fe41c is pointing into the stack for thread: 0x04955400
EBP=0x0b4fe46c is pointing into the stack for thread: 0x04955400
ESI=0x06b802d0 is an unknown value
EDI=0xffffffff is an unknown value


Stack: [0x0b4b0000,0x0b500000],  sp=0x0b4fe41c,  free space=313k
Native frames: (J=compiled Java code, j=interpreted, Vv=VM code, C=native code)
C  [KERNELBASE.dll+0xc5af]
C  [MSVCR110.dll+0x19863]
C  [libut.dll+0xd47d]
C  [mclmcr.dll+0x10afd8]
C  [mclmcr.dll+0x10d135]
C  [mclmcr.dll+0xf014d]
C  [mclmcr.dll+0x15a5de]
C  [mclmcr.dll+0x15a112]
C  [nativemcl.dll+0xa4f86]
j  com.mathworks.toolbox.javabuilder.internal.MWMCR.mclInitializeComponentInstance(ZLjava/lang/String;Ljava/lang/String;Ljava/lang/String;Ljava/io/InputStream;ILjava/util/concurrent/Callable;Ljava/util/concurrent/Callable;)Lcom/mathworks/toolbox/javabuilder/internal/NativePtr;+0
j  com.mathworks.toolbox.javabuilder.internal.MWMCR.access$700(ZLjava/lang/String;Ljava/lang/String;Ljava/lang/String;Ljava/io/InputStream;ILjava/util/concurrent/Callable;Ljava/util/concurrent/Callable;)Lcom/mathworks/toolbox/javabuilder/internal/NativePtr;+12
j  com.mathworks.toolbox.javabuilder.internal.MWMCR$6.mclInitializeComponentInstance(ZLjava/lang/String;Ljava/lang/String;Ljava/lang/String;Ljava/io/InputStream;ILjava/util/concurrent/Callable;Ljava/util/concurrent/Callable;)Lcom/mathworks/toolbox/javabuilder/internal/NativePtr;+13
v  ~StubRoutines::call_stub
V  [jvm.dll+0x140e6a]
V  [jvm.dll+0x20529e]
V  [jvm.dll+0x140eed]
V  [jvm.dll+0x14d2ee]
V  [jvm.dll+0x14d515]
V  [jvm.dll+0xf1f99]
C  [java.dll+0x7d82]
j  sun.reflect.NativeMethodAccessorImpl.invoke(Ljava/lang/Object;[Ljava/lang/Object;)Ljava/lang/Object;+87
j  sun.reflect.DelegatingMethodAccessorImpl.invoke(Ljava/lang/Object;[Ljava/lang/Object;)Ljava/lang/Object;+6
j  java.lang.reflect.Method.invoke(Ljava/lang/Object;[Ljava/lang/Object;)Ljava/lang/Object;+57
j  com.mathworks.toolbox.javabuilder.internal.MWMCR$5.invoke(Ljava/lang/Object;Ljava/lang/reflect/Method;[Ljava/lang/Object;)Ljava/lang/Object;+8
j  com.sun.proxy.$Proxy0.mclInitializeComponentInstance(ZLjava/lang/String;Ljava/lang/String;Ljava/lang/String;Ljava/io/InputStream;ILjava/util/concurrent/Callable;Ljava/util/concurrent/Callable;)Lcom/mathworks/toolbox/javabuilder/internal/NativePtr;+58
v  ~StubRoutines::call_stub
V  [jvm.dll+0x140e6a]
V  [jvm.dll+0x20529e]
V  [jvm.dll+0x140eed]
V  [jvm.dll+0x14d2ee]
V  [jvm.dll+0x14d515]
V  [jvm.dll+0xf1f99]
C  [java.dll+0x7d82]
j  sun.reflect.NativeMethodAccessorImpl.invoke(Ljava/lang/Object;[Ljava/lang/Object;)Ljava/lang/Object;+87
j  sun.reflect.DelegatingMethodAccessorImpl.invoke(Ljava/lang/Object;[Ljava/lang/Object;)Ljava/lang/Object;+6
j  java.lang.reflect.Method.invoke(Ljava/lang/Object;[Ljava/lang/Object;)Ljava/lang/Object;+57
j  com.mathworks.toolbox.javabuilder.internal.MWMCR$4$1.call()Ljava/lang/Object;+11
j  com.mathworks.toolbox.javabuilder.internal.MCRThreadUtilities$CallableWrapper.call()Ljava/lang/Object;+4
j  java.util.concurrent.FutureTask.run()V+42
j  java.util.concurrent.ScheduledThreadPoolExecutor$ScheduledFutureTask.access$201(Ljava/util/concurrent/ScheduledThreadPoolExecutor$ScheduledFutureTask;)V+1
j  java.util.concurrent.ScheduledThreadPoolExecutor$ScheduledFutureTask.run()V+30
j  java.util.concurrent.ThreadPoolExecutor.runWorker(Ljava/util/concurrent/ThreadPoolExecutor$Worker;)V+95
j  java.util.concurrent.ThreadPoolExecutor$Worker.run()V+5
j  java.lang.Thread.run()V+11
v  ~StubRoutines::call_stub
V  [jvm.dll+0x140e6a]
V  [jvm.dll+0x20529e]
V  [jvm.dll+0x141035]
V  [jvm.dll+0x141097]
V  [jvm.dll+0xec49f]
V  [jvm.dll+0x1622dc]
V  [jvm.dll+0x162d37]
V  [jvm.dll+0x1a71e9]
C  [msvcr100.dll+0x5c556]
C  [msvcr100.dll+0x5c600]
C  [kernel32.dll+0x1343d]
C  [ntdll.dll+0x39802]
C  [ntdll.dll+0x397d5]

Java frames: (J=compiled Java code, j=interpreted, Vv=VM code)
j  com.mathworks.toolbox.javabuilder.internal.MWMCR.mclInitializeComponentInstance(ZLjava/lang/String;Ljava/lang/String;Ljava/lang/String;Ljava/io/InputStream;ILjava/util/concurrent/Callable;Ljava/util/concurrent/Callable;)Lcom/mathworks/toolbox/javabuilder/internal/NativePtr;+0
j  com.mathworks.toolbox.javabuilder.internal.MWMCR.access$700(ZLjava/lang/String;Ljava/lang/String;Ljava/lang/String;Ljava/io/InputStream;ILjava/util/concurrent/Callable;Ljava/util/concurrent/Callable;)Lcom/mathworks/toolbox/javabuilder/internal/NativePtr;+12
j  com.mathworks.toolbox.javabuilder.internal.MWMCR$6.mclInitializeComponentInstance(ZLjava/lang/String;Ljava/lang/String;Ljava/lang/String;Ljava/io/InputStream;ILjava/util/concurrent/Callable;Ljava/util/concurrent/Callable;)Lcom/mathworks/toolbox/javabuilder/internal/NativePtr;+13
v  ~StubRoutines::call_stub
j  sun.reflect.NativeMethodAccessorImpl.invoke0(Ljava/lang/reflect/Method;Ljava/lang/Object;[Ljava/lang/Object;)Ljava/lang/Object;+0
j  sun.reflect.NativeMethodAccessorImpl.invoke(Ljava/lang/Object;[Ljava/lang/Object;)Ljava/lang/Object;+87
j  sun.reflect.DelegatingMethodAccessorImpl.invoke(Ljava/lang/Object;[Ljava/lang/Object;)Ljava/lang/Object;+6
j  java.lang.reflect.Method.invoke(Ljava/lang/Object;[Ljava/lang/Object;)Ljava/lang/Object;+57
j  com.mathworks.toolbox.javabuilder.internal.MWMCR$5.invoke(Ljava/lang/Object;Ljava/lang/reflect/Method;[Ljava/lang/Object;)Ljava/lang/Object;+8
j  com.sun.proxy.$Proxy0.mclInitializeComponentInstance(ZLjava/lang/String;Ljava/lang/String;Ljava/lang/String;Ljava/io/InputStream;ILjava/util/concurrent/Callable;Ljava/util/concurrent/Callable;)Lcom/mathworks/toolbox/javabuilder/internal/NativePtr;+58
v  ~StubRoutines::call_stub
j  sun.reflect.NativeMethodAccessorImpl.invoke0(Ljava/lang/reflect/Method;Ljava/lang/Object;[Ljava/lang/Object;)Ljava/lang/Object;+0
j  sun.reflect.NativeMethodAccessorImpl.invoke(Ljava/lang/Object;[Ljava/lang/Object;)Ljava/lang/Object;+87
j  sun.reflect.DelegatingMethodAccessorImpl.invoke(Ljava/lang/Object;[Ljava/lang/Object;)Ljava/lang/Object;+6
j  java.lang.reflect.Method.invoke(Ljava/lang/Object;[Ljava/lang/Object;)Ljava/lang/Object;+57
j  com.mathworks.toolbox.javabuilder.internal.MWMCR$4$1.call()Ljava/lang/Object;+11
j  com.mathworks.toolbox.javabuilder.internal.MCRThreadUtilities$CallableWrapper.call()Ljava/lang/Object;+4
j  java.util.concurrent.FutureTask.run()V+42
j  java.util.concurrent.ScheduledThreadPoolExecutor$ScheduledFutureTask.access$201(Ljava/util/concurrent/ScheduledThreadPoolExecutor$ScheduledFutureTask;)V+1
j  java.util.concurrent.ScheduledThreadPoolExecutor$ScheduledFutureTask.run()V+30
j  java.util.concurrent.ThreadPoolExecutor.runWorker(Ljava/util/concurrent/ThreadPoolExecutor$Worker;)V+95
j  java.util.concurrent.ThreadPoolExecutor$Worker.run()V+5
j  java.lang.Thread.run()V+11
v  ~StubRoutines::call_stub

---------------  P R O C E S S  ---------------

Java Threads: ( => current thread )
  0x0ef7e800 JavaThread "Connector Runnable" daemon [_thread_blocked, id=5560, stack(0x0f4a0000,0x0f4f0000)]
  0x0ec0ec00 JavaThread "EventMgr Dispatcher" daemon [_thread_in_native, id=6068, stack(0x0f3a0000,0x0f3f0000)]
  0x0495e000 JavaThread "MATLAB Compiler Runtime" daemon [_thread_in_native, id=1072, stack(0x0c7c0000,0x0cfc0000)]
  0x04955800 JavaThread "Thread-3" [_thread_blocked, id=5956, stack(0x0b6b0000,0x0b700000)]
=>0x04955400 JavaThread "Thread-2" daemon [_thread_in_native, id=3344, stack(0x0b4b0000,0x0b500000)]
  0x00bfc800 JavaThread "DestroyJavaVM" [_thread_blocked, id=5860, stack(0x004a0000,0x004f0000)]
  0x048ae000 JavaThread "AWT-EventQueue-0" [_thread_blocked, id=3104, stack(0x04a00000,0x04a50000)]
  0x048a5c00 JavaThread "AWT-Windows" daemon [_thread_in_native, id=4040, stack(0x00f50000,0x00fa0000)]
  0x048a5400 JavaThread "AWT-Shutdown" [_thread_blocked, id=2944, stack(0x04b60000,0x04bb0000)]
  0x048a2800 JavaThread "Java2D Disposer" daemon [_thread_blocked, id=3148, stack(0x04ac0000,0x04b10000)]
  0x00b01400 JavaThread "Service Thread" daemon [_thread_blocked, id=2984, stack(0x01260000,0x012b0000)]
  0x00afcc00 JavaThread "C1 CompilerThread0" daemon [_thread_blocked, id=4064, stack(0x01210000,0x01260000)]
  0x00afb800 JavaThread "Attach Listener" daemon [_thread_blocked, id=4212, stack(0x00840000,0x00890000)]
  0x00af8400 JavaThread "Signal Dispatcher" daemon [_thread_blocked, id=4052, stack(0x010f0000,0x01140000)]
  0x00a8a000 JavaThread "Finalizer" daemon [_thread_blocked, id=4344, stack(0x00fa0000,0x00ff0000)]
  0x00a88800 JavaThread "Reference Handler" daemon [_thread_blocked, id=2172, stack(0x00ed0000,0x00f20000)]

Other Threads:
  0x00a87000 VMThread [stack: 0x00db0000,0x00e00000] [id=208]
  0x00b13c00 WatcherThread [stack: 0x00d50000,0x00da0000] [id=524]

VM state:not at safepoint (normal execution)

VM Mutex/Monitor currently owned by a thread: None

Heap
 def new generation   total 4928K, used 1335K [0x24600000, 0x24b50000, 0x29b50000)
  eden space 4416K,  25% used [0x24600000, 0x24717068, 0x24a50000)
  from space 512K,  42% used [0x24ad0000, 0x24b06ca8, 0x24b50000)
  to   space 512K,   0% used [0x24a50000, 0x24a50000, 0x24ad0000)
 tenured generation   total 10944K, used 2928K [0x29b50000, 0x2a600000, 0x34600000)
   the space 10944K,  26% used [0x29b50000, 0x29e2c2b8, 0x29e2c400, 0x2a600000)
 compacting perm gen  total 12288K, used 2121K [0x34600000, 0x35200000, 0x38600000)
   the space 12288K,  17% used [0x34600000, 0x348125b8, 0x34812600, 0x35200000)
    ro space 10240K,  44% used [0x38600000, 0x38a7a7a8, 0x38a7a800, 0x39000000)
    rw space 12288K,  52% used [0x39000000, 0x39651db0, 0x39651e00, 0x39c00000)

Card table byte_map: [0x00b30000,0x00be0000] byte_map_base: 0x00a0d000

Polling page: 0x00180000

Code Cache  [0x027f0000, 0x02900000, 0x047f0000)
 total_blobs=530 nmethods=322 adapters=145 free_code_cache=31682Kb largest_free_block=32443008

Compilation events (10 events):
Event: 37.015 Thread 0x00afcc00  314             java.lang.String::lastIndexOf (13 bytes)
Event: 37.015 Thread 0x00afcc00 nmethod 314 0x028fd908 code [0x028fda10, 0x028fdaac]
Event: 37.082 Thread 0x00afcc00  315             sun.misc.VM::allowArraySyntax (4 bytes)
Event: 37.082 Thread 0x00afcc00 nmethod 315 0x028fdb48 code [0x028fdc40, 0x028fdcc0]
Event: 37.203 Thread 0x00afcc00  316             java.util.WeakHashMap::remove (133 bytes)
Event: 37.204 Thread 0x00afcc00 nmethod 316 0x028fdd08 code [0x028fde40, 0x028fe0a4]
Event: 38.725 Thread 0x00afcc00  320             java.lang.ThreadLocal$ThreadLocalMap::access$000 (6 bytes)
Event: 38.725 Thread 0x00afcc00 nmethod 320 0x028fec08 code [0x028fed00, 0x028fed8c]
Event: 50.812 Thread 0x00afcc00  321             java.lang.ClassLoader::checkName (43 bytes)
Event: 50.812 Thread 0x00afcc00 nmethod 321 0x028fee08 code [0x028fef30, 0x028ff0e8]

GC Heap History (10 events):
Event: 31.669 GC heap before
{Heap before GC invocations=4 (full 0):
 def new generation   total 4928K, used 4928K [0x24600000, 0x24b50000, 0x29b50000)
  eden space 4416K, 100% used [0x24600000, 0x24a50000, 0x24a50000)
  from space 512K, 100% used [0x24a50000, 0x24ad0000, 0x24ad0000)
  to   space 512K,   0% used [0x24ad0000, 0x24ad0000, 0x24b50000)
 tenured generation   total 10944K, used 2248K [0x29b50000, 0x2a600000, 0x34600000)
   the space 10944K,  20% used [0x29b50000, 0x29d821a0, 0x29d82200, 0x2a600000)
 compacting perm gen  total 12288K, used 1652K [0x34600000, 0x35200000, 0x38600000)
   the space 12288K,  13% used [0x34600000, 0x3479d2e8, 0x3479d400, 0x35200000)
    ro space 10240K,  44% used [0x38600000, 0x38a7a7a8, 0x38a7a800, 0x39000000)
    rw space 12288K,  52% used [0x39000000, 0x39651db0, 0x39651e00, 0x39c00000)
Event: 31.670 GC heap after
Heap after GC invocations=5 (full 0):
 def new generation   total 4928K, used 184K [0x24600000, 0x24b50000, 0x29b50000)
  eden space 4416K,   0% used [0x24600000, 0x24600000, 0x24a50000)
  from space 512K,  35% used [0x24ad0000, 0x24afe098, 0x24b50000)
  to   space 512K,   0% used [0x24a50000, 0x24a50000, 0x24ad0000)
 tenured generation   total 10944K, used 2567K [0x29b50000, 0x2a600000, 0x34600000)
   the space 10944K,  23% used [0x29b50000, 0x29dd1f38, 0x29dd2000, 0x2a600000)
 compacting perm gen  total 12288K, used 1652K [0x34600000, 0x35200000, 0x38600000)
   the space 12288K,  13% used [0x34600000, 0x3479d2e8, 0x3479d400, 0x35200000)
    ro space 10240K,  44% used [0x38600000, 0x38a7a7a8, 0x38a7a800, 0x39000000)
    rw space 12288K,  52% used [0x39000000, 0x39651db0, 0x39651e00, 0x39c00000)
}
Event: 36.535 GC heap before
{Heap before GC invocations=5 (full 0):
 def new generation   total 4928K, used 4600K [0x24600000, 0x24b50000, 0x29b50000)
  eden space 4416K, 100% used [0x24600000, 0x24a50000, 0x24a50000)
  from space 512K,  35% used [0x24ad0000, 0x24afe098, 0x24b50000)
  to   space 512K,   0% used [0x24a50000, 0x24a50000, 0x24ad0000)
 tenured generation   total 10944K, used 2567K [0x29b50000, 0x2a600000, 0x34600000)
   the space 10944K,  23% used [0x29b50000, 0x29dd1f38, 0x29dd2000, 0x2a600000)
 compacting perm gen  total 12288K, used 1750K [0x34600000, 0x35200000, 0x38600000)
   the space 12288K,  14% used [0x34600000, 0x347b5b00, 0x347b5c00, 0x35200000)
    ro space 10240K,  44% used [0x38600000, 0x38a7a7a8, 0x38a7a800, 0x39000000)
    rw space 12288K,  52% used [0x39000000, 0x39651db0, 0x39651e00, 0x39c00000)
Event: 36.536 GC heap after
Heap after GC invocations=6 (full 0):
 def new generation   total 4928K, used 507K [0x24600000, 0x24b50000, 0x29b50000)
  eden space 4416K,   0% used [0x24600000, 0x24600000, 0x24a50000)
  from space 512K,  99% used [0x24a50000, 0x24aced78, 0x24ad0000)
  to   space 512K,   0% used [0x24ad0000, 0x24ad0000, 0x24b50000)
 tenured generation   total 10944K, used 2595K [0x29b50000, 0x2a600000, 0x34600000)
   the space 10944K,  23% used [0x29b50000, 0x29dd8d00, 0x29dd8e00, 0x2a600000)
 compacting perm gen  total 12288K, used 1750K [0x34600000, 0x35200000, 0x38600000)
   the space 12288K,  14% used [0x34600000, 0x347b5b00, 0x347b5c00, 0x35200000)
    ro space 10240K,  44% used [0x38600000, 0x38a7a7a8, 0x38a7a800, 0x39000000)
    rw space 12288K,  52% used [0x39000000, 0x39651db0, 0x39651e00, 0x39c00000)
}
Event: 36.914 GC heap before
{Heap before GC invocations=6 (full 0):
 def new generation   total 4928K, used 4923K [0x24600000, 0x24b50000, 0x29b50000)
  eden space 4416K, 100% used [0x24600000, 0x24a50000, 0x24a50000)
  from space 512K,  99% used [0x24a50000, 0x24aced78, 0x24ad0000)
  to   space 512K,   0% used [0x24ad0000, 0x24ad0000, 0x24b50000)
 tenured generation   total 10944K, used 2595K [0x29b50000, 0x2a600000, 0x34600000)
   the space 10944K,  23% used [0x29b50000, 0x29dd8d00, 0x29dd8e00, 0x2a600000)
 compacting perm gen  total 12288K, used 1887K [0x34600000, 0x35200000, 0x38600000)
   the space 12288K,  15% used [0x34600000, 0x347d7f20, 0x347d8000, 0x35200000)
    ro space 10240K,  44% used [0x38600000, 0x38a7a7a8, 0x38a7a800, 0x39000000)
    rw space 12288K,  52% used [0x39000000, 0x39651db0, 0x39651e00, 0x39c00000)
Event: 36.915 GC heap after
Heap after GC invocations=7 (full 0):
 def new generation   total 4928K, used 163K [0x24600000, 0x24b50000, 0x29b50000)
  eden space 4416K,   0% used [0x24600000, 0x24600000, 0x24a50000)
  from space 512K,  32% used [0x24ad0000, 0x24af8f98, 0x24b50000)
  to   space 512K,   0% used [0x24a50000, 0x24a50000, 0x24ad0000)
 tenured generation   total 10944K, used 2928K [0x29b50000, 0x2a600000, 0x34600000)
   the space 10944K,  26% used [0x29b50000, 0x29e2c2b8, 0x29e2c400, 0x2a600000)
 compacting perm gen  total 12288K, used 1887K [0x34600000, 0x35200000, 0x38600000)
   the space 12288K,  15% used [0x34600000, 0x347d7f20, 0x347d8000, 0x35200000)
    ro space 10240K,  44% used [0x38600000, 0x38a7a7a8, 0x38a7a800, 0x39000000)
    rw space 12288K,  52% used [0x39000000, 0x39651db0, 0x39651e00, 0x39c00000)
}
Event: 37.221 GC heap before
{Heap before GC invocations=7 (full 0):
 def new generation   total 4928K, used 4579K [0x24600000, 0x24b50000, 0x29b50000)
  eden space 4416K, 100% used [0x24600000, 0x24a50000, 0x24a50000)
  from space 512K,  32% used [0x24ad0000, 0x24af8f98, 0x24b50000)
  to   space 512K,   0% used [0x24a50000, 0x24a50000, 0x24ad0000)
 tenured generation   total 10944K, used 2928K [0x29b50000, 0x2a600000, 0x34600000)
   the space 10944K,  26% used [0x29b50000, 0x29e2c2b8, 0x29e2c400, 0x2a600000)
 compacting perm gen  total 12288K, used 1997K [0x34600000, 0x35200000, 0x38600000)
   the space 12288K,  16% used [0x34600000, 0x347f3540, 0x347f3600, 0x35200000)
    ro space 10240K,  44% used [0x38600000, 0x38a7a7a8, 0x38a7a800, 0x39000000)
    rw space 12288K,  52% used [0x39000000, 0x39651db0, 0x39651e00, 0x39c00000)
Event: 37.222 GC heap after
Heap after GC invocations=8 (full 0):
 def new generation   total 4928K, used 243K [0x24600000, 0x24b50000, 0x29b50000)
  eden space 4416K,   0% used [0x24600000, 0x24600000, 0x24a50000)
  from space 512K,  47% used [0x24a50000, 0x24a8cc68, 0x24ad0000)
  to   space 512K,   0% used [0x24ad0000, 0x24ad0000, 0x24b50000)
 tenured generation   total 10944K, used 2928K [0x29b50000, 0x2a600000, 0x34600000)
   the space 10944K,  26% used [0x29b50000, 0x29e2c2b8, 0x29e2c400, 0x2a600000)
 compacting perm gen  total 12288K, used 1997K [0x34600000, 0x35200000, 0x38600000)
   the space 12288K,  16% used [0x34600000, 0x347f3540, 0x347f3600, 0x35200000)
    ro space 10240K,  44% used [0x38600000, 0x38a7a7a8, 0x38a7a800, 0x39000000)
    rw space 12288K,  52% used [0x39000000, 0x39651db0, 0x39651e00, 0x39c00000)
}
Event: 50.803 GC heap before
{Heap before GC invocations=8 (full 0):
 def new generation   total 4928K, used 4659K [0x24600000, 0x24b50000, 0x29b50000)
  eden space 4416K, 100% used [0x24600000, 0x24a50000, 0x24a50000)
  from space 512K,  47% used [0x24a50000, 0x24a8cc68, 0x24ad0000)
  to   space 512K,   0% used [0x24ad0000, 0x24ad0000, 0x24b50000)
 tenured generation   total 10944K, used 2928K [0x29b50000, 0x2a600000, 0x34600000)
   the space 10944K,  26% used [0x29b50000, 0x29e2c2b8, 0x29e2c400, 0x2a600000)
 compacting perm gen  total 12288K, used 2079K [0x34600000, 0x35200000, 0x38600000)
   the space 12288K,  16% used [0x34600000, 0x34807e48, 0x34808000, 0x35200000)
    ro space 10240K,  44% used [0x38600000, 0x38a7a7a8, 0x38a7a800, 0x39000000)
    rw space 12288K,  52% used [0x39000000, 0x39651db0, 0x39651e00, 0x39c00000)
Event: 50.804 GC heap after
Heap after GC invocations=9 (full 0):
 def new generation   total 4928K, used 219K [0x24600000, 0x24b50000, 0x29b50000)
  eden space 4416K,   0% used [0x24600000, 0x24600000, 0x24a50000)
  from space 512K,  42% used [0x24ad0000, 0x24b06ca8, 0x24b50000)
  to   space 512K,   0% used [0x24a50000, 0x24a50000, 0x24ad0000)
 tenured generation   total 10944K, used 2928K [0x29b50000, 0x2a600000, 0x34600000)
   the space 10944K,  26% used [0x29b50000, 0x29e2c2b8, 0x29e2c400, 0x2a600000)
 compacting perm gen  total 12288K, used 2079K [0x34600000, 0x35200000, 0x38600000)
   the space 12288K,  16% used [0x34600000, 0x34807e48, 0x34808000, 0x35200000)
    ro space 10240K,  44% used [0x38600000, 0x38a7a7a8, 0x38a7a800, 0x39000000)
    rw space 12288K,  52% used [0x39000000, 0x39651db0, 0x39651e00, 0x39c00000)
}

Deoptimization events (0 events):
No events

Internal exceptions (10 events):
Event: 50.821 Thread 0x0495e000 Threw 0x246513a0 at C:\re\jdk7u60\1081\hotspot\src\share\vm\prims\jvm.cpp:1244
Event: 50.821 Thread 0x0495e000 Threw 0x24653158 at C:\re\jdk7u60\1081\hotspot\src\share\vm\prims\jvm.cpp:1244
Event: 50.822 Thread 0x0495e000 Threw 0x2466eb60 at C:\re\jdk7u60\1081\hotspot\src\share\vm\prims\jvm.cpp:1244
Event: 50.822 Thread 0x0495e000 Threw 0x24671060 at C:\re\jdk7u60\1081\hotspot\src\share\vm\prims\jvm.cpp:1244
Event: 50.833 Thread 0x0495e000 Threw 0x2469ada0 at C:\re\jdk7u60\1081\hotspot\src\share\vm\prims\jvm.cpp:1244
Event: 50.833 Thread 0x0495e000 Threw 0x2469d298 at C:\re\jdk7u60\1081\hotspot\src\share\vm\prims\jvm.cpp:1244
Event: 50.834 Thread 0x0495e000 Threw 0x246c00f8 at C:\re\jdk7u60\1081\hotspot\src\share\vm\prims\jvm.cpp:1244
Event: 50.834 Thread 0x0495e000 Threw 0x246c24b0 at C:\re\jdk7u60\1081\hotspot\src\share\vm\prims\jvm.cpp:1244
Event: 50.835 Thread 0x0495e000 Threw 0x246e12d0 at C:\re\jdk7u60\1081\hotspot\src\share\vm\prims\jvm.cpp:1244
Event: 50.835 Thread 0x0495e000 Threw 0x246e30f0 at C:\re\jdk7u60\1081\hotspot\src\share\vm\prims\jvm.cpp:1244

Events (10 events):
Event: 50.821 loading class 0x0ef7e308
Event: 50.821 loading class 0x0ef7e308 done
Event: 50.822 loading class 0x04910698
Event: 50.822 loading class 0x04910698 done
Event: 50.833 loading class 0x0e8cc6c8
Event: 50.833 loading class 0x0e8cc6c8 done
Event: 50.834 loading class 0x0ef81520
Event: 50.834 loading class 0x0ef81520 done
Event: 50.835 loading class 0x0ef968b8
Event: 50.835 loading class 0x0ef968b8 done


Dynamic libraries:
0x013c0000 - 0x013ef000 	C:\Program Files (x86)\Java\jdk1.7.0_60\bin\java.exe
0x76f40000 - 0x770c0000 	C:\Windows\SysWOW64\ntdll.dll
0x76480000 - 0x76590000 	C:\Windows\syswow64\kernel32.dll
0x763a0000 - 0x763e7000 	C:\Windows\syswow64\KERNELBASE.dll
0x76a40000 - 0x76ae1000 	C:\Windows\syswow64\ADVAPI32.dll
0x768f0000 - 0x7699c000 	C:\Windows\syswow64\msvcrt.dll
0x74c60000 - 0x74c79000 	C:\Windows\SysWOW64\sechost.dll
0x74ad0000 - 0x74bc0000 	C:\Windows\syswow64\RPCRT4.dll
0x745f0000 - 0x74650000 	C:\Windows\syswow64\SspiCli.dll
0x745e0000 - 0x745ec000 	C:\Windows\syswow64\CRYPTBASE.dll
0x765a0000 - 0x766a0000 	C:\Windows\syswow64\USER32.dll
0x74bc0000 - 0x74c50000 	C:\Windows\syswow64\GDI32.dll
0x766b0000 - 0x766ba000 	C:\Windows\syswow64\LPK.dll
0x74c80000 - 0x74d1d000 	C:\Windows\syswow64\USP10.dll
0x73c40000 - 0x73dde000 	C:\Windows\WinSxS\x86_microsoft.windows.common-controls_6595b64144ccf1df_6.0.7601.24440_none_2b1c5296457b2f0c\COMCTL32.dll
0x76af0000 - 0x76b47000 	C:\Windows\syswow64\SHLWAPI.dll
0x76300000 - 0x76360000 	C:\Windows\system32\IMM32.DLL
0x76710000 - 0x767dd000 	C:\Windows\syswow64\MSCTF.dll
0x6bd30000 - 0x6bdef000 	C:\Program Files (x86)\Java\jdk1.7.0_60\jre\bin\msvcr100.dll
0x6ae70000 - 0x6b1f8000 	C:\Program Files (x86)\Java\jdk1.7.0_60\jre\bin\client\jvm.dll
0x737a0000 - 0x737a7000 	C:\Windows\system32\WSOCK32.dll
0x74d20000 - 0x74d55000 	C:\Windows\syswow64\WS2_32.dll
0x76b50000 - 0x76b56000 	C:\Windows\syswow64\NSI.dll
0x6f1b0000 - 0x6f1e2000 	C:\Windows\system32\WINMM.dll
0x76590000 - 0x76595000 	C:\Windows\syswow64\PSAPI.DLL
0x73780000 - 0x7378c000 	C:\Program Files (x86)\Java\jdk1.7.0_60\jre\bin\verify.dll
0x6bd10000 - 0x6bd30000 	C:\Program Files (x86)\Java\jdk1.7.0_60\jre\bin\java.dll
0x73760000 - 0x73773000 	C:\Program Files (x86)\Java\jdk1.7.0_60\jre\bin\zip.dll
0x6bbc0000 - 0x6bd03000 	C:\Program Files (x86)\Java\jdk1.7.0_60\jre\bin\awt.dll
0x769a0000 - 0x76a32000 	C:\Windows\syswow64\OLEAUT32.dll
0x74680000 - 0x747df000 	C:\Windows\syswow64\ole32.dll
0x6f900000 - 0x6f980000 	C:\Windows\system32\uxtheme.dll
0x6f980000 - 0x6f993000 	C:\Windows\system32\dwmapi.dll
0x74d60000 - 0x759ac000 	C:\Windows\syswow64\SHELL32.dll
0x6bb80000 - 0x6bbb9000 	C:\Program Files (x86)\Java\jdk1.7.0_60\jre\bin\fontmanager.dll
0x6f5b0000 - 0x6f773000 	C:\Windows\system32\d3d9.dll
0x73040000 - 0x73049000 	C:\Windows\system32\VERSION.dll
0x6f5a0000 - 0x6f5a6000 	C:\Windows\system32\d3d8thk.dll
0x6a0a0000 - 0x6ae6e000 	C:\Windows\system32\nvd3dum.dll
0x73000000 - 0x73025000 	C:\Windows\system32\powrprof.dll
0x747e0000 - 0x7497d000 	C:\Windows\syswow64\SETUPAPI.dll
0x76360000 - 0x76387000 	C:\Windows\syswow64\CFGMGR32.dll
0x74980000 - 0x74992000 	C:\Windows\syswow64\DEVOBJ.dll
0x10000000 - 0x10012000 	C:\Program Files (x86)\Java\jdk1.7.0_60\jre\bin\rxtxSerial.dll
0x6c240000 - 0x6c267000 	C:\Windows\system32\crtdll.dll
0x00460000 - 0x0048b000 	C:\Program Files (x86)\MATLAB\R2015b\bin\win32\BuilderJABootstrap.dll
0x00490000 - 0x0049c000 	C:\Program Files (x86)\MATLAB\R2015b\bin\win32\nativedl.dll
0x6baf0000 - 0x6bb75000 	C:\Windows\system32\MSVCP110.dll
0x69fc0000 - 0x6a096000 	C:\Windows\system32\MSVCR110.dll
0x7e240000 - 0x7e401000 	C:\Program Files (x86)\MATLAB\R2015b\bin\win32\libmwfl.dll
0x74650000 - 0x7467b000 	C:\Windows\syswow64\imagehlp.dll
0x056c0000 - 0x05789000 	C:\Program Files (x86)\MATLAB\R2015b\bin\win32\libmwi18n.dll
0x004f0000 - 0x004f7000 	C:\Program Files (x86)\MATLAB\R2015b\bin\win32\libmwresource_core.dll
0x6bae0000 - 0x6baec000 	C:\Program Files (x86)\MATLAB\R2015b\bin\win32\boost_date_time-vc110-mt-1_49.dll
0x6bab0000 - 0x6bad5000 	C:\Program Files (x86)\MATLAB\R2015b\bin\win32\boost_filesystem-vc110-mt-1_49.dll
0x6baa0000 - 0x6baa7000 	C:\Program Files (x86)\MATLAB\R2015b\bin\win32\boost_system-vc110-mt-1_49.dll
0x6ba90000 - 0x6ba9e000 	C:\Program Files (x86)\MATLAB\R2015b\bin\win32\boost_thread-vc110-mt-1_49.dll
0x6ba70000 - 0x6ba8f000 	C:\Program Files (x86)\MATLAB\R2015b\bin\win32\LIBEXPAT.dll
0x06bf0000 - 0x06d89000 	C:\Program Files (x86)\MATLAB\R2015b\bin\win32\icuin54.dll
0x06d90000 - 0x06eaf000 	C:\Program Files (x86)\MATLAB\R2015b\bin\win32\icuuc54.dll
0x68790000 - 0x69fbc000 	C:\Program Files (x86)\MATLAB\R2015b\bin\win32\icudt54.dll
0x00580000 - 0x0058e000 	C:\Program Files (x86)\MATLAB\R2015b\bin\win32\icuio54.dll
0x68710000 - 0x68782000 	C:\Program Files (x86)\MATLAB\R2015b\bin\win32\boost_log-vc110-mt-1_49.dll
0x68650000 - 0x68706000 	C:\Program Files (x86)\MATLAB\R2015b\bin\win32\boost_regex-vc110-mt-1_49.dll
0x6ba30000 - 0x6ba6d000 	C:\Program Files (x86)\MATLAB\R2015b\bin\win32\boost_serialization-vc110-mt-1_49.dll
0x68640000 - 0x6864f000 	C:\Program Files (x86)\MATLAB\R2015b\bin\win32\boost_signals-vc110-mt-1_49.dll
0x68600000 - 0x68631000 	C:\Program Files (x86)\MATLAB\R2015b\bin\win32\tbb.dll
0x07240000 - 0x0743d000 	C:\Program Files (x86)\MATLAB\R2015b\bin\win32\nativemcl.dll
0x07440000 - 0x074e2000 	C:\Program Files (x86)\MATLAB\R2015b\bin\win32\libut.dll
0x7dd60000 - 0x7deb6000 	C:\Program Files (x86)\MATLAB\R2015b\bin\win32\libmx.dll
0x685d0000 - 0x685f6000 	C:\Program Files (x86)\MATLAB\R2015b\bin\win32\tbbmalloc.dll
0x685b0000 - 0x685c4000 	C:\Program Files (x86)\MATLAB\R2015b\bin\win32\zlib1.dll
0x074f0000 - 0x07984000 	C:\Program Files (x86)\MATLAB\R2015b\bin\win32\libmwservices.dll
0x00c00000 - 0x00c13000 	C:\Program Files (x86)\MATLAB\R2015b\bin\win32\display_device.dll
0x7dd20000 - 0x7dd5f000 	C:\Program Files (x86)\MATLAB\R2015b\bin\win32\libmwregexp.dll
0x00cc0000 - 0x00d03000 	C:\Program Files (x86)\MATLAB\R2015b\bin\win32\mpath.dll
0x07990000 - 0x07d12000 	C:\Program Files (x86)\MATLAB\R2015b\bin\win32\libmwms.dll
0x685a0000 - 0x685ad000 	C:\Program Files (x86)\MATLAB\R2015b\bin\win32\boost_iostreams-vc110-mt-1_49.dll
0x73e60000 - 0x73e9c000 	C:\Windows\system32\MSWSOCK.dll
0x7d640000 - 0x7da52000 	C:\Program Files (x86)\MATLAB\R2015b\bin\win32\mlutil.dll
0x07d20000 - 0x07f82000 	C:\Program Files (x86)\MATLAB\R2015b\bin\win32\settingscore.dll
0x7d370000 - 0x7d3d2000 	C:\Program Files (x86)\MATLAB\R2015b\bin\win32\xmlcore.dll
0x12000000 - 0x121dd000 	C:\Program Files (x86)\MATLAB\R2015b\bin\win32\xerces-c_3_1.dll
0x7d180000 - 0x7d185000 	C:\Program Files (x86)\MATLAB\R2015b\bin\win32\libmwnativedisplay.dll
0x7d130000 - 0x7d178000 	C:\Program Files (x86)\MATLAB\R2015b\bin\win32\opccore.dll
0x04dd0000 - 0x04ec9000 	C:\Program Files (x86)\MATLAB\R2015b\bin\win32\opcmodel.dll
0x04ed0000 - 0x05111000 	C:\Program Files (x86)\MATLAB\R2015b\bin\win32\libmwflnetwork.dll
0x7d060000 - 0x7d084000 	C:\Program Files (x86)\MATLAB\R2015b\bin\win32\opczippackage.dll
0x68590000 - 0x6859e000 	C:\Program Files (x86)\MATLAB\R2015b\bin\win32\libminizip.dll
0x05120000 - 0x05282000 	C:\Program Files (x86)\MATLAB\R2015b\bin\win32\opcmwservices.dll
0x00c20000 - 0x00c38000 	C:\Program Files (x86)\MATLAB\R2015b\bin\win32\webproxy.dll
0x6de00000 - 0x6de58000 	C:\Windows\system32\WINHTTP.dll
0x6ddb0000 - 0x6de00000 	C:\Windows\system32\webio.dll
0x76220000 - 0x7629b000 	C:\Windows\syswow64\comdlg32.dll
0x73400000 - 0x73411000 	C:\Windows\system32\netapi32.dll
0x733f0000 - 0x733f9000 	C:\Windows\system32\netutils.dll
0x733d0000 - 0x733e9000 	C:\Windows\system32\srvcli.dll
0x733c0000 - 0x733cf000 	C:\Windows\system32\wkscli.dll
0x68410000 - 0x68582000 	C:\Program Files (x86)\MATLAB\R2015b\bin\win32\pocofoundation.dll
0x73ad0000 - 0x73aec000 	C:\Windows\system32\IPHLPAPI.DLL
0x73ac0000 - 0x73ac7000 	C:\Windows\system32\WINNSI.DLL
0x68330000 - 0x68403000 	C:\Program Files (x86)\MATLAB\R2015b\bin\win32\poconet.dll
0x682f0000 - 0x68328000 	C:\Program Files (x86)\MATLAB\R2015b\bin\win32\poconetssl.dll
0x681d0000 - 0x682f0000 	C:\Program Files (x86)\MATLAB\R2015b\bin\win32\LIBEAY32.dll
0x68180000 - 0x681c7000 	C:\Program Files (x86)\MATLAB\R2015b\bin\win32\SSLEAY32.dll
0x68160000 - 0x68180000 	C:\Program Files (x86)\MATLAB\R2015b\bin\win32\PocoCrypto.dll
0x680f0000 - 0x68152000 	C:\Program Files (x86)\MATLAB\R2015b\bin\win32\PocoUtil.dll
0x68060000 - 0x680e6000 	C:\Program Files (x86)\MATLAB\R2015b\bin\win32\PocoXML.dll
0x68010000 - 0x68054000 	C:\Program Files (x86)\MATLAB\R2015b\bin\win32\PocoJSON.dll
0x05290000 - 0x0554b000 	C:\Program Files (x86)\MATLAB\R2015b\bin\win32\mclmcr.dll
0x7cf70000 - 0x7d030000 	C:\Program Files (x86)\MATLAB\R2015b\bin\win32\mcr.dll
0x07f90000 - 0x080c6000 	C:\Program Files (x86)\MATLAB\R2015b\bin\win32\iqm.dll
0x00f20000 - 0x00f29000 	C:\Program Files (x86)\MATLAB\R2015b\bin\win32\language_execution_interfaces.dll
0x080d0000 - 0x08177000 	C:\Program Files (x86)\MATLAB\R2015b\bin\win32\m_dispatcher.dll
0x08180000 - 0x087db000 	C:\Program Files (x86)\MATLAB\R2015b\bin\win32\m_interpreter.dll
0x7c780000 - 0x7c7a7000 	C:\Program Files (x86)\MATLAB\R2015b\bin\win32\libmex.dll
0x01140000 - 0x011a2000 	C:\Program Files (x86)\MATLAB\R2015b\bin\win32\profiler.dll
0x7c5d0000 - 0x7c732000 	C:\Program Files (x86)\MATLAB\R2015b\bin\win32\libmwmathutil.dll
0x04c90000 - 0x04ce9000 	C:\Program Files (x86)\MATLAB\R2015b\bin\win32\libmwmathrng.dll
0x7c590000 - 0x7c5a0000 	C:\Program Files (x86)\MATLAB\R2015b\bin\win32\libmwmfl_rng.dll
0x00f30000 - 0x00f36000 	C:\Program Files (x86)\MATLAB\R2015b\bin\win32\libmwdSFMT.dll
0x087e0000 - 0x0894f000 	C:\Program Files (x86)\MATLAB\R2015b\bin\win32\libmwmathcore.dll
0x7c460000 - 0x7c4b5000 	C:\Program Files (x86)\MATLAB\R2015b\bin\win32\libmwspmatrix.dll
0x7c260000 - 0x7c29a000 	C:\Program Files (x86)\MATLAB\R2015b\bin\win32\mcos.dll
0x7c210000 - 0x7c24c000 	C:\Program Files (x86)\MATLAB\R2015b\bin\win32\libmwcholmod.dll
0x7c200000 - 0x7c20a000 	C:\Program Files (x86)\MATLAB\R2015b\bin\win32\libmwamd.dll
0x7c1f0000 - 0x7c1f9000 	C:\Program Files (x86)\MATLAB\R2015b\bin\win32\libmwcolamd.dll
0x010b0000 - 0x010c2000 	C:\Program Files (x86)\MATLAB\R2015b\bin\win32\libmwblas.dll

VM Arguments:
jvm_args: -Dfile.encoding=UTF-8 -Djava.library.path=/usr/lib/jni 
java_command: Interface.Tomografo
Launcher Type: SUN_STANDARD

Environment Variables:
JAVA_HOME=C:\Program Files\Java\jdk1.7.0_60
PATH=C:\Program Files (x86)\MATLAB\R2015b\bin\win32;C:\Program Files\Java\jdk1.7.0_60\bin;C:\Program Files (x86)\Common Files\Oracle\Java\javapath;C:\ProgramData\Oracle\Java\javapath;C:\Windows\system32;C:\Windows;C:\Windows\System32\Wbem;C:\Windows\System32\WindowsPowerShell\v1.0\;C:\Program Files\MATLAB\R2017b\runtime\win64;C:\Program Files\MATLAB\R2017b\bin;C:\Program Files (x86)\MATLAB\R2015b\runtime\win32;C:\Program Files (x86)\MATLAB\R2015b\bin;C:\Program Files (x86)\MATLAB\R2015b\polyspace\bin;C:\Program Files\MiKTeX 2.9\miktex\bin\x64\;C:\Program Files (x86)\MATLAB\MATLAB Runtime\v90\runtime\win32
USERNAME=Acustic
OS=Windows_NT
PROCESSOR_IDENTIFIER=Intel64 Family 6 Model 58 Stepping 9, GenuineIntel



---------------  S Y S T E M  ---------------

OS: Windows 7 , 64 bit Build 7601 Service Pack 1

CPU:total 8 (4 cores per cpu, 2 threads per core) family 6 model 58 stepping 9, cmov, cx8, fxsr, mmx, sse, sse2, sse3, ssse3, sse4.1, sse4.2, popcnt, avx, aes, erms, ht, tsc, tscinvbit, tscinv

Memory: 4k page, physical 4144268k(183388k free), swap 8286636k(3684592k free)

vm_info: Java HotSpot(TM) Client VM (24.60-b09) for windows-x86 JRE (1.7.0_60-b19), built on May  7 2014 13:09:52 by "java_re" with unknown MS VC++:1600

time: Fri May 31 14:11:28 2019
elapsed time: 56 seconds

