#
# A fatal error has been detected by the Java Runtime Environment:
#
#  EXCEPTION_UNCAUGHT_CXX_EXCEPTION (0xe06d7363) at pc=0x7621c5af, pid=5320, tid=3680
#
# JRE version: Java(TM) SE Runtime Environment (7.0_60-b19) (build 1.7.0_60-b19)
# Java VM: Java HotSpot(TM) Client VM (24.60-b09 mixed mode, sharing windows-x86 )
# Problematic frame:
# C  [KERNELBASE.dll+0xc5af]
#
# Failed to write core dump. Minidumps are not enabled by default on client versions of Windows
#
# If you would like to submit a bug report, please visit:
#   http://bugreport.sun.com/bugreport/crash.jsp
# The crash happened outside the Java Virtual Machine in native code.
# See problematic frame for where to report the bug.
#

---------------  T H R E A D  ---------------

Current thread (0x012d7800):  JavaThread "Thread-2" daemon [_thread_in_native, id=3680, stack(0x0d630000,0x0d680000)]

siginfo: ExceptionCode=0xe06d7363, ExceptionInformation=0x19930520 0x0d67e484 0x0868bf78 

Registers:
EAX=0x0d67e3ec, EBX=0x0d67e67c, ECX=0x00000003, EDX=0x00000000
ESP=0x0d67e3ec, EBP=0x0d67e43c, ESI=0x06ac23a8, EDI=0xffffffff
EIP=0x7621c5af, EFLAGS=0x00000202

Top of Stack: (sp=0x0d67e3ec)
0x0d67e3ec:   e06d7363 00000001 00000000 7621c5af
0x0d67e3fc:   00000003 19930520 0d67e484 0868bf78
0x0d67e40c:   0d67e49c 708e75bf 0d67e484 0d67e49c
0x0d67e41c:   0d67e42c 708e75f3 0e018658 0e018640
0x0d67e42c:   0d67e454 7e25aa5d 0e018658 0d67e484
0x0d67e43c:   0d67e474 708d9863 e06d7363 00000001
0x0d67e44c:   00000003 0d67e468 e06d7363 00000001
0x0d67e45c:   00000000 00000000 00000003 19930520 

Instructions: (pc=0x7621c5af)
0x7621c58f:   02 50 ff 75 14 8d 45 c4 50 e8 e5 af 02 00 83 c4
0x7621c59f:   0c eb 03 89 45 c0 8d 45 b0 50 ff 15 5c 11 21 76
0x7621c5af:   c9 c2 10 00 cc cc cc cc cc 8b ff 55 8b ec 56 8b
0x7621c5bf:   75 08 83 fe f4 72 18 83 fe f6 77 13 8d 45 08 50 


Register to memory mapping:

EAX=0x0d67e3ec is pointing into the stack for thread: 0x012d7800
EBX=0x0d67e67c is pointing into the stack for thread: 0x012d7800
ECX=0x00000003 is an unknown value
EDX=0x00000000 is an unknown value
ESP=0x0d67e3ec is pointing into the stack for thread: 0x012d7800
EBP=0x0d67e43c is pointing into the stack for thread: 0x012d7800
ESI=0x06ac23a8 is an unknown value
EDI=0xffffffff is an unknown value


Stack: [0x0d630000,0x0d680000],  sp=0x0d67e3ec,  free space=312k
Native frames: (J=compiled Java code, j=interpreted, Vv=VM code, C=native code)
C  [KERNELBASE.dll+0xc5af]
C  [MSVCR110.dll+0x19863]
C  [libut.dll+0xd47d]
C  [mclmcr.dll+0x10afd8]
C  [mclmcr.dll+0x10d135]
C  [mclmcr.dll+0xf014d]
C  [mclmcr.dll+0x15a5de]
C  [mclmcr.dll+0x15a112]
C  [nativemcl.dll+0xa4f86]
j  com.mathworks.toolbox.javabuilder.internal.MWMCR.mclInitializeComponentInstance(ZLjava/lang/String;Ljava/lang/String;Ljava/lang/String;Ljava/io/InputStream;ILjava/util/concurrent/Callable;Ljava/util/concurrent/Callable;)Lcom/mathworks/toolbox/javabuilder/internal/NativePtr;+0
j  com.mathworks.toolbox.javabuilder.internal.MWMCR.access$700(ZLjava/lang/String;Ljava/lang/String;Ljava/lang/String;Ljava/io/InputStream;ILjava/util/concurrent/Callable;Ljava/util/concurrent/Callable;)Lcom/mathworks/toolbox/javabuilder/internal/NativePtr;+12
j  com.mathworks.toolbox.javabuilder.internal.MWMCR$6.mclInitializeComponentInstance(ZLjava/lang/String;Ljava/lang/String;Ljava/lang/String;Ljava/io/InputStream;ILjava/util/concurrent/Callable;Ljava/util/concurrent/Callable;)Lcom/mathworks/toolbox/javabuilder/internal/NativePtr;+13
v  ~StubRoutines::call_stub
V  [jvm.dll+0x140e6a]
V  [jvm.dll+0x20529e]
V  [jvm.dll+0x140eed]
V  [jvm.dll+0x14d2ee]
V  [jvm.dll+0x14d515]
V  [jvm.dll+0xf1f99]
C  [java.dll+0x7d82]
j  sun.reflect.NativeMethodAccessorImpl.invoke(Ljava/lang/Object;[Ljava/lang/Object;)Ljava/lang/Object;+87
j  sun.reflect.DelegatingMethodAccessorImpl.invoke(Ljava/lang/Object;[Ljava/lang/Object;)Ljava/lang/Object;+6
j  java.lang.reflect.Method.invoke(Ljava/lang/Object;[Ljava/lang/Object;)Ljava/lang/Object;+57
j  com.mathworks.toolbox.javabuilder.internal.MWMCR$5.invoke(Ljava/lang/Object;Ljava/lang/reflect/Method;[Ljava/lang/Object;)Ljava/lang/Object;+8
j  com.sun.proxy.$Proxy0.mclInitializeComponentInstance(ZLjava/lang/String;Ljava/lang/String;Ljava/lang/String;Ljava/io/InputStream;ILjava/util/concurrent/Callable;Ljava/util/concurrent/Callable;)Lcom/mathworks/toolbox/javabuilder/internal/NativePtr;+58
v  ~StubRoutines::call_stub
V  [jvm.dll+0x140e6a]
V  [jvm.dll+0x20529e]
V  [jvm.dll+0x140eed]
V  [jvm.dll+0x14d2ee]
V  [jvm.dll+0x14d515]
V  [jvm.dll+0xf1f99]
C  [java.dll+0x7d82]
j  sun.reflect.NativeMethodAccessorImpl.invoke(Ljava/lang/Object;[Ljava/lang/Object;)Ljava/lang/Object;+87
j  sun.reflect.DelegatingMethodAccessorImpl.invoke(Ljava/lang/Object;[Ljava/lang/Object;)Ljava/lang/Object;+6
j  java.lang.reflect.Method.invoke(Ljava/lang/Object;[Ljava/lang/Object;)Ljava/lang/Object;+57
j  com.mathworks.toolbox.javabuilder.internal.MWMCR$4$1.call()Ljava/lang/Object;+11
j  com.mathworks.toolbox.javabuilder.internal.MCRThreadUtilities$CallableWrapper.call()Ljava/lang/Object;+4
j  java.util.concurrent.FutureTask.run()V+42
j  java.util.concurrent.ScheduledThreadPoolExecutor$ScheduledFutureTask.access$201(Ljava/util/concurrent/ScheduledThreadPoolExecutor$ScheduledFutureTask;)V+1
j  java.util.concurrent.ScheduledThreadPoolExecutor$ScheduledFutureTask.run()V+30
j  java.util.concurrent.ThreadPoolExecutor.runWorker(Ljava/util/concurrent/ThreadPoolExecutor$Worker;)V+95
j  java.util.concurrent.ThreadPoolExecutor$Worker.run()V+5
j  java.lang.Thread.run()V+11
v  ~StubRoutines::call_stub
V  [jvm.dll+0x140e6a]
V  [jvm.dll+0x20529e]
V  [jvm.dll+0x141035]
V  [jvm.dll+0x141097]
V  [jvm.dll+0xec49f]
V  [jvm.dll+0x1622dc]
V  [jvm.dll+0x162d37]
V  [jvm.dll+0x1a71e9]
C  [msvcr100.dll+0x5c556]
C  [msvcr100.dll+0x5c600]
C  [kernel32.dll+0x1343d]
C  [ntdll.dll+0x39802]
C  [ntdll.dll+0x397d5]

Java frames: (J=compiled Java code, j=interpreted, Vv=VM code)
j  com.mathworks.toolbox.javabuilder.internal.MWMCR.mclInitializeComponentInstance(ZLjava/lang/String;Ljava/lang/String;Ljava/lang/String;Ljava/io/InputStream;ILjava/util/concurrent/Callable;Ljava/util/concurrent/Callable;)Lcom/mathworks/toolbox/javabuilder/internal/NativePtr;+0
j  com.mathworks.toolbox.javabuilder.internal.MWMCR.access$700(ZLjava/lang/String;Ljava/lang/String;Ljava/lang/String;Ljava/io/InputStream;ILjava/util/concurrent/Callable;Ljava/util/concurrent/Callable;)Lcom/mathworks/toolbox/javabuilder/internal/NativePtr;+12
j  com.mathworks.toolbox.javabuilder.internal.MWMCR$6.mclInitializeComponentInstance(ZLjava/lang/String;Ljava/lang/String;Ljava/lang/String;Ljava/io/InputStream;ILjava/util/concurrent/Callable;Ljava/util/concurrent/Callable;)Lcom/mathworks/toolbox/javabuilder/internal/NativePtr;+13
v  ~StubRoutines::call_stub
j  sun.reflect.NativeMethodAccessorImpl.invoke0(Ljava/lang/reflect/Method;Ljava/lang/Object;[Ljava/lang/Object;)Ljava/lang/Object;+0
j  sun.reflect.NativeMethodAccessorImpl.invoke(Ljava/lang/Object;[Ljava/lang/Object;)Ljava/lang/Object;+87
j  sun.reflect.DelegatingMethodAccessorImpl.invoke(Ljava/lang/Object;[Ljava/lang/Object;)Ljava/lang/Object;+6
j  java.lang.reflect.Method.invoke(Ljava/lang/Object;[Ljava/lang/Object;)Ljava/lang/Object;+57
j  com.mathworks.toolbox.javabuilder.internal.MWMCR$5.invoke(Ljava/lang/Object;Ljava/lang/reflect/Method;[Ljava/lang/Object;)Ljava/lang/Object;+8
j  com.sun.proxy.$Proxy0.mclInitializeComponentInstance(ZLjava/lang/String;Ljava/lang/String;Ljava/lang/String;Ljava/io/InputStream;ILjava/util/concurrent/Callable;Ljava/util/concurrent/Callable;)Lcom/mathworks/toolbox/javabuilder/internal/NativePtr;+58
v  ~StubRoutines::call_stub
j  sun.reflect.NativeMethodAccessorImpl.invoke0(Ljava/lang/reflect/Method;Ljava/lang/Object;[Ljava/lang/Object;)Ljava/lang/Object;+0
j  sun.reflect.NativeMethodAccessorImpl.invoke(Ljava/lang/Object;[Ljava/lang/Object;)Ljava/lang/Object;+87
j  sun.reflect.DelegatingMethodAccessorImpl.invoke(Ljava/lang/Object;[Ljava/lang/Object;)Ljava/lang/Object;+6
j  java.lang.reflect.Method.invoke(Ljava/lang/Object;[Ljava/lang/Object;)Ljava/lang/Object;+57
j  com.mathworks.toolbox.javabuilder.internal.MWMCR$4$1.call()Ljava/lang/Object;+11
j  com.mathworks.toolbox.javabuilder.internal.MCRThreadUtilities$CallableWrapper.call()Ljava/lang/Object;+4
j  java.util.concurrent.FutureTask.run()V+42
j  java.util.concurrent.ScheduledThreadPoolExecutor$ScheduledFutureTask.access$201(Ljava/util/concurrent/ScheduledThreadPoolExecutor$ScheduledFutureTask;)V+1
j  java.util.concurrent.ScheduledThreadPoolExecutor$ScheduledFutureTask.run()V+30
j  java.util.concurrent.ThreadPoolExecutor.runWorker(Ljava/util/concurrent/ThreadPoolExecutor$Worker;)V+95
j  java.util.concurrent.ThreadPoolExecutor$Worker.run()V+5
j  java.lang.Thread.run()V+11
v  ~StubRoutines::call_stub

---------------  P R O C E S S  ---------------

Java Threads: ( => current thread )
  0x10c70800 JavaThread "Connector Runnable" daemon [_thread_blocked, id=3824, stack(0x05470000,0x054c0000)]
  0x011cf800 JavaThread "EventMgr Dispatcher" daemon [_thread_in_native, id=1096, stack(0x05330000,0x05380000)]
  0x012e6400 JavaThread "MATLAB Compiler Runtime" daemon [_thread_in_native, id=5656, stack(0x0e650000,0x0ee50000)]
  0x012dc000 JavaThread "Thread-3" [_thread_blocked, id=5676, stack(0x0d5c0000,0x0d610000)]
=>0x012d7800 JavaThread "Thread-2" daemon [_thread_in_native, id=3680, stack(0x0d630000,0x0d680000)]
  0x0043c800 JavaThread "DestroyJavaVM" [_thread_blocked, id=2804, stack(0x00960000,0x009b0000)]
  0x01181800 JavaThread "AWT-EventQueue-0" [_thread_blocked, id=1888, stack(0x00bd0000,0x00c20000)]
  0x01242400 JavaThread "AWT-Shutdown" [_thread_blocked, id=228, stack(0x049f0000,0x04a40000)]
  0x0122a800 JavaThread "AWT-Windows" daemon [_thread_in_native, id=4384, stack(0x04be0000,0x04c30000)]
  0x01227000 JavaThread "Java2D Disposer" daemon [_thread_blocked, id=4360, stack(0x04aa0000,0x04af0000)]
  0x00911000 JavaThread "Service Thread" daemon [_thread_blocked, id=2684, stack(0x00ae0000,0x00b30000)]
  0x0090c800 JavaThread "C1 CompilerThread0" daemon [_thread_blocked, id=3500, stack(0x00e10000,0x00e60000)]
  0x0090b400 JavaThread "Attach Listener" daemon [_thread_blocked, id=3868, stack(0x00f10000,0x00f60000)]
  0x00908400 JavaThread "Signal Dispatcher" daemon [_thread_blocked, id=5000, stack(0x00fb0000,0x01000000)]
  0x0089a000 JavaThread "Finalizer" daemon [_thread_blocked, id=4352, stack(0x00c70000,0x00cc0000)]
  0x00898800 JavaThread "Reference Handler" daemon [_thread_blocked, id=5012, stack(0x00c20000,0x00c70000)]

Other Threads:
  0x00897000 VMThread [stack: 0x00d30000,0x00d80000] [id=4736]
  0x00923c00 WatcherThread [stack: 0x01070000,0x010c0000] [id=5772]

VM state:not at safepoint (normal execution)

VM Mutex/Monitor currently owned by a thread: None

Heap
 def new generation   total 4928K, used 1335K [0x24600000, 0x24b50000, 0x29b50000)
  eden space 4416K,  25% used [0x24600000, 0x247172e0, 0x24a50000)
  from space 512K,  42% used [0x24ad0000, 0x24b06c90, 0x24b50000)
  to   space 512K,   0% used [0x24a50000, 0x24a50000, 0x24ad0000)
 tenured generation   total 10944K, used 2908K [0x29b50000, 0x2a600000, 0x34600000)
   the space 10944K,  26% used [0x29b50000, 0x29e27170, 0x29e27200, 0x2a600000)
 compacting perm gen  total 12288K, used 2122K [0x34600000, 0x35200000, 0x38600000)
   the space 12288K,  17% used [0x34600000, 0x348128b8, 0x34812a00, 0x35200000)
    ro space 10240K,  44% used [0x38600000, 0x38a7a7a8, 0x38a7a800, 0x39000000)
    rw space 12288K,  52% used [0x39000000, 0x39651db0, 0x39651e00, 0x39c00000)

Card table byte_map: [0x00a30000,0x00ae0000] byte_map_base: 0x0090d000

Polling page: 0x001f0000

Code Cache  [0x027e0000, 0x028f0000, 0x047e0000)
 total_blobs=530 nmethods=322 adapters=145 free_code_cache=31684Kb largest_free_block=32444992

Compilation events (10 events):
Event: 61.000 Thread 0x0090c800  314             java.io.InputStream::<init> (5 bytes)
Event: 61.000 Thread 0x0090c800 nmethod 314 0x028ed388 code [0x028ed480, 0x028ed510]
Event: 61.832 Thread 0x0090c800  315             sun.misc.VM::allowArraySyntax (4 bytes)
Event: 61.832 Thread 0x0090c800 nmethod 315 0x028ed588 code [0x028ed680, 0x028ed700]
Event: 61.900 Thread 0x0090c800  316             java.util.WeakHashMap::remove (133 bytes)
Event: 61.901 Thread 0x0090c800 nmethod 316 0x028ed748 code [0x028ed880, 0x028edae4]
Event: 63.431 Thread 0x0090c800  320             java.lang.String::indexOf (25 bytes)
Event: 63.431 Thread 0x0090c800 nmethod 320 0x028ee508 code [0x028ee610, 0x028ee6dc]
Event: 64.716 Thread 0x0090c800  321             java.lang.ThreadLocal$ThreadLocalMap::access$000 (6 bytes)
Event: 64.717 Thread 0x0090c800 nmethod 321 0x028ee908 code [0x028eea00, 0x028eea8c]

GC Heap History (10 events):
Event: 52.132 GC heap before
{Heap before GC invocations=4 (full 0):
 def new generation   total 4928K, used 4928K [0x24600000, 0x24b50000, 0x29b50000)
  eden space 4416K, 100% used [0x24600000, 0x24a50000, 0x24a50000)
  from space 512K, 100% used [0x24a50000, 0x24ad0000, 0x24ad0000)
  to   space 512K,   0% used [0x24ad0000, 0x24ad0000, 0x24b50000)
 tenured generation   total 10944K, used 2227K [0x29b50000, 0x2a600000, 0x34600000)
   the space 10944K,  20% used [0x29b50000, 0x29d7cf38, 0x29d7d000, 0x2a600000)
 compacting perm gen  total 12288K, used 1653K [0x34600000, 0x35200000, 0x38600000)
   the space 12288K,  13% used [0x34600000, 0x3479d5e8, 0x3479d600, 0x35200000)
    ro space 10240K,  44% used [0x38600000, 0x38a7a7a8, 0x38a7a800, 0x39000000)
    rw space 12288K,  52% used [0x39000000, 0x39651db0, 0x39651e00, 0x39c00000)
Event: 52.133 GC heap after
Heap after GC invocations=5 (full 0):
 def new generation   total 4928K, used 184K [0x24600000, 0x24b50000, 0x29b50000)
  eden space 4416K,   0% used [0x24600000, 0x24600000, 0x24a50000)
  from space 512K,  35% used [0x24ad0000, 0x24afe098, 0x24b50000)
  to   space 512K,   0% used [0x24a50000, 0x24a50000, 0x24ad0000)
 tenured generation   total 10944K, used 2547K [0x29b50000, 0x2a600000, 0x34600000)
   the space 10944K,  23% used [0x29b50000, 0x29dcccd0, 0x29dcce00, 0x2a600000)
 compacting perm gen  total 12288K, used 1653K [0x34600000, 0x35200000, 0x38600000)
   the space 12288K,  13% used [0x34600000, 0x3479d5e8, 0x3479d600, 0x35200000)
    ro space 10240K,  44% used [0x38600000, 0x38a7a7a8, 0x38a7a800, 0x39000000)
    rw space 12288K,  52% used [0x39000000, 0x39651db0, 0x39651e00, 0x39c00000)
}
Event: 57.087 GC heap before
{Heap before GC invocations=5 (full 0):
 def new generation   total 4928K, used 4600K [0x24600000, 0x24b50000, 0x29b50000)
  eden space 4416K, 100% used [0x24600000, 0x24a50000, 0x24a50000)
  from space 512K,  35% used [0x24ad0000, 0x24afe098, 0x24b50000)
  to   space 512K,   0% used [0x24a50000, 0x24a50000, 0x24ad0000)
 tenured generation   total 10944K, used 2547K [0x29b50000, 0x2a600000, 0x34600000)
   the space 10944K,  23% used [0x29b50000, 0x29dcccd0, 0x29dcce00, 0x2a600000)
 compacting perm gen  total 12288K, used 1751K [0x34600000, 0x35200000, 0x38600000)
   the space 12288K,  14% used [0x34600000, 0x347b5e00, 0x347b5e00, 0x35200000)
    ro space 10240K,  44% used [0x38600000, 0x38a7a7a8, 0x38a7a800, 0x39000000)
    rw space 12288K,  52% used [0x39000000, 0x39651db0, 0x39651e00, 0x39c00000)
Event: 57.089 GC heap after
Heap after GC invocations=6 (full 0):
 def new generation   total 4928K, used 507K [0x24600000, 0x24b50000, 0x29b50000)
  eden space 4416K,   0% used [0x24600000, 0x24600000, 0x24a50000)
  from space 512K,  99% used [0x24a50000, 0x24acee78, 0x24ad0000)
  to   space 512K,   0% used [0x24ad0000, 0x24ad0000, 0x24b50000)
 tenured generation   total 10944K, used 2574K [0x29b50000, 0x2a600000, 0x34600000)
   the space 10944K,  23% used [0x29b50000, 0x29dd3a98, 0x29dd3c00, 0x2a600000)
 compacting perm gen  total 12288K, used 1751K [0x34600000, 0x35200000, 0x38600000)
   the space 12288K,  14% used [0x34600000, 0x347b5e00, 0x347b5e00, 0x35200000)
    ro space 10240K,  44% used [0x38600000, 0x38a7a7a8, 0x38a7a800, 0x39000000)
    rw space 12288K,  52% used [0x39000000, 0x39651db0, 0x39651e00, 0x39c00000)
}
Event: 60.970 GC heap before
{Heap before GC invocations=6 (full 0):
 def new generation   total 4928K, used 4923K [0x24600000, 0x24b50000, 0x29b50000)
  eden space 4416K, 100% used [0x24600000, 0x24a50000, 0x24a50000)
  from space 512K,  99% used [0x24a50000, 0x24acee78, 0x24ad0000)
  to   space 512K,   0% used [0x24ad0000, 0x24ad0000, 0x24b50000)
 tenured generation   total 10944K, used 2574K [0x29b50000, 0x2a600000, 0x34600000)
   the space 10944K,  23% used [0x29b50000, 0x29dd3a98, 0x29dd3c00, 0x2a600000)
 compacting perm gen  total 12288K, used 1888K [0x34600000, 0x35200000, 0x38600000)
   the space 12288K,  15% used [0x34600000, 0x347d8220, 0x347d8400, 0x35200000)
    ro space 10240K,  44% used [0x38600000, 0x38a7a7a8, 0x38a7a800, 0x39000000)
    rw space 12288K,  52% used [0x39000000, 0x39651db0, 0x39651e00, 0x39c00000)
Event: 60.972 GC heap after
Heap after GC invocations=7 (full 0):
 def new generation   total 4928K, used 163K [0x24600000, 0x24b50000, 0x29b50000)
  eden space 4416K,   0% used [0x24600000, 0x24600000, 0x24a50000)
  from space 512K,  31% used [0x24ad0000, 0x24af8e40, 0x24b50000)
  to   space 512K,   0% used [0x24a50000, 0x24a50000, 0x24ad0000)
 tenured generation   total 10944K, used 2908K [0x29b50000, 0x2a600000, 0x34600000)
   the space 10944K,  26% used [0x29b50000, 0x29e27170, 0x29e27200, 0x2a600000)
 compacting perm gen  total 12288K, used 1888K [0x34600000, 0x35200000, 0x38600000)
   the space 12288K,  15% used [0x34600000, 0x347d8220, 0x347d8400, 0x35200000)
    ro space 10240K,  44% used [0x38600000, 0x38a7a7a8, 0x38a7a800, 0x39000000)
    rw space 12288K,  52% used [0x39000000, 0x39651db0, 0x39651e00, 0x39c00000)
}
Event: 61.934 GC heap before
{Heap before GC invocations=7 (full 0):
 def new generation   total 4928K, used 4579K [0x24600000, 0x24b50000, 0x29b50000)
  eden space 4416K, 100% used [0x24600000, 0x24a50000, 0x24a50000)
  from space 512K,  31% used [0x24ad0000, 0x24af8e40, 0x24b50000)
  to   space 512K,   0% used [0x24a50000, 0x24a50000, 0x24ad0000)
 tenured generation   total 10944K, used 2908K [0x29b50000, 0x2a600000, 0x34600000)
   the space 10944K,  26% used [0x29b50000, 0x29e27170, 0x29e27200, 0x2a600000)
 compacting perm gen  total 12288K, used 1998K [0x34600000, 0x35200000, 0x38600000)
   the space 12288K,  16% used [0x34600000, 0x347f3840, 0x347f3a00, 0x35200000)
    ro space 10240K,  44% used [0x38600000, 0x38a7a7a8, 0x38a7a800, 0x39000000)
    rw space 12288K,  52% used [0x39000000, 0x39651db0, 0x39651e00, 0x39c00000)
Event: 61.936 GC heap after
Heap after GC invocations=8 (full 0):
 def new generation   total 4928K, used 242K [0x24600000, 0x24b50000, 0x29b50000)
  eden space 4416K,   0% used [0x24600000, 0x24600000, 0x24a50000)
  from space 512K,  47% used [0x24a50000, 0x24a8cb98, 0x24ad0000)
  to   space 512K,   0% used [0x24ad0000, 0x24ad0000, 0x24b50000)
 tenured generation   total 10944K, used 2908K [0x29b50000, 0x2a600000, 0x34600000)
   the space 10944K,  26% used [0x29b50000, 0x29e27170, 0x29e27200, 0x2a600000)
 compacting perm gen  total 12288K, used 1998K [0x34600000, 0x35200000, 0x38600000)
   the space 12288K,  16% used [0x34600000, 0x347f3840, 0x347f3a00, 0x35200000)
    ro space 10240K,  44% used [0x38600000, 0x38a7a7a8, 0x38a7a800, 0x39000000)
    rw space 12288K,  52% used [0x39000000, 0x39651db0, 0x39651e00, 0x39c00000)
}
Event: 79.931 GC heap before
{Heap before GC invocations=8 (full 0):
 def new generation   total 4928K, used 4658K [0x24600000, 0x24b50000, 0x29b50000)
  eden space 4416K, 100% used [0x24600000, 0x24a50000, 0x24a50000)
  from space 512K,  47% used [0x24a50000, 0x24a8cb98, 0x24ad0000)
  to   space 512K,   0% used [0x24ad0000, 0x24ad0000, 0x24b50000)
 tenured generation   total 10944K, used 2908K [0x29b50000, 0x2a600000, 0x34600000)
   the space 10944K,  26% used [0x29b50000, 0x29e27170, 0x29e27200, 0x2a600000)
 compacting perm gen  total 12288K, used 2080K [0x34600000, 0x35200000, 0x38600000)
   the space 12288K,  16% used [0x34600000, 0x34808148, 0x34808200, 0x35200000)
    ro space 10240K,  44% used [0x38600000, 0x38a7a7a8, 0x38a7a800, 0x39000000)
    rw space 12288K,  52% used [0x39000000, 0x39651db0, 0x39651e00, 0x39c00000)
Event: 79.932 GC heap after
Heap after GC invocations=9 (full 0):
 def new generation   total 4928K, used 219K [0x24600000, 0x24b50000, 0x29b50000)
  eden space 4416K,   0% used [0x24600000, 0x24600000, 0x24a50000)
  from space 512K,  42% used [0x24ad0000, 0x24b06c90, 0x24b50000)
  to   space 512K,   0% used [0x24a50000, 0x24a50000, 0x24ad0000)
 tenured generation   total 10944K, used 2908K [0x29b50000, 0x2a600000, 0x34600000)
   the space 10944K,  26% used [0x29b50000, 0x29e27170, 0x29e27200, 0x2a600000)
 compacting perm gen  total 12288K, used 2080K [0x34600000, 0x35200000, 0x38600000)
   the space 12288K,  16% used [0x34600000, 0x34808148, 0x34808200, 0x35200000)
    ro space 10240K,  44% used [0x38600000, 0x38a7a7a8, 0x38a7a800, 0x39000000)
    rw space 12288K,  52% used [0x39000000, 0x39651db0, 0x39651e00, 0x39c00000)
}

Deoptimization events (0 events):
No events

Internal exceptions (10 events):
Event: 80.381 Thread 0x012e6400 Threw 0x246515c0 at C:\re\jdk7u60\1081\hotspot\src\share\vm\prims\jvm.cpp:1244
Event: 80.381 Thread 0x012e6400 Threw 0x24653378 at C:\re\jdk7u60\1081\hotspot\src\share\vm\prims\jvm.cpp:1244
Event: 80.383 Thread 0x012e6400 Threw 0x2466edb0 at C:\re\jdk7u60\1081\hotspot\src\share\vm\prims\jvm.cpp:1244
Event: 80.383 Thread 0x012e6400 Threw 0x246712b0 at C:\re\jdk7u60\1081\hotspot\src\share\vm\prims\jvm.cpp:1244
Event: 80.410 Thread 0x012e6400 Threw 0x2469afb0 at C:\re\jdk7u60\1081\hotspot\src\share\vm\prims\jvm.cpp:1244
Event: 80.410 Thread 0x012e6400 Threw 0x2469d4a8 at C:\re\jdk7u60\1081\hotspot\src\share\vm\prims\jvm.cpp:1244
Event: 80.412 Thread 0x012e6400 Threw 0x246c0338 at C:\re\jdk7u60\1081\hotspot\src\share\vm\prims\jvm.cpp:1244
Event: 80.412 Thread 0x012e6400 Threw 0x246c26f0 at C:\re\jdk7u60\1081\hotspot\src\share\vm\prims\jvm.cpp:1244
Event: 80.413 Thread 0x012e6400 Threw 0x246e1450 at C:\re\jdk7u60\1081\hotspot\src\share\vm\prims\jvm.cpp:1244
Event: 80.413 Thread 0x012e6400 Threw 0x246e31d0 at C:\re\jdk7u60\1081\hotspot\src\share\vm\prims\jvm.cpp:1244

Events (10 events):
Event: 80.381 loading class 0x10c72ba0
Event: 80.381 loading class 0x10c72ba0 done
Event: 80.383 loading class 0x0120aa38
Event: 80.383 loading class 0x0120aa38 done
Event: 80.410 loading class 0x10a421a0
Event: 80.410 loading class 0x10a421a0 done
Event: 80.412 loading class 0x10c747d0
Event: 80.412 loading class 0x10c747d0 done
Event: 80.413 loading class 0x10c72d80
Event: 80.413 loading class 0x10c72d80 done


Dynamic libraries:
0x013b0000 - 0x013df000 	C:\Program Files (x86)\Java\jdk1.7.0_60\bin\java.exe
0x77800000 - 0x77980000 	C:\Windows\SysWOW64\ntdll.dll
0x75310000 - 0x75420000 	C:\Windows\syswow64\kernel32.dll
0x76210000 - 0x76257000 	C:\Windows\syswow64\KERNELBASE.dll
0x74fc0000 - 0x75061000 	C:\Windows\syswow64\ADVAPI32.dll
0x760d0000 - 0x7617c000 	C:\Windows\syswow64\msvcrt.dll
0x75640000 - 0x75659000 	C:\Windows\SysWOW64\sechost.dll
0x75070000 - 0x75160000 	C:\Windows\syswow64\RPCRT4.dll
0x74eb0000 - 0x74f10000 	C:\Windows\syswow64\SspiCli.dll
0x74ea0000 - 0x74eac000 	C:\Windows\syswow64\CRYPTBASE.dll
0x75ca0000 - 0x75da0000 	C:\Windows\syswow64\USER32.dll
0x76180000 - 0x76210000 	C:\Windows\syswow64\GDI32.dll
0x75940000 - 0x7594a000 	C:\Windows\syswow64\LPK.dll
0x75770000 - 0x7580d000 	C:\Windows\syswow64\USP10.dll
0x738b0000 - 0x73a4e000 	C:\Windows\WinSxS\x86_microsoft.windows.common-controls_6595b64144ccf1df_6.0.7601.24440_none_2b1c5296457b2f0c\COMCTL32.dll
0x76260000 - 0x762b7000 	C:\Windows\syswow64\SHLWAPI.dll
0x75810000 - 0x75870000 	C:\Windows\system32\IMM32.DLL
0x75950000 - 0x75a1d000 	C:\Windows\syswow64\MSCTF.dll
0x70ba0000 - 0x70c5f000 	C:\Program Files (x86)\Java\jdk1.7.0_60\jre\bin\msvcr100.dll
0x6d970000 - 0x6dcf8000 	C:\Program Files (x86)\Java\jdk1.7.0_60\jre\bin\client\jvm.dll
0x723b0000 - 0x723b7000 	C:\Windows\system32\WSOCK32.dll
0x75a20000 - 0x75a55000 	C:\Windows\syswow64\WS2_32.dll
0x74fb0000 - 0x74fb6000 	C:\Windows\syswow64\NSI.dll
0x70aa0000 - 0x70ad2000 	C:\Windows\system32\WINMM.dll
0x75690000 - 0x75695000 	C:\Windows\syswow64\PSAPI.DLL
0x73b70000 - 0x73b7c000 	C:\Program Files (x86)\Java\jdk1.7.0_60\jre\bin\verify.dll
0x72370000 - 0x72390000 	C:\Program Files (x86)\Java\jdk1.7.0_60\jre\bin\java.dll
0x72390000 - 0x723a3000 	C:\Program Files (x86)\Java\jdk1.7.0_60\jre\bin\zip.dll
0x71840000 - 0x71983000 	C:\Program Files (x86)\Java\jdk1.7.0_60\jre\bin\awt.dll
0x756a0000 - 0x75732000 	C:\Windows\syswow64\OLEAUT32.dll
0x754e0000 - 0x7563f000 	C:\Windows\syswow64\ole32.dll
0x715d0000 - 0x71650000 	C:\Windows\system32\uxtheme.dll
0x713d0000 - 0x713e3000 	C:\Windows\system32\dwmapi.dll
0x767d0000 - 0x7741c000 	C:\Windows\syswow64\SHELL32.dll
0x72330000 - 0x72369000 	C:\Program Files (x86)\Java\jdk1.7.0_60\jre\bin\fontmanager.dll
0x71200000 - 0x713c3000 	C:\Windows\system32\d3d9.dll
0x713f0000 - 0x713f9000 	C:\Windows\system32\VERSION.dll
0x711f0000 - 0x711f6000 	C:\Windows\system32\d3d8thk.dll
0x6cba0000 - 0x6d96e000 	C:\Windows\system32\nvd3dum.dll
0x70b70000 - 0x70b95000 	C:\Windows\system32\powrprof.dll
0x75f30000 - 0x760cd000 	C:\Windows\syswow64\SETUPAPI.dll
0x75660000 - 0x75687000 	C:\Windows\syswow64\CFGMGR32.dll
0x762d0000 - 0x762e2000 	C:\Windows\syswow64\DEVOBJ.dll
0x10000000 - 0x10012000 	C:\Program Files (x86)\Java\jdk1.7.0_60\jre\bin\rxtxSerial.dll
0x6c240000 - 0x6c267000 	C:\Windows\system32\crtdll.dll
0x00d00000 - 0x00d2b000 	C:\Program Files (x86)\MATLAB\R2015b\bin\win32\BuilderJABootstrap.dll
0x00b70000 - 0x00b7c000 	C:\Program Files (x86)\MATLAB\R2015b\bin\win32\nativedl.dll
0x70ae0000 - 0x70b65000 	C:\Windows\system32\MSVCP110.dll
0x708c0000 - 0x70996000 	C:\Windows\system32\MSVCR110.dll
0x7e240000 - 0x7e401000 	C:\Program Files (x86)\MATLAB\R2015b\bin\win32\libmwfl.dll
0x762f0000 - 0x7631b000 	C:\Windows\syswow64\imagehlp.dll
0x04d10000 - 0x04dd9000 	C:\Program Files (x86)\MATLAB\R2015b\bin\win32\libmwi18n.dll
0x00bc0000 - 0x00bc7000 	C:\Program Files (x86)\MATLAB\R2015b\bin\win32\libmwresource_core.dll
0x72320000 - 0x7232c000 	C:\Program Files (x86)\MATLAB\R2015b\bin\win32\boost_date_time-vc110-mt-1_49.dll
0x6e060000 - 0x6e085000 	C:\Program Files (x86)\MATLAB\R2015b\bin\win32\boost_filesystem-vc110-mt-1_49.dll
0x72310000 - 0x72317000 	C:\Program Files (x86)\MATLAB\R2015b\bin\win32\boost_system-vc110-mt-1_49.dll
0x71cb0000 - 0x71cbe000 	C:\Program Files (x86)\MATLAB\R2015b\bin\win32\boost_thread-vc110-mt-1_49.dll
0x71820000 - 0x7183f000 	C:\Program Files (x86)\MATLAB\R2015b\bin\win32\LIBEXPAT.dll
0x06b30000 - 0x06cc9000 	C:\Program Files (x86)\MATLAB\R2015b\bin\win32\icuin54.dll
0x06cd0000 - 0x06def000 	C:\Program Files (x86)\MATLAB\R2015b\bin\win32\icuuc54.dll
0x06df0000 - 0x0861c000 	C:\Program Files (x86)\MATLAB\R2015b\bin\win32\icudt54.dll
0x00df0000 - 0x00dfe000 	C:\Program Files (x86)\MATLAB\R2015b\bin\win32\icuio54.dll
0x6dfe0000 - 0x6e052000 	C:\Program Files (x86)\MATLAB\R2015b\bin\win32\boost_log-vc110-mt-1_49.dll
0x6df20000 - 0x6dfd6000 	C:\Program Files (x86)\MATLAB\R2015b\bin\win32\boost_regex-vc110-mt-1_49.dll
0x6dee0000 - 0x6df1d000 	C:\Program Files (x86)\MATLAB\R2015b\bin\win32\boost_serialization-vc110-mt-1_49.dll
0x71ca0000 - 0x71caf000 	C:\Program Files (x86)\MATLAB\R2015b\bin\win32\boost_signals-vc110-mt-1_49.dll
0x6dea0000 - 0x6ded1000 	C:\Program Files (x86)\MATLAB\R2015b\bin\win32\tbb.dll
0x08b10000 - 0x08d0d000 	C:\Program Files (x86)\MATLAB\R2015b\bin\win32\nativemcl.dll
0x08620000 - 0x086c2000 	C:\Program Files (x86)\MATLAB\R2015b\bin\win32\libut.dll
0x7dd60000 - 0x7deb6000 	C:\Program Files (x86)\MATLAB\R2015b\bin\win32\libmx.dll
0x6de70000 - 0x6de96000 	C:\Program Files (x86)\MATLAB\R2015b\bin\win32\tbbmalloc.dll
0x6de50000 - 0x6de64000 	C:\Program Files (x86)\MATLAB\R2015b\bin\win32\zlib1.dll
0x08d10000 - 0x091a4000 	C:\Program Files (x86)\MATLAB\R2015b\bin\win32\libmwservices.dll
0x00eb0000 - 0x00ec3000 	C:\Program Files (x86)\MATLAB\R2015b\bin\win32\display_device.dll
0x7dd20000 - 0x7dd5f000 	C:\Program Files (x86)\MATLAB\R2015b\bin\win32\libmwregexp.dll
0x048f0000 - 0x04933000 	C:\Program Files (x86)\MATLAB\R2015b\bin\win32\mpath.dll
0x091b0000 - 0x09532000 	C:\Program Files (x86)\MATLAB\R2015b\bin\win32\libmwms.dll
0x708b0000 - 0x708bd000 	C:\Program Files (x86)\MATLAB\R2015b\bin\win32\boost_iostreams-vc110-mt-1_49.dll
0x73ad0000 - 0x73b0c000 	C:\Windows\system32\MSWSOCK.dll
0x7d640000 - 0x7da52000 	C:\Program Files (x86)\MATLAB\R2015b\bin\win32\mlutil.dll
0x09540000 - 0x097a2000 	C:\Program Files (x86)\MATLAB\R2015b\bin\win32\settingscore.dll
0x7d370000 - 0x7d3d2000 	C:\Program Files (x86)\MATLAB\R2015b\bin\win32\xmlcore.dll
0x12000000 - 0x121dd000 	C:\Program Files (x86)\MATLAB\R2015b\bin\win32\xerces-c_3_1.dll
0x7d180000 - 0x7d185000 	C:\Program Files (x86)\MATLAB\R2015b\bin\win32\libmwnativedisplay.dll
0x7d130000 - 0x7d178000 	C:\Program Files (x86)\MATLAB\R2015b\bin\win32\opccore.dll
0x086d0000 - 0x087c9000 	C:\Program Files (x86)\MATLAB\R2015b\bin\win32\opcmodel.dll
0x097b0000 - 0x099f1000 	C:\Program Files (x86)\MATLAB\R2015b\bin\win32\libmwflnetwork.dll
0x7d060000 - 0x7d084000 	C:\Program Files (x86)\MATLAB\R2015b\bin\win32\opczippackage.dll
0x6de40000 - 0x6de4e000 	C:\Program Files (x86)\MATLAB\R2015b\bin\win32\libminizip.dll
0x09a00000 - 0x09b62000 	C:\Program Files (x86)\MATLAB\R2015b\bin\win32\opcmwservices.dll
0x01040000 - 0x01058000 	C:\Program Files (x86)\MATLAB\R2015b\bin\win32\webproxy.dll
0x6ffa0000 - 0x6fff8000 	C:\Windows\system32\WINHTTP.dll
0x6f740000 - 0x6f790000 	C:\Windows\system32\webio.dll
0x75880000 - 0x758fb000 	C:\Windows\syswow64\comdlg32.dll
0x71b40000 - 0x71b51000 	C:\Windows\system32\netapi32.dll
0x71b30000 - 0x71b39000 	C:\Windows\system32\netutils.dll
0x71b10000 - 0x71b29000 	C:\Windows\system32\srvcli.dll
0x71b00000 - 0x71b0f000 	C:\Windows\system32\wkscli.dll
0x6b1f0000 - 0x6b362000 	C:\Program Files (x86)\MATLAB\R2015b\bin\win32\pocofoundation.dll
0x73830000 - 0x7384c000 	C:\Windows\system32\IPHLPAPI.DLL
0x73820000 - 0x73827000 	C:\Windows\system32\WINNSI.DLL
0x6dd60000 - 0x6de33000 	C:\Program Files (x86)\MATLAB\R2015b\bin\win32\poconet.dll
0x6dd20000 - 0x6dd58000 	C:\Program Files (x86)\MATLAB\R2015b\bin\win32\poconetssl.dll
0x6b0d0000 - 0x6b1f0000 	C:\Program Files (x86)\MATLAB\R2015b\bin\win32\LIBEAY32.dll
0x6b080000 - 0x6b0c7000 	C:\Program Files (x86)\MATLAB\R2015b\bin\win32\SSLEAY32.dll
0x6dd00000 - 0x6dd20000 	C:\Program Files (x86)\MATLAB\R2015b\bin\win32\PocoCrypto.dll
0x6b010000 - 0x6b072000 	C:\Program Files (x86)\MATLAB\R2015b\bin\win32\PocoUtil.dll
0x6af80000 - 0x6b006000 	C:\Program Files (x86)\MATLAB\R2015b\bin\win32\PocoXML.dll
0x6af30000 - 0x6af74000 	C:\Program Files (x86)\MATLAB\R2015b\bin\win32\PocoJSON.dll
0x09b70000 - 0x09e2b000 	C:\Program Files (x86)\MATLAB\R2015b\bin\win32\mclmcr.dll
0x7cf70000 - 0x7d030000 	C:\Program Files (x86)\MATLAB\R2015b\bin\win32\mcr.dll
0x09e30000 - 0x09f66000 	C:\Program Files (x86)\MATLAB\R2015b\bin\win32\iqm.dll
0x01390000 - 0x01399000 	C:\Program Files (x86)\MATLAB\R2015b\bin\win32\language_execution_interfaces.dll
0x09f70000 - 0x0a017000 	C:\Program Files (x86)\MATLAB\R2015b\bin\win32\m_dispatcher.dll
0x0a020000 - 0x0a67b000 	C:\Program Files (x86)\MATLAB\R2015b\bin\win32\m_interpreter.dll
0x7c780000 - 0x7c7a7000 	C:\Program Files (x86)\MATLAB\R2015b\bin\win32\libmex.dll
0x0a680000 - 0x0a6e2000 	C:\Program Files (x86)\MATLAB\R2015b\bin\win32\profiler.dll
0x7c5d0000 - 0x7c732000 	C:\Program Files (x86)\MATLAB\R2015b\bin\win32\libmwmathutil.dll
0x04a40000 - 0x04a99000 	C:\Program Files (x86)\MATLAB\R2015b\bin\win32\libmwmathrng.dll
0x7c590000 - 0x7c5a0000 	C:\Program Files (x86)\MATLAB\R2015b\bin\win32\libmwmfl_rng.dll
0x013a0000 - 0x013a6000 	C:\Program Files (x86)\MATLAB\R2015b\bin\win32\libmwdSFMT.dll
0x0a6f0000 - 0x0a85f000 	C:\Program Files (x86)\MATLAB\R2015b\bin\win32\libmwmathcore.dll
0x7c460000 - 0x7c4b5000 	C:\Program Files (x86)\MATLAB\R2015b\bin\win32\libmwspmatrix.dll
0x7c260000 - 0x7c29a000 	C:\Program Files (x86)\MATLAB\R2015b\bin\win32\mcos.dll
0x7c210000 - 0x7c24c000 	C:\Program Files (x86)\MATLAB\R2015b\bin\win32\libmwcholmod.dll
0x7c200000 - 0x7c20a000 	C:\Program Files (x86)\MATLAB\R2015b\bin\win32\libmwamd.dll
0x7c1f0000 - 0x7c1f9000 	C:\Program Files (x86)\MATLAB\R2015b\bin\win32\libmwcolamd.dll
0x048c0000 - 0x048d2000 	C:\Program Files (x86)\MATLAB\R2015b\bin\win32\libmwblas.dll

VM Arguments:
jvm_args: -Dfile.encoding=UTF-8 -Djava.library.path=/usr/lib/jni 
java_command: Interface.Tomografo
Launcher Type: SUN_STANDARD

Environment Variables:
JAVA_HOME=C:\Program Files\Java\jdk1.7.0_60
PATH=C:\Program Files (x86)\MATLAB\R2015b\bin\win32;C:\Program Files\Java\jdk1.7.0_60\bin;C:\Program Files (x86)\Common Files\Oracle\Java\javapath;C:\ProgramData\Oracle\Java\javapath;C:\Windows\system32;C:\Windows;C:\Windows\System32\Wbem;C:\Windows\System32\WindowsPowerShell\v1.0\;C:\Program Files\MATLAB\R2017b\runtime\win64;C:\Program Files\MATLAB\R2017b\bin;C:\Program Files (x86)\MATLAB\R2015b\runtime\win32;C:\Program Files (x86)\MATLAB\R2015b\bin;C:\Program Files (x86)\MATLAB\R2015b\polyspace\bin;C:\Program Files\MiKTeX 2.9\miktex\bin\x64\;C:\Program Files (x86)\MATLAB\MATLAB Runtime\v90\runtime\win32
USERNAME=Acustic
OS=Windows_NT
PROCESSOR_IDENTIFIER=Intel64 Family 6 Model 58 Stepping 9, GenuineIntel



---------------  S Y S T E M  ---------------

OS: Windows 7 , 64 bit Build 7601 Service Pack 1

CPU:total 8 (4 cores per cpu, 2 threads per core) family 6 model 58 stepping 9, cmov, cx8, fxsr, mmx, sse, sse2, sse3, ssse3, sse4.1, sse4.2, popcnt, avx, aes, erms, ht, tsc, tscinvbit, tscinv

Memory: 4k page, physical 4144268k(581256k free), swap 8286636k(4020864k free)

vm_info: Java HotSpot(TM) Client VM (24.60-b09) for windows-x86 JRE (1.7.0_60-b19), built on May  7 2014 13:09:52 by "java_re" with unknown MS VC++:1600

time: Mon Jun 03 13:47:44 2019
elapsed time: 81 seconds

