#
# A fatal error has been detected by the Java Runtime Environment:
#
#  EXCEPTION_UNCAUGHT_CXX_EXCEPTION (0xe06d7363) at pc=0x7774c5af, pid=6140, tid=6168
#
# JRE version: Java(TM) SE Runtime Environment (7.0_60-b19) (build 1.7.0_60-b19)
# Java VM: Java HotSpot(TM) Client VM (24.60-b09 mixed mode, sharing windows-x86 )
# Problematic frame:
# C  [KERNELBASE.dll+0xc5af]
#
# Failed to write core dump. Minidumps are not enabled by default on client versions of Windows
#
# If you would like to submit a bug report, please visit:
#   http://bugreport.sun.com/bugreport/crash.jsp
# The crash happened outside the Java Virtual Machine in native code.
# See problematic frame for where to report the bug.
#

---------------  T H R E A D  ---------------

Current thread (0x04b9ec00):  JavaThread "Thread-3" daemon [_thread_in_native, id=6168, stack(0x0be40000,0x0be90000)]

siginfo: ExceptionCode=0xe06d7363, ExceptionInformation=0x19930520 0x0be8e394 0x0732bf78 

Registers:
EAX=0x0be8e2fc, EBX=0x0be8e58c, ECX=0x00000003, EDX=0x00000000
ESP=0x0be8e2fc, EBP=0x0be8e34c, ESI=0x06dd0d88, EDI=0xffffffff
EIP=0x7774c5af, EFLAGS=0x00000206

Top of Stack: (sp=0x0be8e2fc)
0x0be8e2fc:   e06d7363 00000001 00000000 7774c5af
0x0be8e30c:   00000003 19930520 0be8e394 0732bf78
0x0be8e31c:   0be8e3ac 6b4875bf 0be8e394 0be8e3ac
0x0be8e32c:   0be8e33c 6b4875f3 0cc98b68 0cc98b50
0x0be8e33c:   0be8e364 7e25aa5d 0cc98b68 0be8e394
0x0be8e34c:   0be8e384 6b479863 e06d7363 00000001
0x0be8e35c:   00000003 0be8e378 e06d7363 00000001
0x0be8e36c:   00000000 00000000 00000003 19930520 

Instructions: (pc=0x7774c5af)
0x7774c58f:   02 50 ff 75 14 8d 45 c4 50 e8 05 b0 02 00 83 c4
0x7774c59f:   0c eb 03 89 45 c0 8d 45 b0 50 ff 15 5c 11 74 77
0x7774c5af:   c9 c2 10 00 cc cc cc cc cc 8b ff 55 8b ec 56 8b
0x7774c5bf:   75 08 83 fe f4 72 18 83 fe f6 77 13 8d 45 08 50 


Register to memory mapping:

EAX=0x0be8e2fc is pointing into the stack for thread: 0x04b9ec00
EBX=0x0be8e58c is pointing into the stack for thread: 0x04b9ec00
ECX=0x00000003 is an unknown value
EDX=0x00000000 is an unknown value
ESP=0x0be8e2fc is pointing into the stack for thread: 0x04b9ec00
EBP=0x0be8e34c is pointing into the stack for thread: 0x04b9ec00
ESI=0x06dd0d88 is an unknown value
EDI=0xffffffff is an unknown value


Stack: [0x0be40000,0x0be90000],  sp=0x0be8e2fc,  free space=312k
Native frames: (J=compiled Java code, j=interpreted, Vv=VM code, C=native code)
C  [KERNELBASE.dll+0xc5af]
C  [MSVCR110.dll+0x19863]
C  [libut.dll+0xd47d]
C  [mclmcr.dll+0x10afd8]
C  [mclmcr.dll+0x10d135]
C  [mclmcr.dll+0xf014d]
C  [mclmcr.dll+0x15a5de]
C  [mclmcr.dll+0x15a112]
C  [nativemcl.dll+0xa4f86]
j  com.mathworks.toolbox.javabuilder.internal.MWMCR.mclInitializeComponentInstance(ZLjava/lang/String;Ljava/lang/String;Ljava/lang/String;Ljava/io/InputStream;ILjava/util/concurrent/Callable;Ljava/util/concurrent/Callable;)Lcom/mathworks/toolbox/javabuilder/internal/NativePtr;+0
j  com.mathworks.toolbox.javabuilder.internal.MWMCR.access$700(ZLjava/lang/String;Ljava/lang/String;Ljava/lang/String;Ljava/io/InputStream;ILjava/util/concurrent/Callable;Ljava/util/concurrent/Callable;)Lcom/mathworks/toolbox/javabuilder/internal/NativePtr;+12
j  com.mathworks.toolbox.javabuilder.internal.MWMCR$6.mclInitializeComponentInstance(ZLjava/lang/String;Ljava/lang/String;Ljava/lang/String;Ljava/io/InputStream;ILjava/util/concurrent/Callable;Ljava/util/concurrent/Callable;)Lcom/mathworks/toolbox/javabuilder/internal/NativePtr;+13
v  ~StubRoutines::call_stub
V  [jvm.dll+0x140e6a]
V  [jvm.dll+0x20529e]
V  [jvm.dll+0x140eed]
V  [jvm.dll+0x14d2ee]
V  [jvm.dll+0x14d515]
V  [jvm.dll+0xf1f99]
C  [java.dll+0x7d82]
j  sun.reflect.NativeMethodAccessorImpl.invoke(Ljava/lang/Object;[Ljava/lang/Object;)Ljava/lang/Object;+87
j  sun.reflect.DelegatingMethodAccessorImpl.invoke(Ljava/lang/Object;[Ljava/lang/Object;)Ljava/lang/Object;+6
j  java.lang.reflect.Method.invoke(Ljava/lang/Object;[Ljava/lang/Object;)Ljava/lang/Object;+57
j  com.mathworks.toolbox.javabuilder.internal.MWMCR$5.invoke(Ljava/lang/Object;Ljava/lang/reflect/Method;[Ljava/lang/Object;)Ljava/lang/Object;+8
j  com.sun.proxy.$Proxy0.mclInitializeComponentInstance(ZLjava/lang/String;Ljava/lang/String;Ljava/lang/String;Ljava/io/InputStream;ILjava/util/concurrent/Callable;Ljava/util/concurrent/Callable;)Lcom/mathworks/toolbox/javabuilder/internal/NativePtr;+58
v  ~StubRoutines::call_stub
V  [jvm.dll+0x140e6a]
V  [jvm.dll+0x20529e]
V  [jvm.dll+0x140eed]
V  [jvm.dll+0x14d2ee]
V  [jvm.dll+0x14d515]
V  [jvm.dll+0xf1f99]
C  [java.dll+0x7d82]
j  sun.reflect.NativeMethodAccessorImpl.invoke(Ljava/lang/Object;[Ljava/lang/Object;)Ljava/lang/Object;+87
j  sun.reflect.DelegatingMethodAccessorImpl.invoke(Ljava/lang/Object;[Ljava/lang/Object;)Ljava/lang/Object;+6
j  java.lang.reflect.Method.invoke(Ljava/lang/Object;[Ljava/lang/Object;)Ljava/lang/Object;+57
j  com.mathworks.toolbox.javabuilder.internal.MWMCR$4$1.call()Ljava/lang/Object;+11
j  com.mathworks.toolbox.javabuilder.internal.MCRThreadUtilities$CallableWrapper.call()Ljava/lang/Object;+4
j  java.util.concurrent.FutureTask.run()V+42
j  java.util.concurrent.ScheduledThreadPoolExecutor$ScheduledFutureTask.access$201(Ljava/util/concurrent/ScheduledThreadPoolExecutor$ScheduledFutureTask;)V+1
j  java.util.concurrent.ScheduledThreadPoolExecutor$ScheduledFutureTask.run()V+30
j  java.util.concurrent.ThreadPoolExecutor.runWorker(Ljava/util/concurrent/ThreadPoolExecutor$Worker;)V+95
j  java.util.concurrent.ThreadPoolExecutor$Worker.run()V+5
j  java.lang.Thread.run()V+11
v  ~StubRoutines::call_stub
V  [jvm.dll+0x140e6a]
V  [jvm.dll+0x20529e]
V  [jvm.dll+0x141035]
V  [jvm.dll+0x141097]
V  [jvm.dll+0xec49f]
V  [jvm.dll+0x1622dc]
V  [jvm.dll+0x162d37]
V  [jvm.dll+0x1a71e9]
C  [msvcr100.dll+0x5c556]
C  [msvcr100.dll+0x5c600]
C  [kernel32.dll+0x1344d]
C  [ntdll.dll+0x39802]
C  [ntdll.dll+0x397d5]

Java frames: (J=compiled Java code, j=interpreted, Vv=VM code)
j  com.mathworks.toolbox.javabuilder.internal.MWMCR.mclInitializeComponentInstance(ZLjava/lang/String;Ljava/lang/String;Ljava/lang/String;Ljava/io/InputStream;ILjava/util/concurrent/Callable;Ljava/util/concurrent/Callable;)Lcom/mathworks/toolbox/javabuilder/internal/NativePtr;+0
j  com.mathworks.toolbox.javabuilder.internal.MWMCR.access$700(ZLjava/lang/String;Ljava/lang/String;Ljava/lang/String;Ljava/io/InputStream;ILjava/util/concurrent/Callable;Ljava/util/concurrent/Callable;)Lcom/mathworks/toolbox/javabuilder/internal/NativePtr;+12
j  com.mathworks.toolbox.javabuilder.internal.MWMCR$6.mclInitializeComponentInstance(ZLjava/lang/String;Ljava/lang/String;Ljava/lang/String;Ljava/io/InputStream;ILjava/util/concurrent/Callable;Ljava/util/concurrent/Callable;)Lcom/mathworks/toolbox/javabuilder/internal/NativePtr;+13
v  ~StubRoutines::call_stub
j  sun.reflect.NativeMethodAccessorImpl.invoke0(Ljava/lang/reflect/Method;Ljava/lang/Object;[Ljava/lang/Object;)Ljava/lang/Object;+0
j  sun.reflect.NativeMethodAccessorImpl.invoke(Ljava/lang/Object;[Ljava/lang/Object;)Ljava/lang/Object;+87
j  sun.reflect.DelegatingMethodAccessorImpl.invoke(Ljava/lang/Object;[Ljava/lang/Object;)Ljava/lang/Object;+6
j  java.lang.reflect.Method.invoke(Ljava/lang/Object;[Ljava/lang/Object;)Ljava/lang/Object;+57
j  com.mathworks.toolbox.javabuilder.internal.MWMCR$5.invoke(Ljava/lang/Object;Ljava/lang/reflect/Method;[Ljava/lang/Object;)Ljava/lang/Object;+8
j  com.sun.proxy.$Proxy0.mclInitializeComponentInstance(ZLjava/lang/String;Ljava/lang/String;Ljava/lang/String;Ljava/io/InputStream;ILjava/util/concurrent/Callable;Ljava/util/concurrent/Callable;)Lcom/mathworks/toolbox/javabuilder/internal/NativePtr;+58
v  ~StubRoutines::call_stub
j  sun.reflect.NativeMethodAccessorImpl.invoke0(Ljava/lang/reflect/Method;Ljava/lang/Object;[Ljava/lang/Object;)Ljava/lang/Object;+0
j  sun.reflect.NativeMethodAccessorImpl.invoke(Ljava/lang/Object;[Ljava/lang/Object;)Ljava/lang/Object;+87
j  sun.reflect.DelegatingMethodAccessorImpl.invoke(Ljava/lang/Object;[Ljava/lang/Object;)Ljava/lang/Object;+6
j  java.lang.reflect.Method.invoke(Ljava/lang/Object;[Ljava/lang/Object;)Ljava/lang/Object;+57
j  com.mathworks.toolbox.javabuilder.internal.MWMCR$4$1.call()Ljava/lang/Object;+11
j  com.mathworks.toolbox.javabuilder.internal.MCRThreadUtilities$CallableWrapper.call()Ljava/lang/Object;+4
j  java.util.concurrent.FutureTask.run()V+42
j  java.util.concurrent.ScheduledThreadPoolExecutor$ScheduledFutureTask.access$201(Ljava/util/concurrent/ScheduledThreadPoolExecutor$ScheduledFutureTask;)V+1
j  java.util.concurrent.ScheduledThreadPoolExecutor$ScheduledFutureTask.run()V+30
j  java.util.concurrent.ThreadPoolExecutor.runWorker(Ljava/util/concurrent/ThreadPoolExecutor$Worker;)V+95
j  java.util.concurrent.ThreadPoolExecutor$Worker.run()V+5
j  java.lang.Thread.run()V+11
v  ~StubRoutines::call_stub

---------------  P R O C E S S  ---------------

Java Threads: ( => current thread )
  0x04ba0400 JavaThread "Connector Runnable" daemon [_thread_blocked, id=2260, stack(0x0ddc0000,0x0de10000)]
  0x04ba0000 JavaThread "EventMgr Dispatcher" daemon [_thread_in_native, id=6540, stack(0x0e3c0000,0x0e410000)]
  0x04b9f800 JavaThread "MATLAB Compiler Runtime" daemon [_thread_in_native, id=3540, stack(0x0d0e0000,0x0d8e0000)]
  0x04b9f400 JavaThread "Thread-4" [_thread_blocked, id=3504, stack(0x0c160000,0x0c1b0000)]
=>0x04b9ec00 JavaThread "Thread-3" daemon [_thread_in_native, id=6168, stack(0x0be40000,0x0be90000)]
  0x04b9e800 JavaThread "Thread-1" [_thread_in_native, id=3112, stack(0x05ad0000,0x05b20000)]
  0x04b9e000 JavaThread "DestroyJavaVM" [_thread_blocked, id=4420, stack(0x00d50000,0x00da0000)]
  0x04b9d800 JavaThread "AWT-EventQueue-0" [_thread_blocked, id=2552, stack(0x05920000,0x05970000)]
  0x04b9d400 JavaThread "AWT-Windows" daemon [_thread_in_native, id=6412, stack(0x04d60000,0x04db0000)]
  0x04b9cc00 JavaThread "AWT-Shutdown" [_thread_blocked, id=3968, stack(0x04380000,0x043d0000)]
  0x04b9c800 JavaThread "Java2D Disposer" daemon [_thread_blocked, id=6272, stack(0x04e30000,0x04e80000)]
  0x00c92400 JavaThread "Service Thread" daemon [_thread_blocked, id=4960, stack(0x04800000,0x04850000)]
  0x00c8dc00 JavaThread "C1 CompilerThread0" daemon [_thread_blocked, id=6372, stack(0x04910000,0x04960000)]
  0x00c8c800 JavaThread "Attach Listener" daemon [_thread_blocked, id=4876, stack(0x046b0000,0x04700000)]
  0x00c89800 JavaThread "Signal Dispatcher" daemon [_thread_blocked, id=5912, stack(0x047b0000,0x04800000)]
  0x00c1a000 JavaThread "Finalizer" daemon [_thread_blocked, id=5992, stack(0x04410000,0x04460000)]
  0x00c18800 JavaThread "Reference Handler" daemon [_thread_blocked, id=4436, stack(0x04630000,0x04680000)]

Other Threads:
  0x00c17000 VMThread [stack: 0x04590000,0x045e0000] [id=1900]
  0x00c9cc00 WatcherThread [stack: 0x04a90000,0x04ae0000] [id=4704]

VM state:not at safepoint (normal execution)

VM Mutex/Monitor currently owned by a thread: None

Heap
 def new generation   total 4928K, used 1294K [0x24600000, 0x24b50000, 0x29b50000)
  eden space 4416K,  24% used [0x24600000, 0x2470cfe8, 0x24a50000)
  from space 512K,  42% used [0x24ad0000, 0x24b06a98, 0x24b50000)
  to   space 512K,   0% used [0x24a50000, 0x24a50000, 0x24ad0000)
 tenured generation   total 10944K, used 2925K [0x29b50000, 0x2a600000, 0x34600000)
   the space 10944K,  26% used [0x29b50000, 0x29e2b788, 0x29e2b800, 0x2a600000)
 compacting perm gen  total 12288K, used 2135K [0x34600000, 0x35200000, 0x38600000)
   the space 12288K,  17% used [0x34600000, 0x34815ec0, 0x34816000, 0x35200000)
    ro space 10240K,  44% used [0x38600000, 0x38a7a7a8, 0x38a7a800, 0x39000000)
    rw space 12288K,  52% used [0x39000000, 0x39651db0, 0x39651e00, 0x39c00000)

Card table byte_map: [0x00e30000,0x00ee0000] byte_map_base: 0x00d0d000

Polling page: 0x001e0000

Code Cache  [0x02360000, 0x02478000, 0x04360000)
 total_blobs=540 nmethods=332 adapters=145 free_code_cache=31675Kb largest_free_block=32435456

Compilation events (10 events):
Event: 1.533 Thread 0x00c8dc00  324             java.lang.ClassLoader::checkName (43 bytes)
Event: 1.533 Thread 0x00c8dc00 nmethod 324 0x0246ee88 code [0x0246efb0, 0x0246f168]
Event: 1.533 Thread 0x00c8dc00  325             sun.misc.VM::allowArraySyntax (4 bytes)
Event: 1.533 Thread 0x00c8dc00 nmethod 325 0x0246f348 code [0x0246f440, 0x0246f4c0]
Event: 1.541 Thread 0x00c8dc00  326             java.util.WeakHashMap::remove (133 bytes)
Event: 1.542 Thread 0x00c8dc00 nmethod 326 0x0246f508 code [0x0246f640, 0x0246f8a4]
Event: 1.543 Thread 0x00c8dc00  327   !         java.util.concurrent.ConcurrentHashMap$Segment::put (237 bytes)
Event: 1.543 Thread 0x00c8dc00 nmethod 327 0x0246fb08 code [0x0246fc60, 0x024700a8]
Event: 1.665 Thread 0x00c8dc00  332             java.lang.ThreadLocal$ThreadLocalMap::access$000 (6 bytes)
Event: 1.665 Thread 0x00c8dc00 nmethod 332 0x02471108 code [0x02471200, 0x0247128c]

GC Heap History (10 events):
Event: 1.369 GC heap before
{Heap before GC invocations=4 (full 0):
 def new generation   total 4928K, used 4928K [0x24600000, 0x24b50000, 0x29b50000)
  eden space 4416K, 100% used [0x24600000, 0x24a50000, 0x24a50000)
  from space 512K, 100% used [0x24a50000, 0x24ad0000, 0x24ad0000)
  to   space 512K,   0% used [0x24ad0000, 0x24ad0000, 0x24b50000)
 tenured generation   total 10944K, used 2245K [0x29b50000, 0x2a600000, 0x34600000)
   the space 10944K,  20% used [0x29b50000, 0x29d81540, 0x29d81600, 0x2a600000)
 compacting perm gen  total 12288K, used 1666K [0x34600000, 0x35200000, 0x38600000)
   the space 12288K,  13% used [0x34600000, 0x347a0bf0, 0x347a0c00, 0x35200000)
    ro space 10240K,  44% used [0x38600000, 0x38a7a7a8, 0x38a7a800, 0x39000000)
    rw space 12288K,  52% used [0x39000000, 0x39651db0, 0x39651e00, 0x39c00000)
Event: 1.370 GC heap after
Heap after GC invocations=5 (full 0):
 def new generation   total 4928K, used 184K [0x24600000, 0x24b50000, 0x29b50000)
  eden space 4416K,   0% used [0x24600000, 0x24600000, 0x24a50000)
  from space 512K,  36% used [0x24ad0000, 0x24afe188, 0x24b50000)
  to   space 512K,   0% used [0x24a50000, 0x24a50000, 0x24ad0000)
 tenured generation   total 10944K, used 2564K [0x29b50000, 0x2a600000, 0x34600000)
   the space 10944K,  23% used [0x29b50000, 0x29dd12b0, 0x29dd1400, 0x2a600000)
 compacting perm gen  total 12288K, used 1666K [0x34600000, 0x35200000, 0x38600000)
   the space 12288K,  13% used [0x34600000, 0x347a0bf0, 0x347a0c00, 0x35200000)
    ro space 10240K,  44% used [0x38600000, 0x38a7a7a8, 0x38a7a800, 0x39000000)
    rw space 12288K,  52% used [0x39000000, 0x39651db0, 0x39651e00, 0x39c00000)
}
Event: 1.500 GC heap before
{Heap before GC invocations=5 (full 0):
 def new generation   total 4928K, used 4600K [0x24600000, 0x24b50000, 0x29b50000)
  eden space 4416K, 100% used [0x24600000, 0x24a50000, 0x24a50000)
  from space 512K,  36% used [0x24ad0000, 0x24afe188, 0x24b50000)
  to   space 512K,   0% used [0x24a50000, 0x24a50000, 0x24ad0000)
 tenured generation   total 10944K, used 2564K [0x29b50000, 0x2a600000, 0x34600000)
   the space 10944K,  23% used [0x29b50000, 0x29dd12b0, 0x29dd1400, 0x2a600000)
 compacting perm gen  total 12288K, used 1765K [0x34600000, 0x35200000, 0x38600000)
   the space 12288K,  14% used [0x34600000, 0x347b9408, 0x347b9600, 0x35200000)
    ro space 10240K,  44% used [0x38600000, 0x38a7a7a8, 0x38a7a800, 0x39000000)
    rw space 12288K,  52% used [0x39000000, 0x39651db0, 0x39651e00, 0x39c00000)
Event: 1.501 GC heap after
Heap after GC invocations=6 (full 0):
 def new generation   total 4928K, used 507K [0x24600000, 0x24b50000, 0x29b50000)
  eden space 4416K,   0% used [0x24600000, 0x24600000, 0x24a50000)
  from space 512K,  99% used [0x24a50000, 0x24acee18, 0x24ad0000)
  to   space 512K,   0% used [0x24ad0000, 0x24ad0000, 0x24b50000)
 tenured generation   total 10944K, used 2592K [0x29b50000, 0x2a600000, 0x34600000)
   the space 10944K,  23% used [0x29b50000, 0x29dd8078, 0x29dd8200, 0x2a600000)
 compacting perm gen  total 12288K, used 1765K [0x34600000, 0x35200000, 0x38600000)
   the space 12288K,  14% used [0x34600000, 0x347b9408, 0x347b9600, 0x35200000)
    ro space 10240K,  44% used [0x38600000, 0x38a7a7a8, 0x38a7a800, 0x39000000)
    rw space 12288K,  52% used [0x39000000, 0x39651db0, 0x39651e00, 0x39c00000)
}
Event: 1.529 GC heap before
{Heap before GC invocations=6 (full 0):
 def new generation   total 4928K, used 4923K [0x24600000, 0x24b50000, 0x29b50000)
  eden space 4416K, 100% used [0x24600000, 0x24a50000, 0x24a50000)
  from space 512K,  99% used [0x24a50000, 0x24acee18, 0x24ad0000)
  to   space 512K,   0% used [0x24ad0000, 0x24ad0000, 0x24b50000)
 tenured generation   total 10944K, used 2592K [0x29b50000, 0x2a600000, 0x34600000)
   the space 10944K,  23% used [0x29b50000, 0x29dd8078, 0x29dd8200, 0x2a600000)
 compacting perm gen  total 12288K, used 1902K [0x34600000, 0x35200000, 0x38600000)
   the space 12288K,  15% used [0x34600000, 0x347db828, 0x347dba00, 0x35200000)
    ro space 10240K,  44% used [0x38600000, 0x38a7a7a8, 0x38a7a800, 0x39000000)
    rw space 12288K,  52% used [0x39000000, 0x39651db0, 0x39651e00, 0x39c00000)
Event: 1.530 GC heap after
Heap after GC invocations=7 (full 0):
 def new generation   total 4928K, used 163K [0x24600000, 0x24b50000, 0x29b50000)
  eden space 4416K,   0% used [0x24600000, 0x24600000, 0x24a50000)
  from space 512K,  31% used [0x24ad0000, 0x24af8e48, 0x24b50000)
  to   space 512K,   0% used [0x24a50000, 0x24a50000, 0x24ad0000)
 tenured generation   total 10944K, used 2925K [0x29b50000, 0x2a600000, 0x34600000)
   the space 10944K,  26% used [0x29b50000, 0x29e2b788, 0x29e2b800, 0x2a600000)
 compacting perm gen  total 12288K, used 1902K [0x34600000, 0x35200000, 0x38600000)
   the space 12288K,  15% used [0x34600000, 0x347db828, 0x347dba00, 0x35200000)
    ro space 10240K,  44% used [0x38600000, 0x38a7a7a8, 0x38a7a800, 0x39000000)
    rw space 12288K,  52% used [0x39000000, 0x39651db0, 0x39651e00, 0x39c00000)
}
Event: 1.550 GC heap before
{Heap before GC invocations=7 (full 0):
 def new generation   total 4928K, used 4579K [0x24600000, 0x24b50000, 0x29b50000)
  eden space 4416K, 100% used [0x24600000, 0x24a50000, 0x24a50000)
  from space 512K,  31% used [0x24ad0000, 0x24af8e48, 0x24b50000)
  to   space 512K,   0% used [0x24a50000, 0x24a50000, 0x24ad0000)
 tenured generation   total 10944K, used 2925K [0x29b50000, 0x2a600000, 0x34600000)
   the space 10944K,  26% used [0x29b50000, 0x29e2b788, 0x29e2b800, 0x2a600000)
 compacting perm gen  total 12288K, used 2011K [0x34600000, 0x35200000, 0x38600000)
   the space 12288K,  16% used [0x34600000, 0x347f6e48, 0x347f7000, 0x35200000)
    ro space 10240K,  44% used [0x38600000, 0x38a7a7a8, 0x38a7a800, 0x39000000)
    rw space 12288K,  52% used [0x39000000, 0x39651db0, 0x39651e00, 0x39c00000)
Event: 1.551 GC heap after
Heap after GC invocations=8 (full 0):
 def new generation   total 4928K, used 242K [0x24600000, 0x24b50000, 0x29b50000)
  eden space 4416K,   0% used [0x24600000, 0x24600000, 0x24a50000)
  from space 512K,  47% used [0x24a50000, 0x24a8ca28, 0x24ad0000)
  to   space 512K,   0% used [0x24ad0000, 0x24ad0000, 0x24b50000)
 tenured generation   total 10944K, used 2925K [0x29b50000, 0x2a600000, 0x34600000)
   the space 10944K,  26% used [0x29b50000, 0x29e2b788, 0x29e2b800, 0x2a600000)
 compacting perm gen  total 12288K, used 2011K [0x34600000, 0x35200000, 0x38600000)
   the space 12288K,  16% used [0x34600000, 0x347f6e48, 0x347f7000, 0x35200000)
    ro space 10240K,  44% used [0x38600000, 0x38a7a7a8, 0x38a7a800, 0x39000000)
    rw space 12288K,  52% used [0x39000000, 0x39651db0, 0x39651e00, 0x39c00000)
}
Event: 1.660 GC heap before
{Heap before GC invocations=8 (full 0):
 def new generation   total 4928K, used 4658K [0x24600000, 0x24b50000, 0x29b50000)
  eden space 4416K, 100% used [0x24600000, 0x24a50000, 0x24a50000)
  from space 512K,  47% used [0x24a50000, 0x24a8ca28, 0x24ad0000)
  to   space 512K,   0% used [0x24ad0000, 0x24ad0000, 0x24b50000)
 tenured generation   total 10944K, used 2925K [0x29b50000, 0x2a600000, 0x34600000)
   the space 10944K,  26% used [0x29b50000, 0x29e2b788, 0x29e2b800, 0x2a600000)
 compacting perm gen  total 12288K, used 2093K [0x34600000, 0x35200000, 0x38600000)
   the space 12288K,  17% used [0x34600000, 0x3480b750, 0x3480b800, 0x35200000)
    ro space 10240K,  44% used [0x38600000, 0x38a7a7a8, 0x38a7a800, 0x39000000)
    rw space 12288K,  52% used [0x39000000, 0x39651db0, 0x39651e00, 0x39c00000)
Event: 1.661 GC heap after
Heap after GC invocations=9 (full 0):
 def new generation   total 4928K, used 218K [0x24600000, 0x24b50000, 0x29b50000)
  eden space 4416K,   0% used [0x24600000, 0x24600000, 0x24a50000)
  from space 512K,  42% used [0x24ad0000, 0x24b06a98, 0x24b50000)
  to   space 512K,   0% used [0x24a50000, 0x24a50000, 0x24ad0000)
 tenured generation   total 10944K, used 2925K [0x29b50000, 0x2a600000, 0x34600000)
   the space 10944K,  26% used [0x29b50000, 0x29e2b788, 0x29e2b800, 0x2a600000)
 compacting perm gen  total 12288K, used 2093K [0x34600000, 0x35200000, 0x38600000)
   the space 12288K,  17% used [0x34600000, 0x3480b750, 0x3480b800, 0x35200000)
    ro space 10240K,  44% used [0x38600000, 0x38a7a7a8, 0x38a7a800, 0x39000000)
    rw space 12288K,  52% used [0x39000000, 0x39651db0, 0x39651e00, 0x39c00000)
}

Deoptimization events (0 events):
No events

Internal exceptions (10 events):
Event: 1.662 Thread 0x04b9f800 Threw 0x24655ad0 at C:\re\jdk7u60\1081\hotspot\src\share\vm\prims\jvm.cpp:1244
Event: 1.662 Thread 0x04b9f800 Threw 0x24657888 at C:\re\jdk7u60\1081\hotspot\src\share\vm\prims\jvm.cpp:1244
Event: 1.663 Thread 0x04b9f800 Threw 0x24673288 at C:\re\jdk7u60\1081\hotspot\src\share\vm\prims\jvm.cpp:1244
Event: 1.663 Thread 0x04b9f800 Threw 0x24675788 at C:\re\jdk7u60\1081\hotspot\src\share\vm\prims\jvm.cpp:1244
Event: 1.664 Thread 0x04b9f800 Threw 0x2469f470 at C:\re\jdk7u60\1081\hotspot\src\share\vm\prims\jvm.cpp:1244
Event: 1.664 Thread 0x04b9f800 Threw 0x246a1968 at C:\re\jdk7u60\1081\hotspot\src\share\vm\prims\jvm.cpp:1244
Event: 1.665 Thread 0x04b9f800 Threw 0x246c4828 at C:\re\jdk7u60\1081\hotspot\src\share\vm\prims\jvm.cpp:1244
Event: 1.665 Thread 0x04b9f800 Threw 0x246c6be0 at C:\re\jdk7u60\1081\hotspot\src\share\vm\prims\jvm.cpp:1244
Event: 1.665 Thread 0x04b9f800 Threw 0x246e59e8 at C:\re\jdk7u60\1081\hotspot\src\share\vm\prims\jvm.cpp:1244
Event: 1.665 Thread 0x04b9f800 Threw 0x246e76f0 at C:\re\jdk7u60\1081\hotspot\src\share\vm\prims\jvm.cpp:1244

Events (10 events):
Event: 1.662 loading class 0x0fba6f08
Event: 1.662 loading class 0x0fba6f08 done
Event: 1.663 loading class 0x04c1ad28
Event: 1.663 loading class 0x04c1ad28 done
Event: 1.664 loading class 0x0f95fbf0
Event: 1.664 loading class 0x0f95fbf0 done
Event: 1.665 loading class 0x0fba1e70
Event: 1.665 loading class 0x0fba1e70 done
Event: 1.665 loading class 0x0fba70e8
Event: 1.665 loading class 0x0fba70e8 done


Dynamic libraries:
0x00f30000 - 0x00f5f000 	C:\Program Files (x86)\Java\jdk1.7.0_60\bin\java.exe
0x77cd0000 - 0x77e50000 	C:\Windows\SysWOW64\ntdll.dll
0x75be0000 - 0x75cf0000 	C:\Windows\syswow64\kernel32.dll
0x77740000 - 0x77787000 	C:\Windows\syswow64\KERNELBASE.dll
0x76300000 - 0x763a1000 	C:\Windows\syswow64\ADVAPI32.dll
0x777a0000 - 0x7784c000 	C:\Windows\syswow64\msvcrt.dll
0x76190000 - 0x761a9000 	C:\Windows\SysWOW64\sechost.dll
0x75af0000 - 0x75be0000 	C:\Windows\syswow64\RPCRT4.dll
0x753f0000 - 0x75450000 	C:\Windows\syswow64\SspiCli.dll
0x753e0000 - 0x753ec000 	C:\Windows\syswow64\CRYPTBASE.dll
0x756f0000 - 0x757f0000 	C:\Windows\syswow64\USER32.dll
0x75650000 - 0x756e0000 	C:\Windows\syswow64\GDI32.dll
0x76140000 - 0x7614a000 	C:\Windows\syswow64\LPK.dll
0x75450000 - 0x754ed000 	C:\Windows\syswow64\USP10.dll
0x72a80000 - 0x72c1e000 	C:\Windows\WinSxS\x86_microsoft.windows.common-controls_6595b64144ccf1df_6.0.7601.24380_none_2b2053e245779417\COMCTL32.dll
0x761d0000 - 0x76227000 	C:\Windows\syswow64\SHLWAPI.dll
0x773c0000 - 0x77420000 	C:\Windows\system32\IMM32.DLL
0x76230000 - 0x762fd000 	C:\Windows\syswow64\MSCTF.dll
0x71aa0000 - 0x71b5f000 	C:\Program Files (x86)\Java\jdk1.7.0_60\jre\bin\msvcr100.dll
0x6ab70000 - 0x6aef8000 	C:\Program Files (x86)\Java\jdk1.7.0_60\jre\bin\client\jvm.dll
0x72d00000 - 0x72d07000 	C:\Windows\system32\WSOCK32.dll
0x757f0000 - 0x75825000 	C:\Windows\syswow64\WS2_32.dll
0x76180000 - 0x76186000 	C:\Windows\syswow64\NSI.dll
0x70fa0000 - 0x70fd2000 	C:\Windows\system32\WINMM.dll
0x75850000 - 0x75855000 	C:\Windows\syswow64\PSAPI.DLL
0x727b0000 - 0x727bc000 	C:\Program Files (x86)\Java\jdk1.7.0_60\jre\bin\verify.dll
0x724a0000 - 0x724c0000 	C:\Program Files (x86)\Java\jdk1.7.0_60\jre\bin\java.dll
0x71a80000 - 0x71a93000 	C:\Program Files (x86)\Java\jdk1.7.0_60\jre\bin\zip.dll
0x6b540000 - 0x6b683000 	C:\Program Files (x86)\Java\jdk1.7.0_60\jre\bin\awt.dll
0x77850000 - 0x778e2000 	C:\Windows\syswow64\OLEAUT32.dll
0x754f0000 - 0x7564f000 	C:\Windows\syswow64\ole32.dll
0x71c90000 - 0x71d10000 	C:\Windows\system32\uxtheme.dll
0x71570000 - 0x71583000 	C:\Windows\system32\dwmapi.dll
0x766c0000 - 0x7730c000 	C:\Windows\syswow64\SHELL32.dll
0x71a40000 - 0x71a79000 	C:\Program Files (x86)\Java\jdk1.7.0_60\jre\bin\fontmanager.dll
0x713a0000 - 0x71563000 	C:\Windows\system32\d3d9.dll
0x71920000 - 0x71929000 	C:\Windows\system32\VERSION.dll
0x71390000 - 0x71396000 	C:\Windows\system32\d3d8thk.dll
0x61b50000 - 0x6291e000 	C:\Windows\system32\nvd3dum.dll
0x71a10000 - 0x71a35000 	C:\Windows\system32\powrprof.dll
0x75870000 - 0x75a0d000 	C:\Windows\syswow64\SETUPAPI.dll
0x75ac0000 - 0x75ae7000 	C:\Windows\syswow64\CFGMGR32.dll
0x77310000 - 0x77322000 	C:\Windows\syswow64\DEVOBJ.dll
0x10000000 - 0x10012000 	C:\Program Files (x86)\Java\jdk1.7.0_60\jre\bin\rxtxSerial.dll
0x6c240000 - 0x6c267000 	C:\Windows\system32\crtdll.dll
0x043d0000 - 0x043fb000 	C:\Program Files (x86)\MATLAB\R2015b\bin\win32\BuilderJABootstrap.dll
0x04360000 - 0x0436c000 	C:\Program Files (x86)\MATLAB\R2015b\bin\win32\nativedl.dll
0x71980000 - 0x71a05000 	C:\Windows\system32\MSVCP110.dll
0x6b460000 - 0x6b536000 	C:\Windows\system32\MSVCR110.dll
0x7e240000 - 0x7e401000 	C:\Program Files (x86)\MATLAB\R2015b\bin\win32\libmwfl.dll
0x763c0000 - 0x763eb000 	C:\Windows\syswow64\imagehlp.dll
0x06f30000 - 0x06ff9000 	C:\Program Files (x86)\MATLAB\R2015b\bin\win32\libmwi18n.dll
0x04370000 - 0x04377000 	C:\Program Files (x86)\MATLAB\R2015b\bin\win32\libmwresource_core.dll
0x71970000 - 0x7197c000 	C:\Program Files (x86)\MATLAB\R2015b\bin\win32\boost_date_time-vc110-mt-1_49.dll
0x71940000 - 0x71965000 	C:\Program Files (x86)\MATLAB\R2015b\bin\win32\boost_filesystem-vc110-mt-1_49.dll
0x727a0000 - 0x727a7000 	C:\Program Files (x86)\MATLAB\R2015b\bin\win32\boost_system-vc110-mt-1_49.dll
0x71930000 - 0x7193e000 	C:\Program Files (x86)\MATLAB\R2015b\bin\win32\boost_thread-vc110-mt-1_49.dll
0x6b440000 - 0x6b45f000 	C:\Program Files (x86)\MATLAB\R2015b\bin\win32\LIBEXPAT.dll
0x07000000 - 0x07199000 	C:\Program Files (x86)\MATLAB\R2015b\bin\win32\icuin54.dll
0x071a0000 - 0x072bf000 	C:\Program Files (x86)\MATLAB\R2015b\bin\win32\icuuc54.dll
0x60320000 - 0x61b4c000 	C:\Program Files (x86)\MATLAB\R2015b\bin\win32\icudt54.dll
0x04510000 - 0x0451e000 	C:\Program Files (x86)\MATLAB\R2015b\bin\win32\icuio54.dll
0x6b210000 - 0x6b282000 	C:\Program Files (x86)\MATLAB\R2015b\bin\win32\boost_log-vc110-mt-1_49.dll
0x6b150000 - 0x6b206000 	C:\Program Files (x86)\MATLAB\R2015b\bin\win32\boost_regex-vc110-mt-1_49.dll
0x6b400000 - 0x6b43d000 	C:\Program Files (x86)\MATLAB\R2015b\bin\win32\boost_serialization-vc110-mt-1_49.dll
0x6fd30000 - 0x6fd3f000 	C:\Program Files (x86)\MATLAB\R2015b\bin\win32\boost_signals-vc110-mt-1_49.dll
0x6b110000 - 0x6b141000 	C:\Program Files (x86)\MATLAB\R2015b\bin\win32\tbb.dll
0x076d0000 - 0x078cd000 	C:\Program Files (x86)\MATLAB\R2015b\bin\win32\nativemcl.dll
0x072c0000 - 0x07362000 	C:\Program Files (x86)\MATLAB\R2015b\bin\win32\libut.dll
0x7dd60000 - 0x7deb6000 	C:\Program Files (x86)\MATLAB\R2015b\bin\win32\libmx.dll
0x6b0e0000 - 0x6b106000 	C:\Program Files (x86)\MATLAB\R2015b\bin\win32\tbbmalloc.dll
0x6b0c0000 - 0x6b0d4000 	C:\Program Files (x86)\MATLAB\R2015b\bin\win32\zlib1.dll
0x078d0000 - 0x07d64000 	C:\Program Files (x86)\MATLAB\R2015b\bin\win32\libmwservices.dll
0x04570000 - 0x04583000 	C:\Program Files (x86)\MATLAB\R2015b\bin\win32\display_device.dll
0x7dd20000 - 0x7dd5f000 	C:\Program Files (x86)\MATLAB\R2015b\bin\win32\libmwregexp.dll
0x05a70000 - 0x05ab3000 	C:\Program Files (x86)\MATLAB\R2015b\bin\win32\mpath.dll
0x07d70000 - 0x080f2000 	C:\Program Files (x86)\MATLAB\R2015b\bin\win32\libmwms.dll
0x6b3f0000 - 0x6b3fd000 	C:\Program Files (x86)\MATLAB\R2015b\bin\win32\boost_iostreams-vc110-mt-1_49.dll
0x72ca0000 - 0x72cdc000 	C:\Windows\system32\MSWSOCK.dll
0x7d640000 - 0x7da52000 	C:\Program Files (x86)\MATLAB\R2015b\bin\win32\mlutil.dll
0x08100000 - 0x08362000 	C:\Program Files (x86)\MATLAB\R2015b\bin\win32\settingscore.dll
0x7d370000 - 0x7d3d2000 	C:\Program Files (x86)\MATLAB\R2015b\bin\win32\xmlcore.dll
0x12000000 - 0x121dd000 	C:\Program Files (x86)\MATLAB\R2015b\bin\win32\xerces-c_3_1.dll
0x7d180000 - 0x7d185000 	C:\Program Files (x86)\MATLAB\R2015b\bin\win32\libmwnativedisplay.dll
0x7d130000 - 0x7d178000 	C:\Program Files (x86)\MATLAB\R2015b\bin\win32\opccore.dll
0x08370000 - 0x08469000 	C:\Program Files (x86)\MATLAB\R2015b\bin\win32\opcmodel.dll
0x08470000 - 0x086b1000 	C:\Program Files (x86)\MATLAB\R2015b\bin\win32\libmwflnetwork.dll
0x7d060000 - 0x7d084000 	C:\Program Files (x86)\MATLAB\R2015b\bin\win32\opczippackage.dll
0x6b0b0000 - 0x6b0be000 	C:\Program Files (x86)\MATLAB\R2015b\bin\win32\libminizip.dll
0x086c0000 - 0x08822000 	C:\Program Files (x86)\MATLAB\R2015b\bin\win32\opcmwservices.dll
0x04680000 - 0x04698000 	C:\Program Files (x86)\MATLAB\R2015b\bin\win32\webproxy.dll
0x6fe30000 - 0x6fe88000 	C:\Windows\system32\WINHTTP.dll
0x6fde0000 - 0x6fe30000 	C:\Windows\system32\webio.dll
0x77430000 - 0x774ab000 	C:\Windows\syswow64\comdlg32.dll
0x72080000 - 0x72091000 	C:\Windows\system32\netapi32.dll
0x72070000 - 0x72079000 	C:\Windows\system32\netutils.dll
0x72050000 - 0x72069000 	C:\Windows\system32\srvcli.dll
0x72040000 - 0x7204f000 	C:\Windows\system32\wkscli.dll
0x6a9f0000 - 0x6ab62000 	C:\Program Files (x86)\MATLAB\R2015b\bin\win32\pocofoundation.dll
0x72960000 - 0x7297c000 	C:\Windows\system32\IPHLPAPI.DLL
0x72950000 - 0x72957000 	C:\Windows\system32\WINNSI.DLL
0x6afd0000 - 0x6b0a3000 	C:\Program Files (x86)\MATLAB\R2015b\bin\win32\poconet.dll
0x6af90000 - 0x6afc8000 	C:\Program Files (x86)\MATLAB\R2015b\bin\win32\poconetssl.dll
0x6a8d0000 - 0x6a9f0000 	C:\Program Files (x86)\MATLAB\R2015b\bin\win32\LIBEAY32.dll
0x6af40000 - 0x6af87000 	C:\Program Files (x86)\MATLAB\R2015b\bin\win32\SSLEAY32.dll
0x6af20000 - 0x6af40000 	C:\Program Files (x86)\MATLAB\R2015b\bin\win32\PocoCrypto.dll
0x6a860000 - 0x6a8c2000 	C:\Program Files (x86)\MATLAB\R2015b\bin\win32\PocoUtil.dll
0x6a7d0000 - 0x6a856000 	C:\Program Files (x86)\MATLAB\R2015b\bin\win32\PocoXML.dll
0x6a780000 - 0x6a7c4000 	C:\Program Files (x86)\MATLAB\R2015b\bin\win32\PocoJSON.dll
0x08830000 - 0x08aeb000 	C:\Program Files (x86)\MATLAB\R2015b\bin\win32\mclmcr.dll
0x7cf70000 - 0x7d030000 	C:\Program Files (x86)\MATLAB\R2015b\bin\win32\mcr.dll
0x08af0000 - 0x08c26000 	C:\Program Files (x86)\MATLAB\R2015b\bin\win32\iqm.dll
0x04880000 - 0x04889000 	C:\Program Files (x86)\MATLAB\R2015b\bin\win32\language_execution_interfaces.dll
0x08c30000 - 0x08cd7000 	C:\Program Files (x86)\MATLAB\R2015b\bin\win32\m_dispatcher.dll
0x08ce0000 - 0x0933b000 	C:\Program Files (x86)\MATLAB\R2015b\bin\win32\m_interpreter.dll
0x7c780000 - 0x7c7a7000 	C:\Program Files (x86)\MATLAB\R2015b\bin\win32\libmex.dll
0x09340000 - 0x093a2000 	C:\Program Files (x86)\MATLAB\R2015b\bin\win32\profiler.dll
0x7c5d0000 - 0x7c732000 	C:\Program Files (x86)\MATLAB\R2015b\bin\win32\libmwmathutil.dll
0x093b0000 - 0x09409000 	C:\Program Files (x86)\MATLAB\R2015b\bin\win32\libmwmathrng.dll
0x7c590000 - 0x7c5a0000 	C:\Program Files (x86)\MATLAB\R2015b\bin\win32\libmwmfl_rng.dll
0x048d0000 - 0x048d6000 	C:\Program Files (x86)\MATLAB\R2015b\bin\win32\libmwdSFMT.dll
0x09410000 - 0x0957f000 	C:\Program Files (x86)\MATLAB\R2015b\bin\win32\libmwmathcore.dll
0x7c460000 - 0x7c4b5000 	C:\Program Files (x86)\MATLAB\R2015b\bin\win32\libmwspmatrix.dll
0x7c260000 - 0x7c29a000 	C:\Program Files (x86)\MATLAB\R2015b\bin\win32\mcos.dll
0x7c210000 - 0x7c24c000 	C:\Program Files (x86)\MATLAB\R2015b\bin\win32\libmwcholmod.dll
0x7c200000 - 0x7c20a000 	C:\Program Files (x86)\MATLAB\R2015b\bin\win32\libmwamd.dll
0x7c1f0000 - 0x7c1f9000 	C:\Program Files (x86)\MATLAB\R2015b\bin\win32\libmwcolamd.dll
0x048e0000 - 0x048f2000 	C:\Program Files (x86)\MATLAB\R2015b\bin\win32\libmwblas.dll

VM Arguments:
jvm_args: -Dfile.encoding=UTF-8 -Djava.library.path=/usr/lib/jni 
java_command: Interface.Tomografo
Launcher Type: SUN_STANDARD

Environment Variables:
JAVA_HOME=C:\Program Files\Java\jdk1.7.0_60
PATH=C:\Program Files (x86)\MATLAB\R2015b\bin\win32;C:\Program Files\Java\jdk1.7.0_60\bin;C:\Program Files (x86)\Common Files\Oracle\Java\javapath;C:\ProgramData\Oracle\Java\javapath;C:\Windows\system32;C:\Windows;C:\Windows\System32\Wbem;C:\Windows\System32\WindowsPowerShell\v1.0\;C:\Program Files\MATLAB\R2017b\runtime\win64;C:\Program Files\MATLAB\R2017b\bin;C:\Program Files (x86)\MATLAB\R2015b\runtime\win32;C:\Program Files (x86)\MATLAB\R2015b\bin;C:\Program Files (x86)\MATLAB\R2015b\polyspace\bin;C:\Program Files\MiKTeX 2.9\miktex\bin\x64\;C:\Program Files (x86)\MATLAB\MATLAB Runtime\v90\runtime\win32
USERNAME=Acustic
OS=Windows_NT
PROCESSOR_IDENTIFIER=Intel64 Family 6 Model 58 Stepping 9, GenuineIntel



---------------  S Y S T E M  ---------------

OS: Windows 7 , 64 bit Build 7601 Service Pack 1

CPU:total 8 (4 cores per cpu, 2 threads per core) family 6 model 58 stepping 9, cmov, cx8, fxsr, mmx, sse, sse2, sse3, ssse3, sse4.1, sse4.2, popcnt, avx, aes, erms, ht, tsc, tscinvbit, tscinv

Memory: 4k page, physical 4144268k(1052632k free), swap 8286636k(1975396k free)

vm_info: Java HotSpot(TM) Client VM (24.60-b09) for windows-x86 JRE (1.7.0_60-b19), built on May  7 2014 13:09:52 by "java_re" with unknown MS VC++:1600

time: Thu May 30 14:58:10 2019
elapsed time: 1 seconds

