#
# A fatal error has been detected by the Java Runtime Environment:
#
#  EXCEPTION_UNCAUGHT_CXX_EXCEPTION (0xe06d7363) at pc=0x751c24c2, pid=5572, tid=8656
#
# JRE version: Java(TM) SE Runtime Environment (7.0_60-b19) (build 1.7.0_60-b19)
# Java VM: Java HotSpot(TM) Client VM (24.60-b09 mixed mode, sharing windows-x86 )
# Problematic frame:
# C  [KERNELBASE.dll+0xc24c2]
#
# Failed to write core dump. Minidumps are not enabled by default on client versions of Windows
#
# If you would like to submit a bug report, please visit:
#   http://bugreport.sun.com/bugreport/crash.jsp
# The crash happened outside the Java Virtual Machine in native code.
# See problematic frame for where to report the bug.
#

---------------  T H R E A D  ---------------

Current thread (0x03c32000):  JavaThread "Thread-3" daemon [_thread_in_native, id=8656, stack(0x0b4b0000,0x0b500000)]

siginfo: ExceptionCode=0xe06d7363, ExceptionInformation=0x19930520 0x0b4fe934 0x0662bf78 

Registers:
EAX=0x0b4fe890, EBX=0x0b4feb2c, ECX=0x00000003, EDX=0x00000000
ESP=0x0b4fe890, EBP=0x0b4fe8ec, ESI=0x0c67dba0, EDI=0xffffffff
EIP=0x751c24c2, EFLAGS=0x00000216

Top of Stack: (sp=0x0b4fe890)
0x0b4fe890:   e06d7363 00000001 00000000 751c24c2
0x0b4fe8a0:   00000003 19930520 0b4fe934 0662bf78
0x0b4fe8b0:   00000000 00000000 00000007 0b4fe94c
0x0b4fe8c0:   545e605b 0b4fe934 0b4fe94c 0b4fe8dc
0x0b4fe8d0:   545e608f 10eec8b8 10eec8a0 0b4fe904
0x0b4fe8e0:   7e25aa5d 558e824e 0b4fe934 0b4fe924
0x0b4fe8f0:   545d81ab e06d7363 00000001 00000003
0x0b4fe900:   0b4fe918 e06d7363 00000001 00000000 

Instructions: (pc=0x751c24c2)
0x751c24a2:   89 44 24 10 c1 e0 02 50 51 8d 44 24 1c 50 e8 7b
0x751c24b2:   69 05 00 83 c4 0c 8d 04 24 50 ff 15 6c d3 27 75
0x751c24c2:   8b 4c 24 54 33 cc e8 18 2c 05 00 8b e5 5d c2 10
0x751c24d2:   00 83 64 24 10 00 eb de 6a 0f 58 eb c3 cc cc cc 


Register to memory mapping:

EAX=0x0b4fe890 is pointing into the stack for thread: 0x03c32000
EBX=0x0b4feb2c is pointing into the stack for thread: 0x03c32000
ECX=0x00000003 is an unknown value
EDX=0x00000000 is an unknown value
ESP=0x0b4fe890 is pointing into the stack for thread: 0x03c32000
EBP=0x0b4fe8ec is pointing into the stack for thread: 0x03c32000
ESI=0x0c67dba0 is an unknown value
EDI=0xffffffff is an unknown value


Stack: [0x0b4b0000,0x0b500000],  sp=0x0b4fe890,  free space=314k
Native frames: (J=compiled Java code, j=interpreted, Vv=VM code, C=native code)
C  [KERNELBASE.dll+0xc24c2]
C  [MSVCR110.dll+0x181ab]
C  [libut.dll+0xd47d]
C  [mclmcr.dll+0x10afd8]
C  [mclmcr.dll+0x10d135]
C  [mclmcr.dll+0xf014d]
C  [mclmcr.dll+0x15a5de]
C  [mclmcr.dll+0x15a112]
C  [nativemcl.dll+0xa4f86]
j  com.mathworks.toolbox.javabuilder.internal.MWMCR.mclInitializeComponentInstance(ZLjava/lang/String;Ljava/lang/String;Ljava/lang/String;Ljava/io/InputStream;ILjava/util/concurrent/Callable;Ljava/util/concurrent/Callable;)Lcom/mathworks/toolbox/javabuilder/internal/NativePtr;+0
j  com.mathworks.toolbox.javabuilder.internal.MWMCR.access$700(ZLjava/lang/String;Ljava/lang/String;Ljava/lang/String;Ljava/io/InputStream;ILjava/util/concurrent/Callable;Ljava/util/concurrent/Callable;)Lcom/mathworks/toolbox/javabuilder/internal/NativePtr;+12
j  com.mathworks.toolbox.javabuilder.internal.MWMCR$6.mclInitializeComponentInstance(ZLjava/lang/String;Ljava/lang/String;Ljava/lang/String;Ljava/io/InputStream;ILjava/util/concurrent/Callable;Ljava/util/concurrent/Callable;)Lcom/mathworks/toolbox/javabuilder/internal/NativePtr;+13
v  ~StubRoutines::call_stub
V  [jvm.dll+0x140e6a]
V  [jvm.dll+0x20529e]
V  [jvm.dll+0x140eed]
V  [jvm.dll+0x14d2ee]
V  [jvm.dll+0x14d515]
V  [jvm.dll+0xf1f99]
C  [java.dll+0x7d82]
j  sun.reflect.NativeMethodAccessorImpl.invoke(Ljava/lang/Object;[Ljava/lang/Object;)Ljava/lang/Object;+87
j  sun.reflect.DelegatingMethodAccessorImpl.invoke(Ljava/lang/Object;[Ljava/lang/Object;)Ljava/lang/Object;+6
j  java.lang.reflect.Method.invoke(Ljava/lang/Object;[Ljava/lang/Object;)Ljava/lang/Object;+57
j  com.mathworks.toolbox.javabuilder.internal.MWMCR$5.invoke(Ljava/lang/Object;Ljava/lang/reflect/Method;[Ljava/lang/Object;)Ljava/lang/Object;+8
j  com.sun.proxy.$Proxy0.mclInitializeComponentInstance(ZLjava/lang/String;Ljava/lang/String;Ljava/lang/String;Ljava/io/InputStream;ILjava/util/concurrent/Callable;Ljava/util/concurrent/Callable;)Lcom/mathworks/toolbox/javabuilder/internal/NativePtr;+58
v  ~StubRoutines::call_stub
V  [jvm.dll+0x140e6a]
V  [jvm.dll+0x20529e]
V  [jvm.dll+0x140eed]
V  [jvm.dll+0x14d2ee]
V  [jvm.dll+0x14d515]
V  [jvm.dll+0xf1f99]
C  [java.dll+0x7d82]
j  sun.reflect.NativeMethodAccessorImpl.invoke(Ljava/lang/Object;[Ljava/lang/Object;)Ljava/lang/Object;+87
j  sun.reflect.DelegatingMethodAccessorImpl.invoke(Ljava/lang/Object;[Ljava/lang/Object;)Ljava/lang/Object;+6
j  java.lang.reflect.Method.invoke(Ljava/lang/Object;[Ljava/lang/Object;)Ljava/lang/Object;+57
j  com.mathworks.toolbox.javabuilder.internal.MWMCR$4$1.call()Ljava/lang/Object;+11
j  com.mathworks.toolbox.javabuilder.internal.MCRThreadUtilities$CallableWrapper.call()Ljava/lang/Object;+4
j  java.util.concurrent.FutureTask.run()V+42
j  java.util.concurrent.ScheduledThreadPoolExecutor$ScheduledFutureTask.access$201(Ljava/util/concurrent/ScheduledThreadPoolExecutor$ScheduledFutureTask;)V+1
j  java.util.concurrent.ScheduledThreadPoolExecutor$ScheduledFutureTask.run()V+30
j  java.util.concurrent.ThreadPoolExecutor.runWorker(Ljava/util/concurrent/ThreadPoolExecutor$Worker;)V+95
j  java.util.concurrent.ThreadPoolExecutor$Worker.run()V+5
j  java.lang.Thread.run()V+11
v  ~StubRoutines::call_stub
V  [jvm.dll+0x140e6a]
V  [jvm.dll+0x20529e]
V  [jvm.dll+0x141035]
V  [jvm.dll+0x141097]
V  [jvm.dll+0xec49f]
V  [jvm.dll+0x1622dc]
V  [jvm.dll+0x162d37]
V  [jvm.dll+0x1a71e9]
C  [msvcr100.dll+0x5c556]
C  [msvcr100.dll+0x5c600]
C  [KERNEL32.DLL+0x18e94]
C  [ntdll.dll+0x69bc3]
C  [ntdll.dll+0x69b92]

Java frames: (J=compiled Java code, j=interpreted, Vv=VM code)
j  com.mathworks.toolbox.javabuilder.internal.MWMCR.mclInitializeComponentInstance(ZLjava/lang/String;Ljava/lang/String;Ljava/lang/String;Ljava/io/InputStream;ILjava/util/concurrent/Callable;Ljava/util/concurrent/Callable;)Lcom/mathworks/toolbox/javabuilder/internal/NativePtr;+0
j  com.mathworks.toolbox.javabuilder.internal.MWMCR.access$700(ZLjava/lang/String;Ljava/lang/String;Ljava/lang/String;Ljava/io/InputStream;ILjava/util/concurrent/Callable;Ljava/util/concurrent/Callable;)Lcom/mathworks/toolbox/javabuilder/internal/NativePtr;+12
j  com.mathworks.toolbox.javabuilder.internal.MWMCR$6.mclInitializeComponentInstance(ZLjava/lang/String;Ljava/lang/String;Ljava/lang/String;Ljava/io/InputStream;ILjava/util/concurrent/Callable;Ljava/util/concurrent/Callable;)Lcom/mathworks/toolbox/javabuilder/internal/NativePtr;+13
v  ~StubRoutines::call_stub
j  sun.reflect.NativeMethodAccessorImpl.invoke0(Ljava/lang/reflect/Method;Ljava/lang/Object;[Ljava/lang/Object;)Ljava/lang/Object;+0
j  sun.reflect.NativeMethodAccessorImpl.invoke(Ljava/lang/Object;[Ljava/lang/Object;)Ljava/lang/Object;+87
j  sun.reflect.DelegatingMethodAccessorImpl.invoke(Ljava/lang/Object;[Ljava/lang/Object;)Ljava/lang/Object;+6
j  java.lang.reflect.Method.invoke(Ljava/lang/Object;[Ljava/lang/Object;)Ljava/lang/Object;+57
j  com.mathworks.toolbox.javabuilder.internal.MWMCR$5.invoke(Ljava/lang/Object;Ljava/lang/reflect/Method;[Ljava/lang/Object;)Ljava/lang/Object;+8
j  com.sun.proxy.$Proxy0.mclInitializeComponentInstance(ZLjava/lang/String;Ljava/lang/String;Ljava/lang/String;Ljava/io/InputStream;ILjava/util/concurrent/Callable;Ljava/util/concurrent/Callable;)Lcom/mathworks/toolbox/javabuilder/internal/NativePtr;+58
v  ~StubRoutines::call_stub
j  sun.reflect.NativeMethodAccessorImpl.invoke0(Ljava/lang/reflect/Method;Ljava/lang/Object;[Ljava/lang/Object;)Ljava/lang/Object;+0
j  sun.reflect.NativeMethodAccessorImpl.invoke(Ljava/lang/Object;[Ljava/lang/Object;)Ljava/lang/Object;+87
j  sun.reflect.DelegatingMethodAccessorImpl.invoke(Ljava/lang/Object;[Ljava/lang/Object;)Ljava/lang/Object;+6
j  java.lang.reflect.Method.invoke(Ljava/lang/Object;[Ljava/lang/Object;)Ljava/lang/Object;+57
j  com.mathworks.toolbox.javabuilder.internal.MWMCR$4$1.call()Ljava/lang/Object;+11
j  com.mathworks.toolbox.javabuilder.internal.MCRThreadUtilities$CallableWrapper.call()Ljava/lang/Object;+4
j  java.util.concurrent.FutureTask.run()V+42
j  java.util.concurrent.ScheduledThreadPoolExecutor$ScheduledFutureTask.access$201(Ljava/util/concurrent/ScheduledThreadPoolExecutor$ScheduledFutureTask;)V+1
j  java.util.concurrent.ScheduledThreadPoolExecutor$ScheduledFutureTask.run()V+30
j  java.util.concurrent.ThreadPoolExecutor.runWorker(Ljava/util/concurrent/ThreadPoolExecutor$Worker;)V+95
j  java.util.concurrent.ThreadPoolExecutor$Worker.run()V+5
j  java.lang.Thread.run()V+11
v  ~StubRoutines::call_stub

---------------  P R O C E S S  ---------------

Java Threads: ( => current thread )
  0x0e1d9c00 JavaThread "Connector Runnable" daemon [_thread_blocked, id=8924, stack(0x0e860000,0x0e8b0000)]
  0x03c34400 JavaThread "EventMgr Dispatcher" daemon [_thread_in_native, id=8156, stack(0x0e720000,0x0e770000)]
  0x03c32400 JavaThread "MATLAB Compiler Runtime" daemon [_thread_in_native, id=7832, stack(0x0ba80000,0x0c280000)]
  0x03c33800 JavaThread "Thread-4" [_thread_blocked, id=3968, stack(0x0b500000,0x0b550000)]
=>0x03c32000 JavaThread "Thread-3" daemon [_thread_in_native, id=8656, stack(0x0b4b0000,0x0b500000)]
  0x03c34c00 JavaThread "Thread-1" [_thread_in_native, id=8716, stack(0x049b0000,0x04a00000)]
  0x03c33000 JavaThread "DestroyJavaVM" [_thread_blocked, id=7580, stack(0x00960000,0x009b0000)]
  0x03c32c00 JavaThread "AWT-EventQueue-0" [_thread_blocked, id=10000, stack(0x04960000,0x049b0000)]
  0x03c31000 JavaThread "AWT-Shutdown" [_thread_blocked, id=8020, stack(0x04020000,0x04070000)]
  0x03c31800 JavaThread "AWT-Windows" daemon [_thread_in_native, id=7164, stack(0x03fd0000,0x04020000)]
  0x03c33c00 JavaThread "Java2D Disposer" daemon [_thread_blocked, id=9684, stack(0x03f30000,0x03f80000)]
  0x00a75800 JavaThread "Service Thread" daemon [_thread_blocked, id=5164, stack(0x03b40000,0x03b90000)]
  0x00a72c00 JavaThread "C1 CompilerThread0" daemon [_thread_blocked, id=9460, stack(0x03af0000,0x03b40000)]
  0x00a70c00 JavaThread "Attach Listener" daemon [_thread_blocked, id=7316, stack(0x03aa0000,0x03af0000)]
  0x00a65c00 JavaThread "Signal Dispatcher" daemon [_thread_blocked, id=4456, stack(0x01a10000,0x01a60000)]
  0x00a00c00 JavaThread "Finalizer" daemon [_thread_blocked, id=6584, stack(0x019c0000,0x01a10000)]
  0x009ff400 JavaThread "Reference Handler" daemon [_thread_blocked, id=2032, stack(0x01970000,0x019c0000)]

Other Threads:
  0x009fdc00 VMThread [stack: 0x01920000,0x01970000] [id=4972]
  0x00a8e000 WatcherThread [stack: 0x03b90000,0x03be0000] [id=8692]

VM state:not at safepoint (normal execution)

VM Mutex/Monitor currently owned by a thread: None

Heap
 def new generation   total 4928K, used 3784K [0x24600000, 0x24b50000, 0x29b50000)
  eden space 4416K,  80% used [0x24600000, 0x249747f8, 0x24a50000)
  from space 512K,  48% used [0x24ad0000, 0x24b0db90, 0x24b50000)
  to   space 512K,   0% used [0x24a50000, 0x24a50000, 0x24ad0000)
 tenured generation   total 10944K, used 2807K [0x29b50000, 0x2a600000, 0x34600000)
   the space 10944K,  25% used [0x29b50000, 0x29e0dee0, 0x29e0e000, 0x2a600000)
 compacting perm gen  total 12288K, used 2141K [0x34600000, 0x35200000, 0x38600000)
   the space 12288K,  17% used [0x34600000, 0x34817418, 0x34817600, 0x35200000)
    ro space 10240K,  44% used [0x38600000, 0x38a7a7a8, 0x38a7a800, 0x39000000)
    rw space 12288K,  52% used [0x39000000, 0x39651db0, 0x39651e00, 0x39c00000)

Card table byte_map: [0x00bb0000,0x00c60000] byte_map_base: 0x00a8d000

Polling page: 0x009b0000

Code Cache  [0x01aa0000, 0x01bb0000, 0x03aa0000)
 total_blobs=532 nmethods=324 adapters=145 free_code_cache=31682Kb largest_free_block=32443008

Compilation events (10 events):
Event: 281.336 Thread 0x00a72c00  318   !         sun.reflect.GeneratedMethodAccessor1::invoke (45 bytes)
Event: 281.336 Thread 0x00a72c00 nmethod 318 0x01bad848 code [0x01bad970, 0x01badb24]
Event: 308.880 Thread 0x00a72c00  319             java.lang.ClassLoader::checkName (43 bytes)
Event: 308.880 Thread 0x00a72c00 nmethod 319 0x01badc88 code [0x01baddb0, 0x01badf68]
Event: 316.942 Thread 0x00a72c00  320             sun.awt.AWTAutoShutdown::isReadyToShutdown (35 bytes)
Event: 316.942 Thread 0x00a72c00 nmethod 320 0x01bae148 code [0x01bae250, 0x01bae33c]
Event: 317.346 Thread 0x00a72c00  321   !         sun.awt.AWTAutoShutdown::notifyThreadBusy (86 bytes)
Event: 317.347 Thread 0x00a72c00 nmethod 321 0x01bae408 code [0x01bae550, 0x01bae9f0]
Event: 317.798 Thread 0x00a72c00  322             java.lang.Float::isNaN (12 bytes)
Event: 317.799 Thread 0x00a72c00 nmethod 322 0x01baee48 code [0x01baef40, 0x01baefe0]

GC Heap History (10 events):
Event: 207.521 GC heap before
{Heap before GC invocations=4 (full 0):
 def new generation   total 4928K, used 4920K [0x24600000, 0x24b50000, 0x29b50000)
  eden space 4416K,  99% used [0x24600000, 0x24a4e1e8, 0x24a50000)
  from space 512K,  99% used [0x24a50000, 0x24acfff8, 0x24ad0000)
  to   space 512K,   0% used [0x24ad0000, 0x24ad0000, 0x24b50000)
 tenured generation   total 10944K, used 2172K [0x29b50000, 0x2a600000, 0x34600000)
   the space 10944K,  19% used [0x29b50000, 0x29d6f0a8, 0x29d6f200, 0x2a600000)
 compacting perm gen  total 12288K, used 1669K [0x34600000, 0x35200000, 0x38600000)
   the space 12288K,  13% used [0x34600000, 0x347a14f8, 0x347a1600, 0x35200000)
    ro space 10240K,  44% used [0x38600000, 0x38a7a7a8, 0x38a7a800, 0x39000000)
    rw space 12288K,  52% used [0x39000000, 0x39651db0, 0x39651e00, 0x39c00000)
Event: 207.523 GC heap after
Heap after GC invocations=5 (full 0):
 def new generation   total 4928K, used 152K [0x24600000, 0x24b50000, 0x29b50000)
  eden space 4416K,   0% used [0x24600000, 0x24600000, 0x24a50000)
  from space 512K,  29% used [0x24ad0000, 0x24af6330, 0x24b50000)
  to   space 512K,   0% used [0x24a50000, 0x24a50000, 0x24ad0000)
 tenured generation   total 10944K, used 2547K [0x29b50000, 0x2a600000, 0x34600000)
   the space 10944K,  23% used [0x29b50000, 0x29dccfa0, 0x29dcd000, 0x2a600000)
 compacting perm gen  total 12288K, used 1669K [0x34600000, 0x35200000, 0x38600000)
   the space 12288K,  13% used [0x34600000, 0x347a14f8, 0x347a1600, 0x35200000)
    ro space 10240K,  44% used [0x38600000, 0x38a7a7a8, 0x38a7a800, 0x39000000)
    rw space 12288K,  52% used [0x39000000, 0x39651db0, 0x39651e00, 0x39c00000)
}
Event: 226.591 GC heap before
{Heap before GC invocations=5 (full 0):
 def new generation   total 4928K, used 4568K [0x24600000, 0x24b50000, 0x29b50000)
  eden space 4416K, 100% used [0x24600000, 0x24a50000, 0x24a50000)
  from space 512K,  29% used [0x24ad0000, 0x24af6330, 0x24b50000)
  to   space 512K,   0% used [0x24a50000, 0x24a50000, 0x24ad0000)
 tenured generation   total 10944K, used 2547K [0x29b50000, 0x2a600000, 0x34600000)
   the space 10944K,  23% used [0x29b50000, 0x29dccfa0, 0x29dcd000, 0x2a600000)
 compacting perm gen  total 12288K, used 1751K [0x34600000, 0x35200000, 0x38600000)
   the space 12288K,  14% used [0x34600000, 0x347b5c48, 0x347b5e00, 0x35200000)
    ro space 10240K,  44% used [0x38600000, 0x38a7a7a8, 0x38a7a800, 0x39000000)
    rw space 12288K,  52% used [0x39000000, 0x39651db0, 0x39651e00, 0x39c00000)
Event: 226.592 GC heap after
Heap after GC invocations=6 (full 0):
 def new generation   total 4928K, used 451K [0x24600000, 0x24b50000, 0x29b50000)
  eden space 4416K,   0% used [0x24600000, 0x24600000, 0x24a50000)
  from space 512K,  88% used [0x24a50000, 0x24ac0e30, 0x24ad0000)
  to   space 512K,   0% used [0x24ad0000, 0x24ad0000, 0x24b50000)
 tenured generation   total 10944K, used 2547K [0x29b50000, 0x2a600000, 0x34600000)
   the space 10944K,  23% used [0x29b50000, 0x29dccfa0, 0x29dcd000, 0x2a600000)
 compacting perm gen  total 12288K, used 1751K [0x34600000, 0x35200000, 0x38600000)
   the space 12288K,  14% used [0x34600000, 0x347b5c48, 0x347b5e00, 0x35200000)
    ro space 10240K,  44% used [0x38600000, 0x38a7a7a8, 0x38a7a800, 0x39000000)
    rw space 12288K,  52% used [0x39000000, 0x39651db0, 0x39651e00, 0x39c00000)
}
Event: 228.920 GC heap before
{Heap before GC invocations=6 (full 0):
 def new generation   total 4928K, used 4867K [0x24600000, 0x24b50000, 0x29b50000)
  eden space 4416K, 100% used [0x24600000, 0x24a50000, 0x24a50000)
  from space 512K,  88% used [0x24a50000, 0x24ac0e30, 0x24ad0000)
  to   space 512K,   0% used [0x24ad0000, 0x24ad0000, 0x24b50000)
 tenured generation   total 10944K, used 2547K [0x29b50000, 0x2a600000, 0x34600000)
   the space 10944K,  23% used [0x29b50000, 0x29dccfa0, 0x29dcd000, 0x2a600000)
 compacting perm gen  total 12288K, used 1891K [0x34600000, 0x35200000, 0x38600000)
   the space 12288K,  15% used [0x34600000, 0x347d8dd0, 0x347d8e00, 0x35200000)
    ro space 10240K,  44% used [0x38600000, 0x38a7a7a8, 0x38a7a800, 0x39000000)
    rw space 12288K,  52% used [0x39000000, 0x39651db0, 0x39651e00, 0x39c00000)
Event: 228.921 GC heap after
Heap after GC invocations=7 (full 0):
 def new generation   total 4928K, used 166K [0x24600000, 0x24b50000, 0x29b50000)
  eden space 4416K,   0% used [0x24600000, 0x24600000, 0x24a50000)
  from space 512K,  32% used [0x24ad0000, 0x24af9ac8, 0x24b50000)
  to   space 512K,   0% used [0x24a50000, 0x24a50000, 0x24ad0000)
 tenured generation   total 10944K, used 2807K [0x29b50000, 0x2a600000, 0x34600000)
   the space 10944K,  25% used [0x29b50000, 0x29e0dee0, 0x29e0e000, 0x2a600000)
 compacting perm gen  total 12288K, used 1891K [0x34600000, 0x35200000, 0x38600000)
   the space 12288K,  15% used [0x34600000, 0x347d8dd0, 0x347d8e00, 0x35200000)
    ro space 10240K,  44% used [0x38600000, 0x38a7a7a8, 0x38a7a800, 0x39000000)
    rw space 12288K,  52% used [0x39000000, 0x39651db0, 0x39651e00, 0x39c00000)
}
Event: 230.594 GC heap before
{Heap before GC invocations=7 (full 0):
 def new generation   total 4928K, used 4582K [0x24600000, 0x24b50000, 0x29b50000)
  eden space 4416K, 100% used [0x24600000, 0x24a50000, 0x24a50000)
  from space 512K,  32% used [0x24ad0000, 0x24af9ac8, 0x24b50000)
  to   space 512K,   0% used [0x24a50000, 0x24a50000, 0x24ad0000)
 tenured generation   total 10944K, used 2807K [0x29b50000, 0x2a600000, 0x34600000)
   the space 10944K,  25% used [0x29b50000, 0x29e0dee0, 0x29e0e000, 0x2a600000)
 compacting perm gen  total 12288K, used 2011K [0x34600000, 0x35200000, 0x38600000)
   the space 12288K,  16% used [0x34600000, 0x347f6db8, 0x347f6e00, 0x35200000)
    ro space 10240K,  44% used [0x38600000, 0x38a7a7a8, 0x38a7a800, 0x39000000)
    rw space 12288K,  52% used [0x39000000, 0x39651db0, 0x39651e00, 0x39c00000)
Event: 230.595 GC heap after
Heap after GC invocations=8 (full 0):
 def new generation   total 4928K, used 253K [0x24600000, 0x24b50000, 0x29b50000)
  eden space 4416K,   0% used [0x24600000, 0x24600000, 0x24a50000)
  from space 512K,  49% used [0x24a50000, 0x24a8f458, 0x24ad0000)
  to   space 512K,   0% used [0x24ad0000, 0x24ad0000, 0x24b50000)
 tenured generation   total 10944K, used 2807K [0x29b50000, 0x2a600000, 0x34600000)
   the space 10944K,  25% used [0x29b50000, 0x29e0dee0, 0x29e0e000, 0x2a600000)
 compacting perm gen  total 12288K, used 2011K [0x34600000, 0x35200000, 0x38600000)
   the space 12288K,  16% used [0x34600000, 0x347f6db8, 0x347f6e00, 0x35200000)
    ro space 10240K,  44% used [0x38600000, 0x38a7a7a8, 0x38a7a800, 0x39000000)
    rw space 12288K,  52% used [0x39000000, 0x39651db0, 0x39651e00, 0x39c00000)
}
Event: 309.223 GC heap before
{Heap before GC invocations=8 (full 0):
 def new generation   total 4928K, used 4669K [0x24600000, 0x24b50000, 0x29b50000)
  eden space 4416K, 100% used [0x24600000, 0x24a50000, 0x24a50000)
  from space 512K,  49% used [0x24a50000, 0x24a8f458, 0x24ad0000)
  to   space 512K,   0% used [0x24ad0000, 0x24ad0000, 0x24b50000)
 tenured generation   total 10944K, used 2807K [0x29b50000, 0x2a600000, 0x34600000)
   the space 10944K,  25% used [0x29b50000, 0x29e0dee0, 0x29e0e000, 0x2a600000)
 compacting perm gen  total 12288K, used 2087K [0x34600000, 0x35200000, 0x38600000)
   the space 12288K,  16% used [0x34600000, 0x34809df8, 0x34809e00, 0x35200000)
    ro space 10240K,  44% used [0x38600000, 0x38a7a7a8, 0x38a7a800, 0x39000000)
    rw space 12288K,  52% used [0x39000000, 0x39651db0, 0x39651e00, 0x39c00000)
Event: 309.224 GC heap after
Heap after GC invocations=9 (full 0):
 def new generation   total 4928K, used 246K [0x24600000, 0x24b50000, 0x29b50000)
  eden space 4416K,   0% used [0x24600000, 0x24600000, 0x24a50000)
  from space 512K,  48% used [0x24ad0000, 0x24b0db90, 0x24b50000)
  to   space 512K,   0% used [0x24a50000, 0x24a50000, 0x24ad0000)
 tenured generation   total 10944K, used 2807K [0x29b50000, 0x2a600000, 0x34600000)
   the space 10944K,  25% used [0x29b50000, 0x29e0dee0, 0x29e0e000, 0x2a600000)
 compacting perm gen  total 12288K, used 2087K [0x34600000, 0x35200000, 0x38600000)
   the space 12288K,  16% used [0x34600000, 0x34809df8, 0x34809e00, 0x35200000)
    ro space 10240K,  44% used [0x38600000, 0x38a7a7a8, 0x38a7a800, 0x39000000)
    rw space 12288K,  52% used [0x39000000, 0x39651db0, 0x39651e00, 0x39c00000)
}

Deoptimization events (0 events):
No events

Internal exceptions (10 events):
Event: 340.806 Thread 0x03c32400 Threw 0x24935a18 at C:\re\jdk7u60\1081\hotspot\src\share\vm\prims\jvm.cpp:1244
Event: 340.806 Thread 0x03c32400 Threw 0x24935d60 at C:\re\jdk7u60\1081\hotspot\src\share\vm\prims\jvm.cpp:1244
Event: 340.806 Thread 0x03c32400 Threw 0x249370a8 at C:\re\jdk7u60\1081\hotspot\src\share\vm\prims\jvm.cpp:1244
Event: 340.807 Thread 0x03c32400 Threw 0x249470d8 at C:\re\jdk7u60\1081\hotspot\src\share\vm\prims\jvm.cpp:1244
Event: 341.430 Thread 0x03c32400 Threw 0x24947928 at C:\re\jdk7u60\1081\hotspot\src\share\vm\prims\jvm.cpp:1244
Event: 341.430 Thread 0x03c32400 Threw 0x24948b78 at C:\re\jdk7u60\1081\hotspot\src\share\vm\prims\jvm.cpp:1244
Event: 341.430 Thread 0x03c32400 Threw 0x24956c20 at C:\re\jdk7u60\1081\hotspot\src\share\vm\prims\jvm.cpp:1244
Event: 341.431 Thread 0x03c32400 Threw 0x24956f50 at C:\re\jdk7u60\1081\hotspot\src\share\vm\prims\jvm.cpp:1244
Event: 341.431 Thread 0x03c32400 Threw 0x249581a0 at C:\re\jdk7u60\1081\hotspot\src\share\vm\prims\jvm.cpp:1244
Event: 341.431 Thread 0x03c32400 Threw 0x24966240 at C:\re\jdk7u60\1081\hotspot\src\share\vm\prims\jvm.cpp:1244

Events (10 events):
Event: 340.556 loading class 0x0e2f1aa8
Event: 340.556 loading class 0x0e2f1aa8 done
Event: 340.805 loading class 0x39c17f60
Event: 340.805 loading class 0x39c17f60 done
Event: 340.806 loading class 0x39c17f60
Event: 340.806 loading class 0x39c17f60 done
Event: 341.430 loading class 0x39c0f7b0
Event: 341.430 loading class 0x39c0f7b0 done
Event: 341.430 loading class 0x39c0f7b0
Event: 341.430 loading class 0x39c0f7b0 done


Dynamic libraries:
0x00c90000 - 0x00cbf000 	C:\Program Files\Java\jdk1.7.0_60\jre\bin\java.exe
0x77c40000 - 0x77dc6000 	C:\WINDOWS\SYSTEM32\ntdll.dll
0x75930000 - 0x759c6000 	C:\WINDOWS\System32\KERNEL32.DLL
0x75100000 - 0x752a7000 	C:\WINDOWS\System32\KERNELBASE.dll
0x73040000 - 0x730d2000 	C:\WINDOWS\system32\apphelp.dll
0x758b0000 - 0x75927000 	C:\WINDOWS\System32\ADVAPI32.dll
0x75fe0000 - 0x7609e000 	C:\WINDOWS\System32\msvcrt.dll
0x766e0000 - 0x76721000 	C:\WINDOWS\System32\sechost.dll
0x77b70000 - 0x77c33000 	C:\WINDOWS\System32\RPCRT4.dll
0x76590000 - 0x766d9000 	C:\WINDOWS\System32\USER32.dll
0x75300000 - 0x75319000 	C:\WINDOWS\System32\win32u.dll
0x757d0000 - 0x757fb000 	C:\WINDOWS\System32\GDI32.dll
0x748b0000 - 0x74a0a000 	C:\WINDOWS\System32\gdi32full.dll
0x6dbb0000 - 0x6ddba000 	C:\WINDOWS\WinSxS\x86_microsoft.windows.common-controls_6595b64144ccf1df_6.0.14393.447_none_89c64d28dafea4b9\COMCTL32.dll
0x76200000 - 0x76411000 	C:\WINDOWS\System32\combase.dll
0x747d0000 - 0x748b0000 	C:\WINDOWS\System32\ucrtbase.dll
0x75440000 - 0x7549a000 	C:\WINDOWS\System32\bcryptPrimitives.dll
0x75a90000 - 0x75ab6000 	C:\WINDOWS\System32\IMM32.DLL
0x59850000 - 0x5990f000 	C:\Program Files\Java\jdk1.7.0_60\jre\bin\msvcr100.dll
0x59910000 - 0x59c98000 	C:\Program Files\Java\jdk1.7.0_60\jre\bin\client\jvm.dll
0x760a0000 - 0x760a6000 	C:\WINDOWS\System32\PSAPI.DLL
0x6bbf0000 - 0x6bbf8000 	C:\WINDOWS\SYSTEM32\WSOCK32.dll
0x73150000 - 0x73174000 	C:\WINDOWS\SYSTEM32\WINMM.dll
0x75620000 - 0x75683000 	C:\WINDOWS\System32\WS2_32.dll
0x73120000 - 0x73143000 	C:\WINDOWS\SYSTEM32\WINMMBASE.dll
0x754a0000 - 0x754d6000 	C:\WINDOWS\System32\cfgmgr32.dll
0x6a320000 - 0x6a32c000 	C:\Program Files\Java\jdk1.7.0_60\jre\bin\verify.dll
0x6a230000 - 0x6a250000 	C:\Program Files\Java\jdk1.7.0_60\jre\bin\java.dll
0x5c880000 - 0x5c893000 	C:\Program Files\Java\jdk1.7.0_60\jre\bin\zip.dll
0x56540000 - 0x56683000 	C:\Program Files\Java\jdk1.7.0_60\jre\bin\awt.dll
0x759d0000 - 0x75a64000 	C:\WINDOWS\System32\OLEAUT32.dll
0x75320000 - 0x7539b000 	C:\WINDOWS\System32\msvcp_win.dll
0x732d0000 - 0x7334a000 	C:\WINDOWS\system32\uxtheme.dll
0x75690000 - 0x757c5000 	C:\WINDOWS\System32\MSCTF.dll
0x72fe0000 - 0x72fff000 	C:\WINDOWS\system32\dwmapi.dll
0x760b0000 - 0x7619a000 	C:\WINDOWS\System32\ole32.dll
0x74750000 - 0x7475d000 	C:\WINDOWS\System32\kernel.appcore.dll
0x76790000 - 0x77b69000 	C:\WINDOWS\System32\SHELL32.dll
0x74a10000 - 0x74f7e000 	C:\WINDOWS\System32\windows.storage.dll
0x74760000 - 0x747a5000 	C:\WINDOWS\System32\powrprof.dll
0x754e0000 - 0x75526000 	C:\WINDOWS\System32\shlwapi.dll
0x75800000 - 0x75888000 	C:\WINDOWS\System32\shcore.dll
0x747c0000 - 0x747cf000 	C:\WINDOWS\System32\profapi.dll
0x56710000 - 0x56749000 	C:\Program Files\Java\jdk1.7.0_60\jre\bin\fontmanager.dll
0x10000000 - 0x10012000 	C:\Program Files\Java\jdk1.7.0_60\jre\bin\rxtxSerial.dll
0x03f80000 - 0x03fa7000 	C:\WINDOWS\SYSTEM32\crtdll.dll
0x04070000 - 0x0409b000 	C:\Program Files\MATLAB\R2015b\bin\win32\BuilderJABootstrap.dll
0x01a70000 - 0x01a7c000 	C:\Program Files\MATLAB\R2015b\bin\win32\nativedl.dll
0x545c0000 - 0x54692000 	C:\WINDOWS\SYSTEM32\MSVCR110.dll
0x5c990000 - 0x5ca15000 	C:\WINDOWS\SYSTEM32\MSVCP110.dll
0x7e240000 - 0x7e401000 	C:\Program Files\MATLAB\R2015b\bin\win32\libmwfl.dll
0x75a70000 - 0x75a89000 	C:\WINDOWS\System32\imagehlp.dll
0x7fbc0000 - 0x7fc89000 	C:\Program Files\MATLAB\R2015b\bin\win32\libmwi18n.dll
0x6a330000 - 0x6a33c000 	C:\Program Files\MATLAB\R2015b\bin\win32\boost_date_time-vc110-mt-1_49.dll
0x60040000 - 0x60065000 	C:\Program Files\MATLAB\R2015b\bin\win32\boost_filesystem-vc110-mt-1_49.dll
0x5a230000 - 0x5a2a2000 	C:\Program Files\MATLAB\R2015b\bin\win32\boost_log-vc110-mt-1_49.dll
0x58ff0000 - 0x590a6000 	C:\Program Files\MATLAB\R2015b\bin\win32\boost_regex-vc110-mt-1_49.dll
0x5ee10000 - 0x5ee4d000 	C:\Program Files\MATLAB\R2015b\bin\win32\boost_serialization-vc110-mt-1_49.dll
0x5ee00000 - 0x5ee0f000 	C:\Program Files\MATLAB\R2015b\bin\win32\boost_signals-vc110-mt-1_49.dll
0x67f40000 - 0x67f47000 	C:\Program Files\MATLAB\R2015b\bin\win32\boost_system-vc110-mt-1_49.dll
0x5d410000 - 0x5d41e000 	C:\Program Files\MATLAB\R2015b\bin\win32\boost_thread-vc110-mt-1_49.dll
0x56760000 - 0x56791000 	C:\Program Files\MATLAB\R2015b\bin\win32\tbb.dll
0x01a80000 - 0x01a87000 	C:\Program Files\MATLAB\R2015b\bin\win32\libmwresource_core.dll
0x5d3f0000 - 0x5d40f000 	C:\Program Files\MATLAB\R2015b\bin\win32\LIBEXPAT.dll
0x7f9f0000 - 0x7fb89000 	C:\Program Files\MATLAB\R2015b\bin\win32\icuin54.dll
0x04a50000 - 0x04b6f000 	C:\Program Files\MATLAB\R2015b\bin\win32\icuuc54.dll
0x7f8d0000 - 0x7f8de000 	C:\Program Files\MATLAB\R2015b\bin\win32\icuio54.dll
0x04b90000 - 0x063bc000 	C:\Program Files\MATLAB\R2015b\bin\win32\icudt54.dll
0x063c0000 - 0x065bd000 	C:\Program Files\MATLAB\R2015b\bin\win32\nativemcl.dll
0x065c0000 - 0x06662000 	C:\Program Files\MATLAB\R2015b\bin\win32\libut.dll
0x06670000 - 0x06b04000 	C:\Program Files\MATLAB\R2015b\bin\win32\libmwservices.dll
0x7d640000 - 0x7da52000 	C:\Program Files\MATLAB\R2015b\bin\win32\mlutil.dll
0x7dd60000 - 0x7deb6000 	C:\Program Files\MATLAB\R2015b\bin\win32\libmx.dll
0x06b10000 - 0x06dcb000 	C:\Program Files\MATLAB\R2015b\bin\win32\mclmcr.dll
0x06dd0000 - 0x06e21000 	C:\Program Files\MATLAB\R2015b\bin\win32\mclbase.dll
0x75530000 - 0x75615000 	C:\WINDOWS\System32\comdlg32.dll
0x7cf70000 - 0x7d030000 	C:\Program Files\MATLAB\R2015b\bin\win32\mcr.dll
0x7b5b0000 - 0x7b701000 	C:\Program Files\MATLAB\R2015b\bin\win32\jmi.dll
0x06e30000 - 0x06e44000 	C:\Program Files\MATLAB\R2015b\bin\win32\jproxy.dll
0x06e50000 - 0x06e87000 	C:\Program Files\MATLAB\R2015b\bin\win32\dservices.dll
0x06e90000 - 0x07212000 	C:\Program Files\MATLAB\R2015b\bin\win32\libmwms.dll
0x577f0000 - 0x57816000 	C:\Program Files\MATLAB\R2015b\bin\win32\tbbmalloc.dll
0x5d180000 - 0x5d194000 	C:\Program Files\MATLAB\R2015b\bin\win32\zlib1.dll
0x07220000 - 0x07233000 	C:\Program Files\MATLAB\R2015b\bin\win32\display_device.dll
0x75bd0000 - 0x75fdb000 	C:\WINDOWS\System32\SETUPAPI.dll
0x07240000 - 0x0727f000 	C:\Program Files\MATLAB\R2015b\bin\win32\libmwregexp.dll
0x7dce0000 - 0x7dd23000 	C:\Program Files\MATLAB\R2015b\bin\win32\mpath.dll
0x07280000 - 0x074e2000 	C:\Program Files\MATLAB\R2015b\bin\win32\settingscore.dll
0x7d180000 - 0x7d185000 	C:\Program Files\MATLAB\R2015b\bin\win32\libmwnativedisplay.dll
0x7d130000 - 0x7d178000 	C:\Program Files\MATLAB\R2015b\bin\win32\opccore.dll
0x074f0000 - 0x075e9000 	C:\Program Files\MATLAB\R2015b\bin\win32\opcmodel.dll
0x7d060000 - 0x7d084000 	C:\Program Files\MATLAB\R2015b\bin\win32\opczippackage.dll
0x075f0000 - 0x07752000 	C:\Program Files\MATLAB\R2015b\bin\win32\opcmwservices.dll
0x07760000 - 0x07778000 	C:\Program Files\MATLAB\R2015b\bin\win32\webproxy.dll
0x5ca80000 - 0x5ca8d000 	C:\Program Files\MATLAB\R2015b\bin\win32\boost_iostreams-vc110-mt-1_49.dll
0x6fb10000 - 0x6fb23000 	C:\WINDOWS\SYSTEM32\netapi32.dll
0x54440000 - 0x545b2000 	C:\Program Files\MATLAB\R2015b\bin\win32\pocofoundation.dll
0x53a10000 - 0x53ae3000 	C:\Program Files\MATLAB\R2015b\bin\win32\poconet.dll
0x566d0000 - 0x56708000 	C:\Program Files\MATLAB\R2015b\bin\win32\poconetssl.dll
0x12000000 - 0x121dd000 	C:\Program Files\MATLAB\R2015b\bin\win32\xerces-c_3_1.dll
0x077b0000 - 0x078e6000 	C:\Program Files\MATLAB\R2015b\bin\win32\iqm.dll
0x7ba80000 - 0x7babc000 	C:\Program Files\MATLAB\R2015b\bin\win32\libmwbridge.dll
0x7b320000 - 0x7b58d000 	C:\Program Files\MATLAB\R2015b\bin\win32\mvm.dll
0x6cb70000 - 0x6cc18000 	C:\Program Files\MATLAB\R2015b\bin\win32\ctfpackage.dll
0x6e0a0000 - 0x6e0a9000 	C:\Program Files\MATLAB\R2015b\bin\win32\mcli18nutil.dll
0x07900000 - 0x07f5b000 	C:\Program Files\MATLAB\R2015b\bin\win32\m_interpreter.dll
0x7c780000 - 0x7c7a7000 	C:\Program Files\MATLAB\R2015b\bin\win32\libmex.dll
0x07f60000 - 0x08007000 	C:\Program Files\MATLAB\R2015b\bin\win32\m_dispatcher.dll
0x7c260000 - 0x7c29a000 	C:\Program Files\MATLAB\R2015b\bin\win32\mcos.dll
0x08010000 - 0x08c28000 	C:\Program Files\MATLAB\R2015b\bin\win32\m_lxe.dll
0x08c30000 - 0x08c43000 	C:\Program Files\MATLAB\R2015b\bin\win32\libmwpnpthread.dll
0x7b5a0000 - 0x7b5ad000 	C:\Program Files\MATLAB\R2015b\bin\win32\nativejava_services.dll
0x08c50000 - 0x08e91000 	C:\Program Files\MATLAB\R2015b\bin\win32\libmwflnetwork.dll
0x5ca70000 - 0x5ca7e000 	C:\Program Files\MATLAB\R2015b\bin\win32\libminizip.dll
0x6e0b0000 - 0x6e0d4000 	C:\Program Files\MATLAB\R2015b\bin\win32\ctfdatainterfaces.dll
0x08ea0000 - 0x08eb7000 	C:\Program Files\MATLAB\R2015b\bin\win32\ctfrt.dll
0x08ec0000 - 0x09005000 	C:\Program Files\MATLAB\R2015b\bin\win32\ctfrtcrypto.dll
0x6dad0000 - 0x6db70000 	C:\WINDOWS\SYSTEM32\WINHTTP.dll
0x7d370000 - 0x7d3d2000 	C:\Program Files\MATLAB\R2015b\bin\win32\xmlcore.dll
0x73f40000 - 0x73f6f000 	C:\WINDOWS\SYSTEM32\IPHLPAPI.DLL
0x538f0000 - 0x53a10000 	C:\Program Files\MATLAB\R2015b\bin\win32\LIBEAY32.dll
0x563b0000 - 0x563f7000 	C:\Program Files\MATLAB\R2015b\bin\win32\SSLEAY32.dll
0x57790000 - 0x577b0000 	C:\Program Files\MATLAB\R2015b\bin\win32\PocoCrypto.dll
0x55470000 - 0x554d2000 	C:\Program Files\MATLAB\R2015b\bin\win32\PocoUtil.dll
0x741a0000 - 0x741f0000 	C:\WINDOWS\SYSTEM32\MSWSOCK.dll
0x09030000 - 0x09039000 	C:\Program Files\MATLAB\R2015b\bin\win32\language_execution_interfaces.dll
0x09040000 - 0x090f3000 	C:\Program Files\MATLAB\R2015b\bin\win32\udd.dll
0x6e040000 - 0x6e087000 	C:\Program Files\MATLAB\R2015b\bin\win32\xsd_binder.dll

VM Arguments:
jvm_args: -Dfile.encoding=UTF-8 -Djava.library.path=/usr/lib/jni 
java_command: Interface.Tomografo
Launcher Type: SUN_STANDARD

Environment Variables:
PATH=C:\Program Files\MATLAB\R2015b\bin\win32;D:\app\TomografoV2\product\11.2.0\dbhome_3\bin;D:\app\TomografoV2\product\11.2.0\dbhome_2\bin;D:\app\TomografoV2\product\11.2.0\dbhome_1\bin;C:\oraclexe\app\oracle\product\11.2.0\server\bin;C:\ProgramData\Oracle\Java\javapath;C:\WINDOWS\system32;C:\WINDOWS;C:\WINDOWS\System32\Wbem;C:\WINDOWS\System32\WindowsPowerShell\v1.0\;C:\Program Files\Microsoft\Web Platform Installer\;C:\Program Files\Microsoft ASP.NET\ASP.NET Web Pages\v1.0\;C:\Program Files\Windows Kits\8.0\Windows Performance Toolkit\;C:\Program Files\Microsoft SQL Server\110\Tools\Binn\;C:\Program Files\Java\jdk1.7.0_60\bin;C:\Program Files\MATLAB\MATLAB Compiler Runtime\v81\runtime\win32;C:\Program Files\MATLAB\R2015b\runtime\win32;C:\Program Files\MATLAB\R2015b\bin;C:\Program Files\MATLAB\R2015b\polyspace\bin;C:\Program Files\Skype\Phone\;C:\Users\TomografoV2\Anaconda;C:\Users\TomografoV2\Anaconda\Scripts;C:\Users\TomografoV2\AppData\Local\Microsoft\WindowsApps
USERNAME=TomografoV2
OS=Windows_NT
PROCESSOR_IDENTIFIER=x86 Family 6 Model 23 Stepping 10, GenuineIntel



---------------  S Y S T E M  ---------------

OS: Windows 8.1 Build 9600 

CPU:total 2 (2 cores per cpu, 1 threads per core) family 6 model 23 stepping 10, cmov, cx8, fxsr, mmx, sse, sse2, sse3, ssse3, sse4.1, tsc

Memory: 4k page, physical 3396784k(576220k free), swap 6804656k(2872136k free)

vm_info: Java HotSpot(TM) Client VM (24.60-b09) for windows-x86 JRE (1.7.0_60-b19), built on May  7 2014 13:09:52 by "java_re" with unknown MS VC++:1600

time: Thu Dec 07 17:16:52 2017
elapsed time: 343 seconds

