#
# A fatal error has been detected by the Java Runtime Environment:
#
#  EXCEPTION_UNCAUGHT_CXX_EXCEPTION (0xe06d7363) at pc=0x7774c5af, pid=2664, tid=6284
#
# JRE version: Java(TM) SE Runtime Environment (7.0_60-b19) (build 1.7.0_60-b19)
# Java VM: Java HotSpot(TM) Client VM (24.60-b09 mixed mode, sharing windows-x86 )
# Problematic frame:
# C  [KERNELBASE.dll+0xc5af]
#
# Failed to write core dump. Minidumps are not enabled by default on client versions of Windows
#
# If you would like to submit a bug report, please visit:
#   http://bugreport.sun.com/bugreport/crash.jsp
# The crash happened outside the Java Virtual Machine in native code.
# See problematic frame for where to report the bug.
#

---------------  T H R E A D  ---------------

Current thread (0x04d1cc00):  JavaThread "Thread-3" daemon [_thread_in_native, id=6284, stack(0x0c210000,0x0c260000)]

siginfo: ExceptionCode=0xe06d7363, ExceptionInformation=0x19930520 0x0c25e524 0x059dbf78 

Registers:
EAX=0x0c25e48c, EBX=0x0c25e71c, ECX=0x00000003, EDX=0x00000000
ESP=0x0c25e48c, EBP=0x0c25e4dc, ESI=0x06e13fc8, EDI=0xffffffff
EIP=0x7774c5af, EFLAGS=0x00000202

Top of Stack: (sp=0x0c25e48c)
0x0c25e48c:   e06d7363 00000001 00000000 7774c5af
0x0c25e49c:   00000003 19930520 0c25e524 059dbf78
0x0c25e4ac:   0c25e53c 6a6375bf 0c25e524 0c25e53c
0x0c25e4bc:   0c25e4cc 6a6375f3 0cd4e858 0cd4e840
0x0c25e4cc:   0c25e4f4 7e25aa5d 0cd4e858 0c25e524
0x0c25e4dc:   0c25e514 6a629863 e06d7363 00000001
0x0c25e4ec:   00000003 0c25e508 e06d7363 00000001
0x0c25e4fc:   00000000 00000000 00000003 19930520 

Instructions: (pc=0x7774c5af)
0x7774c58f:   02 50 ff 75 14 8d 45 c4 50 e8 05 b0 02 00 83 c4
0x7774c59f:   0c eb 03 89 45 c0 8d 45 b0 50 ff 15 5c 11 74 77
0x7774c5af:   c9 c2 10 00 cc cc cc cc cc 8b ff 55 8b ec 56 8b
0x7774c5bf:   75 08 83 fe f4 72 18 83 fe f6 77 13 8d 45 08 50 


Register to memory mapping:

EAX=0x0c25e48c is pointing into the stack for thread: 0x04d1cc00
EBX=0x0c25e71c is pointing into the stack for thread: 0x04d1cc00
ECX=0x00000003 is an unknown value
EDX=0x00000000 is an unknown value
ESP=0x0c25e48c is pointing into the stack for thread: 0x04d1cc00
EBP=0x0c25e4dc is pointing into the stack for thread: 0x04d1cc00
ESI=0x06e13fc8 is an unknown value
EDI=0xffffffff is an unknown value


Stack: [0x0c210000,0x0c260000],  sp=0x0c25e48c,  free space=313k
Native frames: (J=compiled Java code, j=interpreted, Vv=VM code, C=native code)
C  [KERNELBASE.dll+0xc5af]
C  [MSVCR110.dll+0x19863]
C  [libut.dll+0xd47d]
C  [mclmcr.dll+0x10afd8]
C  [mclmcr.dll+0x10d135]
C  [mclmcr.dll+0xf014d]
C  [mclmcr.dll+0x15a5de]
C  [mclmcr.dll+0x15a112]
C  [nativemcl.dll+0xa4f86]
j  com.mathworks.toolbox.javabuilder.internal.MWMCR.mclInitializeComponentInstance(ZLjava/lang/String;Ljava/lang/String;Ljava/lang/String;Ljava/io/InputStream;ILjava/util/concurrent/Callable;Ljava/util/concurrent/Callable;)Lcom/mathworks/toolbox/javabuilder/internal/NativePtr;+0
j  com.mathworks.toolbox.javabuilder.internal.MWMCR.access$700(ZLjava/lang/String;Ljava/lang/String;Ljava/lang/String;Ljava/io/InputStream;ILjava/util/concurrent/Callable;Ljava/util/concurrent/Callable;)Lcom/mathworks/toolbox/javabuilder/internal/NativePtr;+12
j  com.mathworks.toolbox.javabuilder.internal.MWMCR$6.mclInitializeComponentInstance(ZLjava/lang/String;Ljava/lang/String;Ljava/lang/String;Ljava/io/InputStream;ILjava/util/concurrent/Callable;Ljava/util/concurrent/Callable;)Lcom/mathworks/toolbox/javabuilder/internal/NativePtr;+13
v  ~StubRoutines::call_stub
V  [jvm.dll+0x140e6a]
V  [jvm.dll+0x20529e]
V  [jvm.dll+0x140eed]
V  [jvm.dll+0x14d2ee]
V  [jvm.dll+0x14d515]
V  [jvm.dll+0xf1f99]
C  [java.dll+0x7d82]
j  sun.reflect.NativeMethodAccessorImpl.invoke(Ljava/lang/Object;[Ljava/lang/Object;)Ljava/lang/Object;+87
j  sun.reflect.DelegatingMethodAccessorImpl.invoke(Ljava/lang/Object;[Ljava/lang/Object;)Ljava/lang/Object;+6
j  java.lang.reflect.Method.invoke(Ljava/lang/Object;[Ljava/lang/Object;)Ljava/lang/Object;+57
j  com.mathworks.toolbox.javabuilder.internal.MWMCR$5.invoke(Ljava/lang/Object;Ljava/lang/reflect/Method;[Ljava/lang/Object;)Ljava/lang/Object;+8
j  com.sun.proxy.$Proxy0.mclInitializeComponentInstance(ZLjava/lang/String;Ljava/lang/String;Ljava/lang/String;Ljava/io/InputStream;ILjava/util/concurrent/Callable;Ljava/util/concurrent/Callable;)Lcom/mathworks/toolbox/javabuilder/internal/NativePtr;+58
v  ~StubRoutines::call_stub
V  [jvm.dll+0x140e6a]
V  [jvm.dll+0x20529e]
V  [jvm.dll+0x140eed]
V  [jvm.dll+0x14d2ee]
V  [jvm.dll+0x14d515]
V  [jvm.dll+0xf1f99]
C  [java.dll+0x7d82]
j  sun.reflect.NativeMethodAccessorImpl.invoke(Ljava/lang/Object;[Ljava/lang/Object;)Ljava/lang/Object;+87
j  sun.reflect.DelegatingMethodAccessorImpl.invoke(Ljava/lang/Object;[Ljava/lang/Object;)Ljava/lang/Object;+6
j  java.lang.reflect.Method.invoke(Ljava/lang/Object;[Ljava/lang/Object;)Ljava/lang/Object;+57
j  com.mathworks.toolbox.javabuilder.internal.MWMCR$4$1.call()Ljava/lang/Object;+11
j  com.mathworks.toolbox.javabuilder.internal.MCRThreadUtilities$CallableWrapper.call()Ljava/lang/Object;+4
j  java.util.concurrent.FutureTask.run()V+42
j  java.util.concurrent.ScheduledThreadPoolExecutor$ScheduledFutureTask.access$201(Ljava/util/concurrent/ScheduledThreadPoolExecutor$ScheduledFutureTask;)V+1
j  java.util.concurrent.ScheduledThreadPoolExecutor$ScheduledFutureTask.run()V+30
j  java.util.concurrent.ThreadPoolExecutor.runWorker(Ljava/util/concurrent/ThreadPoolExecutor$Worker;)V+95
j  java.util.concurrent.ThreadPoolExecutor$Worker.run()V+5
j  java.lang.Thread.run()V+11
v  ~StubRoutines::call_stub
V  [jvm.dll+0x140e6a]
V  [jvm.dll+0x20529e]
V  [jvm.dll+0x141035]
V  [jvm.dll+0x141097]
V  [jvm.dll+0xec49f]
V  [jvm.dll+0x1622dc]
V  [jvm.dll+0x162d37]
V  [jvm.dll+0x1a71e9]
C  [msvcr100.dll+0x5c556]
C  [msvcr100.dll+0x5c600]
C  [kernel32.dll+0x1344d]
C  [ntdll.dll+0x39802]
C  [ntdll.dll+0x397d5]

Java frames: (J=compiled Java code, j=interpreted, Vv=VM code)
j  com.mathworks.toolbox.javabuilder.internal.MWMCR.mclInitializeComponentInstance(ZLjava/lang/String;Ljava/lang/String;Ljava/lang/String;Ljava/io/InputStream;ILjava/util/concurrent/Callable;Ljava/util/concurrent/Callable;)Lcom/mathworks/toolbox/javabuilder/internal/NativePtr;+0
j  com.mathworks.toolbox.javabuilder.internal.MWMCR.access$700(ZLjava/lang/String;Ljava/lang/String;Ljava/lang/String;Ljava/io/InputStream;ILjava/util/concurrent/Callable;Ljava/util/concurrent/Callable;)Lcom/mathworks/toolbox/javabuilder/internal/NativePtr;+12
j  com.mathworks.toolbox.javabuilder.internal.MWMCR$6.mclInitializeComponentInstance(ZLjava/lang/String;Ljava/lang/String;Ljava/lang/String;Ljava/io/InputStream;ILjava/util/concurrent/Callable;Ljava/util/concurrent/Callable;)Lcom/mathworks/toolbox/javabuilder/internal/NativePtr;+13
v  ~StubRoutines::call_stub
j  sun.reflect.NativeMethodAccessorImpl.invoke0(Ljava/lang/reflect/Method;Ljava/lang/Object;[Ljava/lang/Object;)Ljava/lang/Object;+0
j  sun.reflect.NativeMethodAccessorImpl.invoke(Ljava/lang/Object;[Ljava/lang/Object;)Ljava/lang/Object;+87
j  sun.reflect.DelegatingMethodAccessorImpl.invoke(Ljava/lang/Object;[Ljava/lang/Object;)Ljava/lang/Object;+6
j  java.lang.reflect.Method.invoke(Ljava/lang/Object;[Ljava/lang/Object;)Ljava/lang/Object;+57
j  com.mathworks.toolbox.javabuilder.internal.MWMCR$5.invoke(Ljava/lang/Object;Ljava/lang/reflect/Method;[Ljava/lang/Object;)Ljava/lang/Object;+8
j  com.sun.proxy.$Proxy0.mclInitializeComponentInstance(ZLjava/lang/String;Ljava/lang/String;Ljava/lang/String;Ljava/io/InputStream;ILjava/util/concurrent/Callable;Ljava/util/concurrent/Callable;)Lcom/mathworks/toolbox/javabuilder/internal/NativePtr;+58
v  ~StubRoutines::call_stub
j  sun.reflect.NativeMethodAccessorImpl.invoke0(Ljava/lang/reflect/Method;Ljava/lang/Object;[Ljava/lang/Object;)Ljava/lang/Object;+0
j  sun.reflect.NativeMethodAccessorImpl.invoke(Ljava/lang/Object;[Ljava/lang/Object;)Ljava/lang/Object;+87
j  sun.reflect.DelegatingMethodAccessorImpl.invoke(Ljava/lang/Object;[Ljava/lang/Object;)Ljava/lang/Object;+6
j  java.lang.reflect.Method.invoke(Ljava/lang/Object;[Ljava/lang/Object;)Ljava/lang/Object;+57
j  com.mathworks.toolbox.javabuilder.internal.MWMCR$4$1.call()Ljava/lang/Object;+11
j  com.mathworks.toolbox.javabuilder.internal.MCRThreadUtilities$CallableWrapper.call()Ljava/lang/Object;+4
j  java.util.concurrent.FutureTask.run()V+42
j  java.util.concurrent.ScheduledThreadPoolExecutor$ScheduledFutureTask.access$201(Ljava/util/concurrent/ScheduledThreadPoolExecutor$ScheduledFutureTask;)V+1
j  java.util.concurrent.ScheduledThreadPoolExecutor$ScheduledFutureTask.run()V+30
j  java.util.concurrent.ThreadPoolExecutor.runWorker(Ljava/util/concurrent/ThreadPoolExecutor$Worker;)V+95
j  java.util.concurrent.ThreadPoolExecutor$Worker.run()V+5
j  java.lang.Thread.run()V+11
v  ~StubRoutines::call_stub

---------------  P R O C E S S  ---------------

Java Threads: ( => current thread )
  0x10428400 JavaThread "Connector Runnable" daemon [_thread_blocked, id=6884, stack(0x0e340000,0x0e390000)]
  0x1010e000 JavaThread "EventMgr Dispatcher" daemon [_thread_in_native, id=4592, stack(0x0f8d0000,0x0f920000)]
  0x04d28000 JavaThread "MATLAB Compiler Runtime" daemon [_thread_in_native, id=6972, stack(0x0d1b0000,0x0d9b0000)]
  0x04d1d400 JavaThread "Thread-4" [_thread_blocked, id=6376, stack(0x0c0a0000,0x0c0f0000)]
=>0x04d1cc00 JavaThread "Thread-3" daemon [_thread_in_native, id=6284, stack(0x0c210000,0x0c260000)]
  0x04cdb000 JavaThread "Thread-1" [_thread_in_native, id=6388, stack(0x07000000,0x07050000)]
  0x00efc800 JavaThread "DestroyJavaVM" [_thread_blocked, id=6024, stack(0x00ea0000,0x00ef0000)]
  0x04c88800 JavaThread "AWT-EventQueue-0" [_thread_blocked, id=4380, stack(0x05a20000,0x05a70000)]
  0x04c70c00 JavaThread "AWT-Windows" daemon [_thread_in_native, id=3016, stack(0x04970000,0x049c0000)]
  0x04c70000 JavaThread "AWT-Shutdown" [_thread_blocked, id=3048, stack(0x04ae0000,0x04b30000)]
  0x04c6d400 JavaThread "Java2D Disposer" daemon [_thread_blocked, id=6176, stack(0x04eb0000,0x04f00000)]
  0x00de1c00 JavaThread "Service Thread" daemon [_thread_blocked, id=5764, stack(0x04a90000,0x04ae0000)]
  0x00de0c00 JavaThread "C1 CompilerThread0" daemon [_thread_blocked, id=4252, stack(0x04920000,0x04970000)]
  0x00ddf800 JavaThread "Attach Listener" daemon [_thread_blocked, id=4888, stack(0x04880000,0x048d0000)]
  0x00ddc400 JavaThread "Signal Dispatcher" daemon [_thread_blocked, id=3032, stack(0x025e0000,0x02630000)]
  0x00d6a000 JavaThread "Finalizer" daemon [_thread_blocked, id=4188, stack(0x04830000,0x04880000)]
  0x00d68800 JavaThread "Reference Handler" daemon [_thread_blocked, id=2232, stack(0x02660000,0x026b0000)]

Other Threads:
  0x00d67000 VMThread [stack: 0x00ff0000,0x01040000] [id=3608]
  0x00df0400 WatcherThread [stack: 0x04b60000,0x04bb0000] [id=5292]

VM state:not at safepoint (normal execution)

VM Mutex/Monitor currently owned by a thread: None

Heap
 def new generation   total 4928K, used 1484K [0x24600000, 0x24b50000, 0x29b50000)
  eden space 4416K,  28% used [0x24600000, 0x2473c0a8, 0x24a50000)
  from space 512K,  42% used [0x24ad0000, 0x24b07058, 0x24b50000)
  to   space 512K,   0% used [0x24a50000, 0x24a50000, 0x24ad0000)
 tenured generation   total 10944K, used 3064K [0x29b50000, 0x2a600000, 0x34600000)
   the space 10944K,  28% used [0x29b50000, 0x29e4e330, 0x29e4e400, 0x2a600000)
 compacting perm gen  total 12288K, used 2138K [0x34600000, 0x35200000, 0x38600000)
   the space 12288K,  17% used [0x34600000, 0x348169f8, 0x34816a00, 0x35200000)
    ro space 10240K,  44% used [0x38600000, 0x38a7a7a8, 0x38a7a800, 0x39000000)
    rw space 12288K,  52% used [0x39000000, 0x39651db0, 0x39651e00, 0x39c00000)

Card table byte_map: [0x00f00000,0x00fb0000] byte_map_base: 0x00ddd000

Polling page: 0x00150000

Code Cache  [0x02720000, 0x02838000, 0x04720000)
 total_blobs=541 nmethods=333 adapters=145 free_code_cache=31674Kb largest_free_block=32434624

Compilation events (10 events):
Event: 4.668 Thread 0x00de0c00  325             java.lang.String::lastIndexOf (13 bytes)
Event: 4.668 Thread 0x00de0c00 nmethod 325 0x0282e848 code [0x0282e950, 0x0282e9ec]
Event: 4.800 Thread 0x00de0c00  326   !         java.util.concurrent.ConcurrentHashMap$Segment::put (237 bytes)
Event: 4.802 Thread 0x00de0c00 nmethod 326 0x0282ea88 code [0x0282ebe0, 0x0282f028]
Event: 4.802 Thread 0x00de0c00  327   !         java.util.zip.InflaterInputStream::read (138 bytes)
Event: 4.803 Thread 0x00de0c00 nmethod 327 0x0282f4c8 code [0x0282f670, 0x0282fec4]
Event: 6.404 Thread 0x00de0c00  332             java.lang.ThreadLocal$ThreadLocalMap::access$000 (6 bytes)
Event: 6.404 Thread 0x00de0c00 nmethod 332 0x02831148 code [0x02831240, 0x028312cc]
Event: 17.956 Thread 0x00de0c00  333             java.lang.String::indexOf (7 bytes)
Event: 17.956 Thread 0x00de0c00 nmethod 333 0x02831348 code [0x02831450, 0x0283151c]

GC Heap History (10 events):
Event: 3.756 GC heap before
{Heap before GC invocations=4 (full 0):
 def new generation   total 4928K, used 4928K [0x24600000, 0x24b50000, 0x29b50000)
  eden space 4416K, 100% used [0x24600000, 0x24a50000, 0x24a50000)
  from space 512K, 100% used [0x24a50000, 0x24ad0000, 0x24ad0000)
  to   space 512K,   0% used [0x24ad0000, 0x24ad0000, 0x24b50000)
 tenured generation   total 10944K, used 2381K [0x29b50000, 0x2a600000, 0x34600000)
   the space 10944K,  21% used [0x29b50000, 0x29da37e8, 0x29da3800, 0x2a600000)
 compacting perm gen  total 12288K, used 1668K [0x34600000, 0x35200000, 0x38600000)
   the space 12288K,  13% used [0x34600000, 0x347a12d0, 0x347a1400, 0x35200000)
    ro space 10240K,  44% used [0x38600000, 0x38a7a7a8, 0x38a7a800, 0x39000000)
    rw space 12288K,  52% used [0x39000000, 0x39651db0, 0x39651e00, 0x39c00000)
Event: 3.757 GC heap after
Heap after GC invocations=5 (full 0):
 def new generation   total 4928K, used 191K [0x24600000, 0x24b50000, 0x29b50000)
  eden space 4416K,   0% used [0x24600000, 0x24600000, 0x24a50000)
  from space 512K,  37% used [0x24ad0000, 0x24afff48, 0x24b50000)
  to   space 512K,   0% used [0x24a50000, 0x24a50000, 0x24ad0000)
 tenured generation   total 10944K, used 2698K [0x29b50000, 0x2a600000, 0x34600000)
   the space 10944K,  24% used [0x29b50000, 0x29df29a0, 0x29df2a00, 0x2a600000)
 compacting perm gen  total 12288K, used 1668K [0x34600000, 0x35200000, 0x38600000)
   the space 12288K,  13% used [0x34600000, 0x347a12d0, 0x347a1400, 0x35200000)
    ro space 10240K,  44% used [0x38600000, 0x38a7a7a8, 0x38a7a800, 0x39000000)
    rw space 12288K,  52% used [0x39000000, 0x39651db0, 0x39651e00, 0x39c00000)
}
Event: 4.174 GC heap before
{Heap before GC invocations=5 (full 0):
 def new generation   total 4928K, used 4607K [0x24600000, 0x24b50000, 0x29b50000)
  eden space 4416K, 100% used [0x24600000, 0x24a50000, 0x24a50000)
  from space 512K,  37% used [0x24ad0000, 0x24afff48, 0x24b50000)
  to   space 512K,   0% used [0x24a50000, 0x24a50000, 0x24ad0000)
 tenured generation   total 10944K, used 2698K [0x29b50000, 0x2a600000, 0x34600000)
   the space 10944K,  24% used [0x29b50000, 0x29df29a0, 0x29df2a00, 0x2a600000)
 compacting perm gen  total 12288K, used 1767K [0x34600000, 0x35200000, 0x38600000)
   the space 12288K,  14% used [0x34600000, 0x347b9f30, 0x347ba000, 0x35200000)
    ro space 10240K,  44% used [0x38600000, 0x38a7a7a8, 0x38a7a800, 0x39000000)
    rw space 12288K,  52% used [0x39000000, 0x39651db0, 0x39651e00, 0x39c00000)
Event: 4.176 GC heap after
Heap after GC invocations=6 (full 0):
 def new generation   total 4928K, used 512K [0x24600000, 0x24b50000, 0x29b50000)
  eden space 4416K,   0% used [0x24600000, 0x24600000, 0x24a50000)
  from space 512K, 100% used [0x24a50000, 0x24ad0000, 0x24ad0000)
  to   space 512K,   0% used [0x24ad0000, 0x24ad0000, 0x24b50000)
 tenured generation   total 10944K, used 2726K [0x29b50000, 0x2a600000, 0x34600000)
   the space 10944K,  24% used [0x29b50000, 0x29df9bd8, 0x29df9c00, 0x2a600000)
 compacting perm gen  total 12288K, used 1767K [0x34600000, 0x35200000, 0x38600000)
   the space 12288K,  14% used [0x34600000, 0x347b9f30, 0x347ba000, 0x35200000)
    ro space 10240K,  44% used [0x38600000, 0x38a7a7a8, 0x38a7a800, 0x39000000)
    rw space 12288K,  52% used [0x39000000, 0x39651db0, 0x39651e00, 0x39c00000)
}
Event: 4.489 GC heap before
{Heap before GC invocations=6 (full 0):
 def new generation   total 4928K, used 4928K [0x24600000, 0x24b50000, 0x29b50000)
  eden space 4416K, 100% used [0x24600000, 0x24a50000, 0x24a50000)
  from space 512K, 100% used [0x24a50000, 0x24ad0000, 0x24ad0000)
  to   space 512K,   0% used [0x24ad0000, 0x24ad0000, 0x24b50000)
 tenured generation   total 10944K, used 2726K [0x29b50000, 0x2a600000, 0x34600000)
   the space 10944K,  24% used [0x29b50000, 0x29df9bd8, 0x29df9c00, 0x2a600000)
 compacting perm gen  total 12288K, used 1902K [0x34600000, 0x35200000, 0x38600000)
   the space 12288K,  15% used [0x34600000, 0x347dba30, 0x347dbc00, 0x35200000)
    ro space 10240K,  44% used [0x38600000, 0x38a7a7a8, 0x38a7a800, 0x39000000)
    rw space 12288K,  52% used [0x39000000, 0x39651db0, 0x39651e00, 0x39c00000)
Event: 4.491 GC heap after
Heap after GC invocations=7 (full 0):
 def new generation   total 4928K, used 159K [0x24600000, 0x24b50000, 0x29b50000)
  eden space 4416K,   0% used [0x24600000, 0x24600000, 0x24a50000)
  from space 512K,  31% used [0x24ad0000, 0x24af7d20, 0x24b50000)
  to   space 512K,   0% used [0x24a50000, 0x24a50000, 0x24ad0000)
 tenured generation   total 10944K, used 3064K [0x29b50000, 0x2a600000, 0x34600000)
   the space 10944K,  28% used [0x29b50000, 0x29e4e330, 0x29e4e400, 0x2a600000)
 compacting perm gen  total 12288K, used 1902K [0x34600000, 0x35200000, 0x38600000)
   the space 12288K,  15% used [0x34600000, 0x347dba30, 0x347dbc00, 0x35200000)
    ro space 10240K,  44% used [0x38600000, 0x38a7a7a8, 0x38a7a800, 0x39000000)
    rw space 12288K,  52% used [0x39000000, 0x39651db0, 0x39651e00, 0x39c00000)
}
Event: 4.813 GC heap before
{Heap before GC invocations=7 (full 0):
 def new generation   total 4928K, used 4575K [0x24600000, 0x24b50000, 0x29b50000)
  eden space 4416K, 100% used [0x24600000, 0x24a50000, 0x24a50000)
  from space 512K,  31% used [0x24ad0000, 0x24af7d20, 0x24b50000)
  to   space 512K,   0% used [0x24a50000, 0x24a50000, 0x24ad0000)
 tenured generation   total 10944K, used 3064K [0x29b50000, 0x2a600000, 0x34600000)
   the space 10944K,  28% used [0x29b50000, 0x29e4e330, 0x29e4e400, 0x2a600000)
 compacting perm gen  total 12288K, used 2012K [0x34600000, 0x35200000, 0x38600000)
   the space 12288K,  16% used [0x34600000, 0x347f7028, 0x347f7200, 0x35200000)
    ro space 10240K,  44% used [0x38600000, 0x38a7a7a8, 0x38a7a800, 0x39000000)
    rw space 12288K,  52% used [0x39000000, 0x39651db0, 0x39651e00, 0x39c00000)
Event: 4.815 GC heap after
Heap after GC invocations=8 (full 0):
 def new generation   total 4928K, used 241K [0x24600000, 0x24b50000, 0x29b50000)
  eden space 4416K,   0% used [0x24600000, 0x24600000, 0x24a50000)
  from space 512K,  47% used [0x24a50000, 0x24a8c420, 0x24ad0000)
  to   space 512K,   0% used [0x24ad0000, 0x24ad0000, 0x24b50000)
 tenured generation   total 10944K, used 3064K [0x29b50000, 0x2a600000, 0x34600000)
   the space 10944K,  28% used [0x29b50000, 0x29e4e330, 0x29e4e400, 0x2a600000)
 compacting perm gen  total 12288K, used 2012K [0x34600000, 0x35200000, 0x38600000)
   the space 12288K,  16% used [0x34600000, 0x347f7028, 0x347f7200, 0x35200000)
    ro space 10240K,  44% used [0x38600000, 0x38a7a7a8, 0x38a7a800, 0x39000000)
    rw space 12288K,  52% used [0x39000000, 0x39651db0, 0x39651e00, 0x39c00000)
}
Event: 17.697 GC heap before
{Heap before GC invocations=8 (full 0):
 def new generation   total 4928K, used 4657K [0x24600000, 0x24b50000, 0x29b50000)
  eden space 4416K, 100% used [0x24600000, 0x24a50000, 0x24a50000)
  from space 512K,  47% used [0x24a50000, 0x24a8c420, 0x24ad0000)
  to   space 512K,   0% used [0x24ad0000, 0x24ad0000, 0x24b50000)
 tenured generation   total 10944K, used 3064K [0x29b50000, 0x2a600000, 0x34600000)
   the space 10944K,  28% used [0x29b50000, 0x29e4e330, 0x29e4e400, 0x2a600000)
 compacting perm gen  total 12288K, used 2096K [0x34600000, 0x35200000, 0x38600000)
   the space 12288K,  17% used [0x34600000, 0x3480c288, 0x3480c400, 0x35200000)
    ro space 10240K,  44% used [0x38600000, 0x38a7a7a8, 0x38a7a800, 0x39000000)
    rw space 12288K,  52% used [0x39000000, 0x39651db0, 0x39651e00, 0x39c00000)
Event: 17.699 GC heap after
Heap after GC invocations=9 (full 0):
 def new generation   total 4928K, used 220K [0x24600000, 0x24b50000, 0x29b50000)
  eden space 4416K,   0% used [0x24600000, 0x24600000, 0x24a50000)
  from space 512K,  42% used [0x24ad0000, 0x24b07058, 0x24b50000)
  to   space 512K,   0% used [0x24a50000, 0x24a50000, 0x24ad0000)
 tenured generation   total 10944K, used 3064K [0x29b50000, 0x2a600000, 0x34600000)
   the space 10944K,  28% used [0x29b50000, 0x29e4e330, 0x29e4e400, 0x2a600000)
 compacting perm gen  total 12288K, used 2096K [0x34600000, 0x35200000, 0x38600000)
   the space 12288K,  17% used [0x34600000, 0x3480c288, 0x3480c400, 0x35200000)
    ro space 10240K,  44% used [0x38600000, 0x38a7a7a8, 0x38a7a800, 0x39000000)
    rw space 12288K,  52% used [0x39000000, 0x39651db0, 0x39651e00, 0x39c00000)
}

Deoptimization events (0 events):
No events

Internal exceptions (10 events):
Event: 17.904 Thread 0x04d28000 Threw 0x2467e2d0 at C:\re\jdk7u60\1081\hotspot\src\share\vm\prims\jvm.cpp:1244
Event: 17.904 Thread 0x04d28000 Threw 0x24680088 at C:\re\jdk7u60\1081\hotspot\src\share\vm\prims\jvm.cpp:1244
Event: 17.906 Thread 0x04d28000 Threw 0x2469ba70 at C:\re\jdk7u60\1081\hotspot\src\share\vm\prims\jvm.cpp:1244
Event: 17.906 Thread 0x04d28000 Threw 0x2469df70 at C:\re\jdk7u60\1081\hotspot\src\share\vm\prims\jvm.cpp:1244
Event: 17.954 Thread 0x04d28000 Threw 0x246c7c90 at C:\re\jdk7u60\1081\hotspot\src\share\vm\prims\jvm.cpp:1244
Event: 17.954 Thread 0x04d28000 Threw 0x246ca188 at C:\re\jdk7u60\1081\hotspot\src\share\vm\prims\jvm.cpp:1244
Event: 17.956 Thread 0x04d28000 Threw 0x246ecfc0 at C:\re\jdk7u60\1081\hotspot\src\share\vm\prims\jvm.cpp:1244
Event: 17.956 Thread 0x04d28000 Threw 0x246ef3d0 at C:\re\jdk7u60\1081\hotspot\src\share\vm\prims\jvm.cpp:1244
Event: 17.957 Thread 0x04d28000 Threw 0x2470e160 at C:\re\jdk7u60\1081\hotspot\src\share\vm\prims\jvm.cpp:1244
Event: 17.957 Thread 0x04d28000 Threw 0x2470fe68 at C:\re\jdk7u60\1081\hotspot\src\share\vm\prims\jvm.cpp:1244

Events (10 events):
Event: 17.904 loading class 0x04cf36f8
Event: 17.904 loading class 0x04cf36f8 done
Event: 17.906 loading class 0x04c7e2b8
Event: 17.906 loading class 0x04c7e2b8 done
Event: 17.954 loading class 0x102b1d48
Event: 17.954 loading class 0x102b1d48 done
Event: 17.956 loading class 0x10421570
Event: 17.956 loading class 0x10421570 done
Event: 17.957 loading class 0x04cf38d8
Event: 17.957 loading class 0x04cf38d8 done


Dynamic libraries:
0x010d0000 - 0x010ff000 	C:\Program Files (x86)\Java\jdk1.7.0_60\bin\java.exe
0x77cd0000 - 0x77e50000 	C:\Windows\SysWOW64\ntdll.dll
0x75be0000 - 0x75cf0000 	C:\Windows\syswow64\kernel32.dll
0x77740000 - 0x77787000 	C:\Windows\syswow64\KERNELBASE.dll
0x76300000 - 0x763a1000 	C:\Windows\syswow64\ADVAPI32.dll
0x777a0000 - 0x7784c000 	C:\Windows\syswow64\msvcrt.dll
0x76190000 - 0x761a9000 	C:\Windows\SysWOW64\sechost.dll
0x75af0000 - 0x75be0000 	C:\Windows\syswow64\RPCRT4.dll
0x753f0000 - 0x75450000 	C:\Windows\syswow64\SspiCli.dll
0x753e0000 - 0x753ec000 	C:\Windows\syswow64\CRYPTBASE.dll
0x756f0000 - 0x757f0000 	C:\Windows\syswow64\USER32.dll
0x75650000 - 0x756e0000 	C:\Windows\syswow64\GDI32.dll
0x76140000 - 0x7614a000 	C:\Windows\syswow64\LPK.dll
0x75450000 - 0x754ed000 	C:\Windows\syswow64\USP10.dll
0x72a80000 - 0x72c1e000 	C:\Windows\WinSxS\x86_microsoft.windows.common-controls_6595b64144ccf1df_6.0.7601.24380_none_2b2053e245779417\COMCTL32.dll
0x761d0000 - 0x76227000 	C:\Windows\syswow64\SHLWAPI.dll
0x773c0000 - 0x77420000 	C:\Windows\system32\IMM32.DLL
0x76230000 - 0x762fd000 	C:\Windows\syswow64\MSCTF.dll
0x6b510000 - 0x6b5cf000 	C:\Program Files (x86)\Java\jdk1.7.0_60\jre\bin\msvcr100.dll
0x6b180000 - 0x6b508000 	C:\Program Files (x86)\Java\jdk1.7.0_60\jre\bin\client\jvm.dll
0x72220000 - 0x72227000 	C:\Windows\system32\WSOCK32.dll
0x757f0000 - 0x75825000 	C:\Windows\syswow64\WS2_32.dll
0x76180000 - 0x76186000 	C:\Windows\syswow64\NSI.dll
0x70fa0000 - 0x70fd2000 	C:\Windows\system32\WINMM.dll
0x75850000 - 0x75855000 	C:\Windows\syswow64\PSAPI.DLL
0x72230000 - 0x7223c000 	C:\Program Files (x86)\Java\jdk1.7.0_60\jre\bin\verify.dll
0x6b670000 - 0x6b690000 	C:\Program Files (x86)\Java\jdk1.7.0_60\jre\bin\java.dll
0x6f920000 - 0x6f933000 	C:\Program Files (x86)\Java\jdk1.7.0_60\jre\bin\zip.dll
0x6b030000 - 0x6b173000 	C:\Program Files (x86)\Java\jdk1.7.0_60\jre\bin\awt.dll
0x77850000 - 0x778e2000 	C:\Windows\syswow64\OLEAUT32.dll
0x754f0000 - 0x7564f000 	C:\Windows\syswow64\ole32.dll
0x71c90000 - 0x71d10000 	C:\Windows\system32\uxtheme.dll
0x71570000 - 0x71583000 	C:\Windows\system32\dwmapi.dll
0x766c0000 - 0x7730c000 	C:\Windows\syswow64\SHELL32.dll
0x6b5f0000 - 0x6b629000 	C:\Program Files (x86)\Java\jdk1.7.0_60\jre\bin\fontmanager.dll
0x713a0000 - 0x71563000 	C:\Windows\system32\d3d9.dll
0x71920000 - 0x71929000 	C:\Windows\system32\VERSION.dll
0x71390000 - 0x71396000 	C:\Windows\system32\d3d8thk.dll
0x66470000 - 0x6723e000 	C:\Windows\system32\nvd3dum.dll
0x6b640000 - 0x6b665000 	C:\Windows\system32\powrprof.dll
0x75870000 - 0x75a0d000 	C:\Windows\syswow64\SETUPAPI.dll
0x75ac0000 - 0x75ae7000 	C:\Windows\syswow64\CFGMGR32.dll
0x77310000 - 0x77322000 	C:\Windows\syswow64\DEVOBJ.dll
0x10000000 - 0x10012000 	C:\Program Files (x86)\Java\jdk1.7.0_60\jre\bin\rxtxSerial.dll
0x6c240000 - 0x6c267000 	C:\Windows\system32\crtdll.dll
0x00860000 - 0x0088b000 	C:\Program Files (x86)\MATLAB\R2015b\bin\win32\BuilderJABootstrap.dll
0x00890000 - 0x0089c000 	C:\Program Files (x86)\MATLAB\R2015b\bin\win32\nativedl.dll
0x6afa0000 - 0x6b025000 	C:\Windows\system32\MSVCP110.dll
0x6a610000 - 0x6a6e6000 	C:\Windows\system32\MSVCR110.dll
0x7e240000 - 0x7e401000 	C:\Program Files (x86)\MATLAB\R2015b\bin\win32\libmwfl.dll
0x763c0000 - 0x763eb000 	C:\Windows\syswow64\imagehlp.dll
0x07050000 - 0x07119000 	C:\Program Files (x86)\MATLAB\R2015b\bin\win32\libmwi18n.dll
0x008e0000 - 0x008e7000 	C:\Program Files (x86)\MATLAB\R2015b\bin\win32\libmwresource_core.dll
0x71d60000 - 0x71d6c000 	C:\Program Files (x86)\MATLAB\R2015b\bin\win32\boost_date_time-vc110-mt-1_49.dll
0x6a5e0000 - 0x6a605000 	C:\Program Files (x86)\MATLAB\R2015b\bin\win32\boost_filesystem-vc110-mt-1_49.dll
0x6fd30000 - 0x6fd37000 	C:\Program Files (x86)\MATLAB\R2015b\bin\win32\boost_system-vc110-mt-1_49.dll
0x6b630000 - 0x6b63e000 	C:\Program Files (x86)\MATLAB\R2015b\bin\win32\boost_thread-vc110-mt-1_49.dll
0x6b5d0000 - 0x6b5ef000 	C:\Program Files (x86)\MATLAB\R2015b\bin\win32\LIBEXPAT.dll
0x07120000 - 0x072b9000 	C:\Program Files (x86)\MATLAB\R2015b\bin\win32\icuin54.dll
0x072c0000 - 0x073df000 	C:\Program Files (x86)\MATLAB\R2015b\bin\win32\icuuc54.dll
0x64c40000 - 0x6646c000 	C:\Program Files (x86)\MATLAB\R2015b\bin\win32\icudt54.dll
0x01090000 - 0x0109e000 	C:\Program Files (x86)\MATLAB\R2015b\bin\win32\icuio54.dll
0x6a560000 - 0x6a5d2000 	C:\Program Files (x86)\MATLAB\R2015b\bin\win32\boost_log-vc110-mt-1_49.dll
0x6a4a0000 - 0x6a556000 	C:\Program Files (x86)\MATLAB\R2015b\bin\win32\boost_regex-vc110-mt-1_49.dll
0x6a460000 - 0x6a49d000 	C:\Program Files (x86)\MATLAB\R2015b\bin\win32\boost_serialization-vc110-mt-1_49.dll
0x6af90000 - 0x6af9f000 	C:\Program Files (x86)\MATLAB\R2015b\bin\win32\boost_signals-vc110-mt-1_49.dll
0x6a420000 - 0x6a451000 	C:\Program Files (x86)\MATLAB\R2015b\bin\win32\tbb.dll
0x07840000 - 0x07a3d000 	C:\Program Files (x86)\MATLAB\R2015b\bin\win32\nativemcl.dll
0x05970000 - 0x05a12000 	C:\Program Files (x86)\MATLAB\R2015b\bin\win32\libut.dll
0x7dd60000 - 0x7deb6000 	C:\Program Files (x86)\MATLAB\R2015b\bin\win32\libmx.dll
0x6a3c0000 - 0x6a3e6000 	C:\Program Files (x86)\MATLAB\R2015b\bin\win32\tbbmalloc.dll
0x6a400000 - 0x6a414000 	C:\Program Files (x86)\MATLAB\R2015b\bin\win32\zlib1.dll
0x07a40000 - 0x07ed4000 	C:\Program Files (x86)\MATLAB\R2015b\bin\win32\libmwservices.dll
0x010b0000 - 0x010c3000 	C:\Program Files (x86)\MATLAB\R2015b\bin\win32\display_device.dll
0x7dd20000 - 0x7dd5f000 	C:\Program Files (x86)\MATLAB\R2015b\bin\win32\libmwregexp.dll
0x02500000 - 0x02543000 	C:\Program Files (x86)\MATLAB\R2015b\bin\win32\mpath.dll
0x07ee0000 - 0x08262000 	C:\Program Files (x86)\MATLAB\R2015b\bin\win32\libmwms.dll
0x6a3f0000 - 0x6a3fd000 	C:\Program Files (x86)\MATLAB\R2015b\bin\win32\boost_iostreams-vc110-mt-1_49.dll
0x72ca0000 - 0x72cdc000 	C:\Windows\system32\MSWSOCK.dll
0x7d640000 - 0x7da52000 	C:\Program Files (x86)\MATLAB\R2015b\bin\win32\mlutil.dll
0x08270000 - 0x084d2000 	C:\Program Files (x86)\MATLAB\R2015b\bin\win32\settingscore.dll
0x7d370000 - 0x7d3d2000 	C:\Program Files (x86)\MATLAB\R2015b\bin\win32\xmlcore.dll
0x12000000 - 0x121dd000 	C:\Program Files (x86)\MATLAB\R2015b\bin\win32\xerces-c_3_1.dll
0x7d180000 - 0x7d185000 	C:\Program Files (x86)\MATLAB\R2015b\bin\win32\libmwnativedisplay.dll
0x7d130000 - 0x7d178000 	C:\Program Files (x86)\MATLAB\R2015b\bin\win32\opccore.dll
0x073e0000 - 0x074d9000 	C:\Program Files (x86)\MATLAB\R2015b\bin\win32\opcmodel.dll
0x084e0000 - 0x08721000 	C:\Program Files (x86)\MATLAB\R2015b\bin\win32\libmwflnetwork.dll
0x7d060000 - 0x7d084000 	C:\Program Files (x86)\MATLAB\R2015b\bin\win32\opczippackage.dll
0x6a3a0000 - 0x6a3ae000 	C:\Program Files (x86)\MATLAB\R2015b\bin\win32\libminizip.dll
0x08730000 - 0x08892000 	C:\Program Files (x86)\MATLAB\R2015b\bin\win32\opcmwservices.dll
0x02630000 - 0x02648000 	C:\Program Files (x86)\MATLAB\R2015b\bin\win32\webproxy.dll
0x6fe30000 - 0x6fe88000 	C:\Windows\system32\WINHTTP.dll
0x6fde0000 - 0x6fe30000 	C:\Windows\system32\webio.dll
0x77430000 - 0x774ab000 	C:\Windows\syswow64\comdlg32.dll
0x72080000 - 0x72091000 	C:\Windows\system32\netapi32.dll
0x72070000 - 0x72079000 	C:\Windows\system32\netutils.dll
0x72050000 - 0x72069000 	C:\Windows\system32\srvcli.dll
0x72040000 - 0x7204f000 	C:\Windows\system32\wkscli.dll
0x64940000 - 0x64ab2000 	C:\Program Files (x86)\MATLAB\R2015b\bin\win32\pocofoundation.dll
0x72960000 - 0x7297c000 	C:\Windows\system32\IPHLPAPI.DLL
0x72950000 - 0x72957000 	C:\Windows\system32\WINNSI.DLL
0x64b60000 - 0x64c33000 	C:\Program Files (x86)\MATLAB\R2015b\bin\win32\poconet.dll
0x6a360000 - 0x6a398000 	C:\Program Files (x86)\MATLAB\R2015b\bin\win32\poconetssl.dll
0x64820000 - 0x64940000 	C:\Program Files (x86)\MATLAB\R2015b\bin\win32\LIBEAY32.dll
0x64b10000 - 0x64b57000 	C:\Program Files (x86)\MATLAB\R2015b\bin\win32\SSLEAY32.dll
0x6a340000 - 0x6a360000 	C:\Program Files (x86)\MATLAB\R2015b\bin\win32\PocoCrypto.dll
0x647b0000 - 0x64812000 	C:\Program Files (x86)\MATLAB\R2015b\bin\win32\PocoUtil.dll
0x64720000 - 0x647a6000 	C:\Program Files (x86)\MATLAB\R2015b\bin\win32\PocoXML.dll
0x64ac0000 - 0x64b04000 	C:\Program Files (x86)\MATLAB\R2015b\bin\win32\PocoJSON.dll
0x088a0000 - 0x08b5b000 	C:\Program Files (x86)\MATLAB\R2015b\bin\win32\mclmcr.dll
0x7cf70000 - 0x7d030000 	C:\Program Files (x86)\MATLAB\R2015b\bin\win32\mcr.dll
0x08b60000 - 0x08c96000 	C:\Program Files (x86)\MATLAB\R2015b\bin\win32\iqm.dll
0x047d0000 - 0x047d9000 	C:\Program Files (x86)\MATLAB\R2015b\bin\win32\language_execution_interfaces.dll
0x08ca0000 - 0x08d47000 	C:\Program Files (x86)\MATLAB\R2015b\bin\win32\m_dispatcher.dll
0x08d50000 - 0x093ab000 	C:\Program Files (x86)\MATLAB\R2015b\bin\win32\m_interpreter.dll
0x7c780000 - 0x7c7a7000 	C:\Program Files (x86)\MATLAB\R2015b\bin\win32\libmex.dll
0x06f70000 - 0x06fd2000 	C:\Program Files (x86)\MATLAB\R2015b\bin\win32\profiler.dll
0x7c5d0000 - 0x7c732000 	C:\Program Files (x86)\MATLAB\R2015b\bin\win32\libmwmathutil.dll
0x04f00000 - 0x04f59000 	C:\Program Files (x86)\MATLAB\R2015b\bin\win32\libmwmathrng.dll
0x7c590000 - 0x7c5a0000 	C:\Program Files (x86)\MATLAB\R2015b\bin\win32\libmwmfl_rng.dll
0x047e0000 - 0x047e6000 	C:\Program Files (x86)\MATLAB\R2015b\bin\win32\libmwdSFMT.dll
0x093b0000 - 0x0951f000 	C:\Program Files (x86)\MATLAB\R2015b\bin\win32\libmwmathcore.dll
0x7c460000 - 0x7c4b5000 	C:\Program Files (x86)\MATLAB\R2015b\bin\win32\libmwspmatrix.dll
0x7c260000 - 0x7c29a000 	C:\Program Files (x86)\MATLAB\R2015b\bin\win32\mcos.dll
0x7c210000 - 0x7c24c000 	C:\Program Files (x86)\MATLAB\R2015b\bin\win32\libmwcholmod.dll
0x7c200000 - 0x7c20a000 	C:\Program Files (x86)\MATLAB\R2015b\bin\win32\libmwamd.dll
0x7c1f0000 - 0x7c1f9000 	C:\Program Files (x86)\MATLAB\R2015b\bin\win32\libmwcolamd.dll
0x049c0000 - 0x049d2000 	C:\Program Files (x86)\MATLAB\R2015b\bin\win32\libmwblas.dll

VM Arguments:
jvm_args: -Dfile.encoding=UTF-8 -Djava.library.path=/usr/lib/jni 
java_command: Interface.Tomografo
Launcher Type: SUN_STANDARD

Environment Variables:
JAVA_HOME=C:\Program Files\Java\jdk1.7.0_60
PATH=C:\Program Files (x86)\MATLAB\R2015b\bin\win32;C:\Program Files\Java\jdk1.7.0_60\bin;C:\Program Files (x86)\Common Files\Oracle\Java\javapath;C:\ProgramData\Oracle\Java\javapath;C:\Windows\system32;C:\Windows;C:\Windows\System32\Wbem;C:\Windows\System32\WindowsPowerShell\v1.0\;C:\Program Files\MATLAB\R2017b\runtime\win64;C:\Program Files\MATLAB\R2017b\bin;C:\Program Files (x86)\MATLAB\R2015b\runtime\win32;C:\Program Files (x86)\MATLAB\R2015b\bin;C:\Program Files (x86)\MATLAB\R2015b\polyspace\bin;C:\Program Files\MiKTeX 2.9\miktex\bin\x64\;C:\Program Files (x86)\MATLAB\MATLAB Runtime\v90\runtime\win32
USERNAME=Acustic
OS=Windows_NT
PROCESSOR_IDENTIFIER=Intel64 Family 6 Model 58 Stepping 9, GenuineIntel



---------------  S Y S T E M  ---------------

OS: Windows 7 , 64 bit Build 7601 Service Pack 1

CPU:total 8 (4 cores per cpu, 2 threads per core) family 6 model 58 stepping 9, cmov, cx8, fxsr, mmx, sse, sse2, sse3, ssse3, sse4.1, sse4.2, popcnt, avx, aes, erms, ht, tsc, tscinvbit, tscinv

Memory: 4k page, physical 4144268k(716852k free), swap 8286636k(1744600k free)

vm_info: Java HotSpot(TM) Client VM (24.60-b09) for windows-x86 JRE (1.7.0_60-b19), built on May  7 2014 13:09:52 by "java_re" with unknown MS VC++:1600

time: Thu May 30 14:11:47 2019
elapsed time: 18 seconds

